[    0.000000] Linux version 4.15.0-111-generic (buildd@lcy01-amd64-011) (gcc version 7.5.0 (Ubuntu 7.5.0-3ubuntu1~18.04)) #112-Ubuntu SMP Thu Jul 9 20:32:34 UTC 2020 (Ubuntu 4.15.0-111.112-generic 4.15.18)
[    0.000000] Command line: BOOT_IMAGE=/boot/vmlinuz-4.15.0-111-generic root=LABEL=cloudimg-rootfs ro console=tty1 console=ttyS0
[    0.000000] KERNEL supported cpus:
[    0.000000]   Intel GenuineIntel
[    0.000000]   AMD AuthenticAMD
[    0.000000]   Centaur CentaurHauls
[    0.000000] x86/fpu: Supporting XSAVE feature 0x001: 'x87 floating point registers'
[    0.000000] x86/fpu: Supporting XSAVE feature 0x002: 'SSE registers'
[    0.000000] x86/fpu: Supporting XSAVE feature 0x004: 'AVX registers'
[    0.000000] x86/fpu: xstate_offset[2]:  576, xstate_sizes[2]:  256
[    0.000000] x86/fpu: Enabled xstate features 0x7, context size is 832 bytes, using 'standard' format.
[    0.000000] e820: BIOS-provided physical RAM map:
[    0.000000] BIOS-e820: [mem 0x0000000000000000-0x000000000009fbff] usable
[    0.000000] BIOS-e820: [mem 0x000000000009fc00-0x000000000009ffff] reserved
[    0.000000] BIOS-e820: [mem 0x00000000000f0000-0x00000000000fffff] reserved
[    0.000000] BIOS-e820: [mem 0x0000000000100000-0x00000000dffeffff] usable
[    0.000000] BIOS-e820: [mem 0x00000000dfff0000-0x00000000dfffffff] ACPI data
[    0.000000] BIOS-e820: [mem 0x00000000fec00000-0x00000000fec00fff] reserved
[    0.000000] BIOS-e820: [mem 0x00000000fee00000-0x00000000fee00fff] reserved
[    0.000000] BIOS-e820: [mem 0x00000000fffc0000-0x00000000ffffffff] reserved
[    0.000000] BIOS-e820: [mem 0x0000000100000000-0x000000021fffffff] usable
[    0.000000] NX (Execute Disable) protection: active
[    0.000000] SMBIOS 2.5 present.
[    0.000000] DMI: innotek GmbH VirtualBox/VirtualBox, BIOS VirtualBox 12/01/2006
[    0.000000] Hypervisor detected: KVM
[    0.000000] e820: last_pfn = 0x220000 max_arch_pfn = 0x400000000
[    0.000000] MTRR: Disabled
[    0.000000] x86/PAT: MTRRs disabled, skipping PAT initialization too.
[    0.000000] CPU MTRRs all blank - virtualized system.
[    0.000000] x86/PAT: Configuration [0-7]: WB  WT  UC- UC  WB  WT  UC- UC  
[    0.000000] e820: last_pfn = 0xdfff0 max_arch_pfn = 0x400000000
[    0.000000] found SMP MP-table at [mem 0x0009fff0-0x0009ffff]
[    0.000000] Scanning 1 areas for low memory corruption
[    0.000000] RAMDISK: [mem 0x35a67000-0x36d2afff]
[    0.000000] ACPI: Early table checksum verification disabled
[    0.000000] ACPI: RSDP 0x00000000000E0000 000024 (v02 VBOX  )
[    0.000000] ACPI: XSDT 0x00000000DFFF0030 00003C (v01 VBOX   VBOXXSDT 00000001 ASL  00000061)
[    0.000000] ACPI: FACP 0x00000000DFFF00F0 0000F4 (v04 VBOX   VBOXFACP 00000001 ASL  00000061)
[    0.000000] ACPI: DSDT 0x00000000DFFF0470 002325 (v02 VBOX   VBOXBIOS 00000002 INTL 20100528)
[    0.000000] ACPI: FACS 0x00000000DFFF0200 000040
[    0.000000] ACPI: FACS 0x00000000DFFF0200 000040
[    0.000000] ACPI: APIC 0x00000000DFFF0240 00005C (v02 VBOX   VBOXAPIC 00000001 ASL  00000061)
[    0.000000] ACPI: SSDT 0x00000000DFFF02A0 0001CC (v01 VBOX   VBOXCPUT 00000002 INTL 20100528)
[    0.000000] No NUMA configuration found
[    0.000000] Faking a node at [mem 0x0000000000000000-0x000000021fffffff]
[    0.000000] NODE_DATA(0) allocated [mem 0x21ffd1000-0x21fffbfff]
[    0.000000] kvm-clock: cpu 0, msr 2:1ff50001, primary cpu clock
[    0.000000] kvm-clock: Using msrs 4b564d01 and 4b564d00
[    0.000000] kvm-clock: using sched offset of 4080136472 cycles
[    0.000000] clocksource: kvm-clock: mask: 0xffffffffffffffff max_cycles: 0x1cd42e4dffb, max_idle_ns: 881590591483 ns
[    0.000000] Zone ranges:
[    0.000000]   DMA      [mem 0x0000000000001000-0x0000000000ffffff]
[    0.000000]   DMA32    [mem 0x0000000001000000-0x00000000ffffffff]
[    0.000000]   Normal   [mem 0x0000000100000000-0x000000021fffffff]
[    0.000000]   Device   empty
[    0.000000] Movable zone start for each node
[    0.000000] Early memory node ranges
[    0.000000]   node   0: [mem 0x0000000000001000-0x000000000009efff]
[    0.000000]   node   0: [mem 0x0000000000100000-0x00000000dffeffff]
[    0.000000]   node   0: [mem 0x0000000100000000-0x000000021fffffff]
[    0.000000] Reserved but unavailable: 98 pages
[    0.000000] Initmem setup node 0 [mem 0x0000000000001000-0x000000021fffffff]
[    0.000000] ACPI: PM-Timer IO Port: 0x4008
[    0.000000] IOAPIC[0]: apic_id 2, version 32, address 0xfec00000, GSI 0-23
[    0.000000] ACPI: INT_SRC_OVR (bus 0 bus_irq 0 global_irq 2 dfl dfl)
[    0.000000] ACPI: INT_SRC_OVR (bus 0 bus_irq 9 global_irq 9 low level)
[    0.000000] Using ACPI (MADT) for SMP configuration information
[    0.000000] smpboot: Allowing 2 CPUs, 0 hotplug CPUs
[    0.000000] PM: Registered nosave memory: [mem 0x00000000-0x00000fff]
[    0.000000] PM: Registered nosave memory: [mem 0x0009f000-0x0009ffff]
[    0.000000] PM: Registered nosave memory: [mem 0x000a0000-0x000effff]
[    0.000000] PM: Registered nosave memory: [mem 0x000f0000-0x000fffff]
[    0.000000] PM: Registered nosave memory: [mem 0xdfff0000-0xdfffffff]
[    0.000000] PM: Registered nosave memory: [mem 0xe0000000-0xfebfffff]
[    0.000000] PM: Registered nosave memory: [mem 0xfec00000-0xfec00fff]
[    0.000000] PM: Registered nosave memory: [mem 0xfec01000-0xfedfffff]
[    0.000000] PM: Registered nosave memory: [mem 0xfee00000-0xfee00fff]
[    0.000000] PM: Registered nosave memory: [mem 0xfee01000-0xfffbffff]
[    0.000000] PM: Registered nosave memory: [mem 0xfffc0000-0xffffffff]
[    0.000000] e820: [mem 0xe0000000-0xfebfffff] available for PCI devices
[    0.000000] Booting paravirtualized kernel on KVM
[    0.000000] clocksource: refined-jiffies: mask: 0xffffffff max_cycles: 0xffffffff, max_idle_ns: 7645519600211568 ns
[    0.000000] random: get_random_bytes called from start_kernel+0x99/0x500 with crng_init=0
[    0.000000] setup_percpu: NR_CPUS:8192 nr_cpumask_bits:2 nr_cpu_ids:2 nr_node_ids:1
[    0.000000] percpu: Embedded 45 pages/cpu s147456 r8192 d28672 u1048576
[    0.000000] PV qspinlock hash table entries: 256 (order: 0, 4096 bytes)
[    0.000000] Built 1 zonelists, mobility grouping on.  Total pages: 2064249
[    0.000000] Policy zone: Normal
[    0.000000] Kernel command line: BOOT_IMAGE=/boot/vmlinuz-4.15.0-111-generic root=LABEL=cloudimg-rootfs ro console=tty1 console=ttyS0
[    0.000000] Memory: 8142412K/8388152K available (12300K kernel code, 2481K rwdata, 4272K rodata, 2436K init, 2720K bss, 245740K reserved, 0K cma-reserved)
[    0.000000] SLUB: HWalign=64, Order=0-3, MinObjects=0, CPUs=2, Nodes=1
[    0.000000] Kernel/User page tables isolation: enabled
[    0.000000] ftrace: allocating 39378 entries in 154 pages
[    0.004000] Hierarchical RCU implementation.
[    0.004000] 	RCU restricting CPUs from NR_CPUS=8192 to nr_cpu_ids=2.
[    0.004000] 	Tasks RCU enabled.
[    0.004000] RCU: Adjusting geometry for rcu_fanout_leaf=16, nr_cpu_ids=2
[    0.004000] NR_IRQS: 524544, nr_irqs: 440, preallocated irqs: 16
[    0.004000] Console: colour VGA+ 80x25
[    0.004000] console [tty1] enabled
[    0.004000] console [ttyS0] enabled
[    0.004000] ACPI: Core revision 20170831
[    0.004000] ACPI: 2 ACPI AML tables successfully acquired and loaded
[    0.004000] APIC: Switch to symmetric I/O mode setup
[    0.004000] x2apic enabled
[    0.004000] Switched APIC routing to physical x2apic.
[    0.004000] ..TIMER: vector=0x30 apic1=0 pin1=2 apic2=-1 pin2=-1
[    0.004005] tsc: Detected 2194.918 MHz processor
[    0.005105] Calibrating delay loop (skipped) preset value.. 4389.83 BogoMIPS (lpj=8779672)
[    0.008003] pid_max: default: 32768 minimum: 301
[    0.009190] Security Framework initialized
[    0.010201] Yama: becoming mindful.
[    0.011121] AppArmor: AppArmor initialized
[    0.019208] Dentry cache hash table entries: 1048576 (order: 11, 8388608 bytes)
[    0.024130] Inode-cache hash table entries: 524288 (order: 10, 4194304 bytes)
[    0.026022] Mount-cache hash table entries: 16384 (order: 5, 131072 bytes)
[    0.028016] Mountpoint-cache hash table entries: 16384 (order: 5, 131072 bytes)
[    0.030181] Last level iTLB entries: 4KB 1024, 2MB 1024, 4MB 1024
[    0.031678] Last level dTLB entries: 4KB 1024, 2MB 1024, 4MB 1024, 1GB 4
[    0.032004] Spectre V1 : Mitigation: usercopy/swapgs barriers and __user pointer sanitization
[    0.034076] Spectre V2 : Mitigation: Full generic retpoline
[    0.036002] Spectre V2 : Spectre v2 / SpectreRSB mitigation: Filling RSB on context switch
[    0.037732] Speculative Store Bypass: Vulnerable
[    0.038755] SRBDS: Unknown: Dependent on hypervisor status
[    0.040002] MDS: Mitigation: Clear CPU buffers
[    0.041224] Freeing SMP alternatives memory: 36K
[    0.154024] smpboot: CPU0: Intel(R) Core(TM) i7-4770HQ CPU @ 2.20GHz (family: 0x6, model: 0x46, stepping: 0x1)
[    0.156000] Performance Events: unsupported p6 CPU model 70 no PMU driver, software events only.
[    0.156034] Hierarchical SRCU implementation.
[    0.157767] NMI watchdog: Perf event create on CPU 0 failed with -2
[    0.159235] NMI watchdog: Perf NMI watchdog permanently disabled
[    0.162237] smp: Bringing up secondary CPUs ...
[    0.164124] x86: Booting SMP configuration:
[    0.165030] .... node  #0, CPUs:      #1
[    0.004000] kvm-clock: cpu 1, msr 2:1ff50041, secondary cpu clock
[    0.168031] smp: Brought up 1 node, 2 CPUs
[    0.168869] smpboot: Max logical packages: 1
[    0.169721] smpboot: Total of 2 processors activated (8779.67 BogoMIPS)
[    0.172452] devtmpfs: initialized
[    0.173020] x86/mm: Memory block size: 128MB
[    0.174535] evm: security.selinux
[    0.176003] evm: security.SMACK64
[    0.177140] evm: security.SMACK64EXEC
[    0.178044] evm: security.SMACK64TRANSMUTE
[    0.179019] evm: security.SMACK64MMAP
[    0.180002] evm: security.apparmor
[    0.180721] evm: security.ima
[    0.181379] evm: security.capability
[    0.182172] clocksource: jiffies: mask: 0xffffffff max_cycles: 0xffffffff, max_idle_ns: 7645041785100000 ns
[    0.184012] futex hash table entries: 512 (order: 3, 32768 bytes)
[    0.185302] pinctrl core: initialized pinctrl subsystem
[    0.186460] RTC time:  6:26:47, date: 08/10/20
[    0.188047] NET: Registered protocol family 16
[    0.189086] audit: initializing netlink subsys (disabled)
[    0.190230] audit: type=2000 audit(1597040813.114:1): state=initialized audit_enabled=0 res=1
[    0.192017] cpuidle: using governor ladder
[    0.192930] cpuidle: using governor menu
[    0.193783] ACPI: bus type PCI registered
[    0.194623] acpiphp: ACPI Hot Plug PCI Controller Driver version: 0.5
[    0.196113] PCI: Using configuration type 1 for base access
[    0.197772] HugeTLB registered 2.00 MiB page size, pre-allocated 0 pages
[    0.200079] ACPI: Added _OSI(Module Device)
[    0.200995] ACPI: Added _OSI(Processor Device)
[    0.201930] ACPI: Added _OSI(3.0 _SCP Extensions)
[    0.204003] ACPI: Added _OSI(Processor Aggregator Device)
[    0.205119] ACPI: Added _OSI(Linux-Dell-Video)
[    0.206068] ACPI: Added _OSI(Linux-Lenovo-NV-HDMI-Audio)
[    0.208011] ACPI: Added _OSI(Linux-HPI-Hybrid-Graphics)
[    0.209624] ACPI: Executed 1 blocks of module-level executable AML code
[    0.213819] ACPI: Interpreter enabled
[    0.214679] ACPI: (supports S0 S5)
[    0.215410] ACPI: Using IOAPIC for interrupt routing
[    0.216202] PCI: Using host bridge windows from ACPI; if necessary, use "pci=nocrs" and report a bug
[    0.218355] ACPI: Enabled 2 GPEs in block 00 to 07
[    0.226387] ACPI: PCI Root Bridge [PCI0] (domain 0000 [bus 00-ff])
[    0.228008] acpi PNP0A03:00: _OSC: OS supports [ASPM ClockPM Segments MSI]
[    0.230021] acpi PNP0A03:00: _OSC: not requesting OS control; OS requires [ExtendedConfig ASPM ClockPM MSI]
[    0.232011] acpi PNP0A03:00: fail to add MMCONFIG information, can't access extended PCI configuration space under this bridge.
[    0.235403] PCI host bridge to bus 0000:00
[    0.236005] pci_bus 0000:00: root bus resource [io  0x0000-0x0cf7 window]
[    0.237609] pci_bus 0000:00: root bus resource [io  0x0d00-0xffff window]
[    0.238917] pci_bus 0000:00: root bus resource [mem 0x000a0000-0x000bffff window]
[    0.240006] pci_bus 0000:00: root bus resource [mem 0xe0000000-0xfdffffff window]
[    0.241688] pci_bus 0000:00: root bus resource [bus 00-ff]
[    0.246672] pci 0000:00:01.1: legacy IDE quirk: reg 0x10: [io  0x01f0-0x01f7]
[    0.248000] pci 0000:00:01.1: legacy IDE quirk: reg 0x14: [io  0x03f6]
[    0.248002] pci 0000:00:01.1: legacy IDE quirk: reg 0x18: [io  0x0170-0x0177]
[    0.249500] pci 0000:00:01.1: legacy IDE quirk: reg 0x1c: [io  0x0376]
[    0.316118] pci 0000:00:07.0: quirk: [io  0x4000-0x403f] claimed by PIIX4 ACPI
[    0.317808] pci 0000:00:07.0: quirk: [io  0x4100-0x410f] claimed by PIIX4 SMB
[    0.358295] ACPI: PCI Interrupt Link [LNKA] (IRQs 5 9 10 *11)
[    0.360292] ACPI: PCI Interrupt Link [LNKB] (IRQs 5 9 *10 11)
[    0.361999] ACPI: PCI Interrupt Link [LNKC] (IRQs 5 *9 10 11)
[    0.364083] ACPI: PCI Interrupt Link [LNKD] (IRQs 5 9 10 *11)
[    0.365839] SCSI subsystem initialized
[    0.366782] pci 0000:00:02.0: vgaarb: setting as boot VGA device
[    0.366782] pci 0000:00:02.0: vgaarb: VGA device added: decodes=io+mem,owns=io+mem,locks=none
[    0.368009] pci 0000:00:02.0: vgaarb: bridge control possible
[    0.369150] vgaarb: loaded
[    0.372028] ACPI: bus type USB registered
[    0.373007] usbcore: registered new interface driver usbfs
[    0.374477] usbcore: registered new interface driver hub
[    0.375622] usbcore: registered new device driver usb
[    0.376063] EDAC MC: Ver: 3.0.0
[    0.377124] PCI: Using ACPI for IRQ routing
[    0.380272] NetLabel: Initializing
[    0.381016] NetLabel:  domain hash size = 128
[    0.382083] NetLabel:  protocols = UNLABELED CIPSOv4 CALIPSO
[    0.383465] NetLabel:  unlabeled traffic allowed by default
[    0.384097] clocksource: Switched to clocksource kvm-clock
[    0.399056] VFS: Disk quotas dquot_6.6.0
[    0.400070] VFS: Dquot-cache hash table entries: 512 (order 0, 4096 bytes)
[    0.401600] AppArmor: AppArmor Filesystem Enabled
[    0.402811] pnp: PnP ACPI init
[    0.405187] pnp: PnP ACPI: found 3 devices
[    0.415550] clocksource: acpi_pm: mask: 0xffffff max_cycles: 0xffffff, max_idle_ns: 2085701024 ns
[    0.417820] NET: Registered protocol family 2
[    0.418868] TCP established hash table entries: 65536 (order: 7, 524288 bytes)
[    0.420605] TCP bind hash table entries: 65536 (order: 8, 1048576 bytes)
[    0.423876] TCP: Hash tables configured (established 65536 bind 65536)
[    0.425553] UDP hash table entries: 4096 (order: 5, 131072 bytes)
[    0.427252] UDP-Lite hash table entries: 4096 (order: 5, 131072 bytes)
[    0.428641] NET: Registered protocol family 1
[    0.429556] pci 0000:00:00.0: Limiting direct PCI/PCI transfers
[    0.430971] pci 0000:00:01.0: Activating ISA DMA hang workarounds
[    0.432267] pci 0000:00:02.0: Video device with shadowed ROM at [mem 0x000c0000-0x000dffff]
[    0.434072] Unpacking initramfs...
[    0.713392] Freeing initrd memory: 19216K
[    0.714878] PCI-DMA: Using software bounce buffering for IO (SWIOTLB)
[    0.716268] software IO TLB: mapped [mem 0xdbff0000-0xdfff0000] (64MB)
[    0.718081] clocksource: tsc: mask: 0xffffffffffffffff max_cycles: 0x1fa37202099, max_idle_ns: 440795206796 ns
[    0.720196] platform rtc_cmos: registered platform RTC device (no PNP device found)
[    0.721886] Scanning for low memory corruption every 60 seconds
[    0.723872] Initialise system trusted keyrings
[    0.724869] Key type blacklist registered
[    0.725824] workingset: timestamp_bits=36 max_order=21 bucket_order=0
[    0.727979] zbud: loaded
[    0.729064] squashfs: version 4.0 (2009/01/31) Phillip Lougher
[    0.730516] fuse init (API version 7.26)
[    0.736127] Key type asymmetric registered
[    0.737196] Asymmetric key parser 'x509' registered
[    0.738506] Block layer SCSI generic (bsg) driver version 0.4 loaded (major 246)
[    0.740389] io scheduler noop registered
[    0.741283] io scheduler deadline registered
[    0.742217] io scheduler cfq registered (default)
[    0.743716] ACPI: AC Adapter [AC] (on-line)
[    0.744695] input: Power Button as /devices/LNXSYSTM:00/LNXPWRBN:00/input/input0
[    0.746287] ACPI: Power Button [PWRF]
[    0.747139] input: Sleep Button as /devices/LNXSYSTM:00/LNXSLPBN:00/input/input1
[    0.748749] ACPI: Sleep Button [SLPF]
[    0.750958] ACPI: Battery Slot [BAT0] (battery present)
[    0.752243] Serial: 8250/16550 driver, 32 ports, IRQ sharing enabled
[    0.774370] 00:02: ttyS0 at I/O 0x3f8 (irq = 4, base_baud = 115200) is a 16550A
[    0.781175] Linux agpgart interface v0.103
[    0.783880] loop: module loaded
[    0.785258] scsi host0: ata_piix
[    0.786215] scsi host1: ata_piix
[    0.786935] ata1: PATA max UDMA/33 cmd 0x1f0 ctl 0x3f6 bmdma 0xd000 irq 14
[    0.788342] ata2: PATA max UDMA/33 cmd 0x170 ctl 0x376 bmdma 0xd008 irq 15
[    0.790292] libphy: Fixed MDIO Bus: probed
[    0.791344] tun: Universal TUN/TAP device driver, 1.6
[    0.792596] PPP generic driver version 2.4.2
[    0.793909] ehci_hcd: USB 2.0 'Enhanced' Host Controller (EHCI) Driver
[    0.795459] ehci-pci: EHCI PCI platform driver
[    0.796646] ehci-platform: EHCI generic platform driver
[    0.797969] ohci_hcd: USB 1.1 'Open' Host Controller (OHCI) Driver
[    0.799359] ohci-pci: OHCI PCI platform driver
[    0.800395] ohci-platform: OHCI generic platform driver
[    0.801515] uhci_hcd: USB Universal Host Controller Interface driver
[    0.802825] i8042: PNP: PS/2 Controller [PNP0303:PS2K,PNP0f03:PS2M] at 0x60,0x64 irq 1,12
[    0.804921] serio: i8042 KBD port at 0x60,0x64 irq 1
[    0.805965] serio: i8042 AUX port at 0x60,0x64 irq 12
[    0.807363] mousedev: PS/2 mouse device common for all mice
[    0.809190] input: AT Translated Set 2 keyboard as /devices/platform/i8042/serio0/input/input2
[    0.811149] rtc_cmos rtc_cmos: rtc core: registered rtc_cmos as rtc0
[    0.812521] rtc_cmos rtc_cmos: alarms up to one day, 114 bytes nvram
[    0.813800] i2c /dev entries driver
[    0.814592] device-mapper: uevent: version 1.0.3
[    0.815632] device-mapper: ioctl: 4.37.0-ioctl (2017-09-20) initialised: dm-devel@redhat.com
[    0.817440] ledtrig-cpu: registered to indicate activity on CPUs
[    0.819149] NET: Registered protocol family 10
[    0.826435] Segment Routing with IPv6
[    0.827319] NET: Registered protocol family 17
[    0.828412] Key type dns_resolver registered
[    0.829589] mce: Using 0 MCE banks
[    0.830326] RAS: Correctable Errors collector initialized.
[    0.831380] sched_clock: Marking stable (829561211, 0)->(1174803574, -345242363)
[    0.833771] registered taskstats version 1
[    0.834616] Loading compiled-in X.509 certificates
[    0.838467] Loaded X.509 cert 'Build time autogenerated kernel key: e7f49a8350fc58df7a2fc42bf39ecd356db1ebb3'
[    0.841014] zswap: loaded using pool lzo/zbud
[    0.845814] Key type big_key registered
[    0.846864] Key type trusted registered
[    0.849383] Key type encrypted registered
[    0.850424] AppArmor: AppArmor sha1 policy hashing enabled
[    0.851612] ima: No TPM chip found, activating TPM-bypass! (rc=-19)
[    0.852910] ima: Allocated hash algorithm: sha1
[    0.853859] evm: HMAC attrs: 0x1
[    0.854903]   Magic number: 0:771:417
[    0.855875] rtc_cmos rtc_cmos: setting system clock to 2020-08-10 06:26:48 UTC (1597040808)
[    0.857811] BIOS EDD facility v0.16 2004-Jun-25, 0 devices found
[    0.859036] EDD information not available.
[    0.973712] Freeing unused kernel image memory: 2436K
[    1.156152] Write protecting the kernel read-only data: 20480k
[    1.158243] Freeing unused kernel image memory: 2008K
[    1.159828] Freeing unused kernel image memory: 1872K
[    1.167189] x86/mm: Checked W+X mappings: passed, no W+X pages found.
[    1.168615] x86/mm: Checking user space page tables
[    1.175879] x86/mm: Checked W+X mappings: passed, no W+X pages found.
Loading, please wait...
starting version 237
[    1.246951] e1000: Intel(R) PRO/1000 Network Driver - version 7.3.21-k8-NAPI
[    1.248495] e1000: Copyright (c) 1999-2006 Intel Corporation.
[    1.257451] Fusion MPT base driver 3.04.20
[    1.258474] Copyright (c) 1999-2008 LSI Corporation
[    1.268836] Fusion MPT SPI Host driver 3.04.20
[    1.272183] AVX2 version of gcm_enc/dec engaged.
[    1.273341] AES CTR mode by8 optimization enabled
[    1.468327] input: ImExPS/2 Generic Explorer Mouse as /devices/platform/i8042/serio1/input/input4
[    1.659616] e1000 0000:00:03.0 eth0: (PCI:33MHz:32-bit) 02:27:36:10:00:0e
[    1.661430] e1000 0000:00:03.0 eth0: Intel(R) PRO/1000 Network Connection
[    1.663823] mptbase: ioc0: Initiating bringup
[    1.760888] ioc0: LSI53C1030 A0: Capabilities={Initiator}
[    2.004467] scsi host2: ioc0: LSI53C1030 A0, FwRev=00000000h, Ports=1, MaxQ=256, IRQ=20
[    2.172805] scsi 2:0:0:0: Direct-Access     VBOX     HARDDISK         1.0  PQ: 0 ANSI: 5
[    2.204491] scsi target2:0:0: Beginning Domain Validation
[    2.209994] scsi target2:0:0: Domain Validation skipping write tests
[    2.211651] scsi target2:0:0: Ending Domain Validation
[    2.222506] scsi target2:0:0: asynchronous
[    2.237875] scsi 2:0:1:0: Direct-Access     VBOX     HARDDISK         1.0  PQ: 0 ANSI: 5
[    2.272858] scsi target2:0:1: Beginning Domain Validation
[    2.284996] random: fast init done
[    2.286715] scsi target2:0:1: Domain Validation skipping write tests
[    2.289138] scsi target2:0:1: Ending Domain Validation
[    2.290932] scsi target2:0:1: asynchronous
[    2.297893] random: systemd-udevd: uninitialized urandom read (16 bytes read)
[    2.300363] random: systemd-udevd: uninitialized urandom read (16 bytes read)
[    2.302331] random: systemd-udevd: uninitialized urandom read (16 bytes read)
[    2.304840] sd 2:0:0:0: Attached scsi generic sg0 type 0
[    2.306836] sd 2:0:1:0: Attached scsi generic sg1 type 0
[    2.309050] sd 2:0:1:0: [sdb] 20480 512-byte logical blocks: (10.5 MB/10.0 MiB)
[    2.312065] sd 2:0:1:0: [sdb] Write Protect is off
[    2.314055] sd 2:0:1:0: [sdb] Incomplete mode parameter data
[    2.315413] sd 2:0:1:0: [sdb] Assuming drive cache: write through
[    2.318161] sd 2:0:0:0: [sda] 20971520 512-byte logical blocks: (10.7 GB/10.0 GiB)
[    2.321806] sd 2:0:1:0: [sdb] Attached SCSI disk
[    2.325279] sd 2:0:0:0: [sda] Write Protect is off
[    2.328114] sd 2:0:0:0: [sda] Incomplete mode parameter data
[    2.329329] sd 2:0:0:0: [sda] Assuming drive cache: write through
[    2.331582]  sda: sda1
[    2.332777] sd 2:0:0:0: [sda] Attached SCSI disk
[    2.746657] e1000 0000:00:08.0 eth1: (PCI:33MHz:32-bit) 08:00:27:36:b0:5c
[    2.748511] e1000 0000:00:08.0 eth1: Intel(R) PRO/1000 Network Connection
[    2.751185] e1000 0000:00:08.0 enp0s8: renamed from eth1
[    2.785016] e1000 0000:00:03.0 enp0s3: renamed from eth0
Begin: Loading essential drivers ... [    4.224180] raid6: sse2x1   gen() 10913 MB/s
[    4.272043] raid6: sse2x1   xor()  7770 MB/s
[    4.320499] raid6: sse2x2   gen() 12354 MB/s
[    4.368186] raid6: sse2x2   xor()  8367 MB/s
[    4.416167] raid6: sse2x4   gen() 14965 MB/s
[    4.464031] raid6: sse2x4   xor()  8885 MB/s
[    4.512090] raid6: avx2x1   gen() 19154 MB/s
[    4.560558] raid6: avx2x1   xor() 13532 MB/s
[    4.608222] raid6: avx2x2   gen() 22955 MB/s
[    4.656147] raid6: avx2x2   xor() 14512 MB/s
[    4.704157] raid6: avx2x4   gen() 26689 MB/s
[    4.752257] raid6: avx2x4   xor() 16615 MB/s
[    4.753252] raid6: using algorithm avx2x4 gen() 26689 MB/s
[    4.754553] raid6: .... xor() 16615 MB/s, rmw enabled
[    4.755812] raid6: using avx2x2 recovery algorithm
[    4.758524] xor: automatically using best checksumming function   avx       
[    4.761533] async_tx: api initialized (async)
done.
Begin: Running /scripts/init-premount ... done.
Begin: Mounting root file system ... Begin: Running /scripts/local-top ... done.
Begin: Running /scripts/local-premount ... [    4.808650] Btrfs loaded, crc32c=crc32c-intel
Scanning for Btrfs filesystems
done.
Warning: fsck not present, so skipping root file system
[    4.845175] EXT4-fs (sda1): mounted filesystem with ordered data mode. Opts: (null)
done.
Begin: Running /scripts/local-bottom ... done.
Begin: Running /scripts/init-bottom ... done.
[    5.004440] ip_tables: (C) 2000-2006 Netfilter Core Team
[    5.022275] systemd[1]: systemd 237 running in system mode. (+PAM +AUDIT +SELINUX +IMA +APPARMOR +SMACK +SYSVINIT +UTMP +LIBCRYPTSETUP +GCRYPT +GNUTLS +ACL +XZ +LZ4 +SECCOMP +BLKID +ELFUTILS +KMOD -IDN2 +IDN -PCRE2 default-hierarchy=hybrid)
[    5.026670] systemd[1]: Detected virtualization oracle.
[    5.027796] systemd[1]: Detected architecture x86-64.

Welcome to [1mUbuntu 18.04.4 LTS[0m!

[    5.036958] systemd[1]: Set hostname to <ubuntu-bionic>.
[    5.316816] systemd[1]: Reached target Swap.
[[0;32m  OK  [0m] Reached target Swap.
[    5.318837] systemd[1]: Set up automount Arbitrary Executable File Formats File System Automount Point.
[[0;32m  OK  [0m] Set up automount Arbitrary Executab…rmats File System Automount Point.
[    5.324857] systemd[1]: Created slice System Slice.
[[0;32m  OK  [0m] Created slice System Slice.
[    5.326776] systemd[1]: Listening on Network Service Netlink Socket.
[[0;32m  OK  [0m] Listening on Network Service Netlink Socket.
[    5.329346] systemd[1]: Listening on Journal Audit Socket.
[[0;32m  OK  [0m] Listening on Journal Audit Socket.
[    5.331210] systemd[1]: Listening on Syslog Socket.
[[0;32m  OK  [0m] Listening on Syslog Socket.
[[0;32m  OK  [0m] Listening on udev Kernel Socket.
[[0;32m  OK  [0m] Listening on Journal Socket.
         Starting Load Kernel Modules...
         Starting Remount Root and Kernel File Systems...
         Mounting Kernel Debug File System...
         Mounting POSIX Message Queue File System...
[    5.358303] Loading iSCSI transport class v2.0-870.
[    5.364944] iscsi: registered transport (tcp)
[[0;32m  OK  [0m] Listening on LVM2 metadata daemon socket.
[[0;32m  OK  [0m] Listening on udev Control Socket.
[[0;32m  OK  [0m] Listening on Journal Socket (/dev/log).
         Starting Journal Service...
         Starting Set the console keyboard layout...
[[0;32m  OK  [0m] Created slice User and Session Slice.
[[0;32m  OK  [0m] Reached target Slices.
[[0;32m  OK  [0m] Listening on Device-mapper event daemon FIFOs.
         Starting udev Coldplug all Devices...
         Mounting Huge Pages File System...
[[0;32m  OK  [0m] Reached target System Time Synchronized.
         Starting Create list of required st…ce nodes for the current kernel...[    5.408581] EXT4-fs (sda1): re-mounted. Opts: (null)

[[0;32m  OK  [0m] Started Forward Password Requests to Wall Directory Watch.
[[0;32m  OK  [0m] Reached target User and Group Name Lookups.
         Starting Uncomplicated firewall...
[[0;32m  OK  [0m] Created slice system-serial\x2dgetty.slice.
         Starting Monitoring of LVM2 mirrors…ng dmeventd or progress polling...
[[0;32m  OK  [0m] Listening on LVM2 poll daemon socket.
[[0;32m  OK  [0m] Listening on /dev/initctl Compatibility Named Pipe.
[[0;32m  OK  [0m] Started Remount Root and Kernel File Systems.
[[0;32m  OK  [0m] Mounted Kernel Debug File System.
[[0;32m  OK  [0m] Mounted POSIX Message Queue File System.
[[0;32m  OK  [0m] Mounted Huge Pages File System.
[    5.442999] iscsi: registered transport (iser)
[[0;32m  OK  [0m] Started Load Kernel Modules.
[[0;32m  OK  [0m] Started Create list of required sta…vice nodes for the current kernel.
[[0;32m  OK  [0m] Started Uncomplicated firewall.
         Starting Create Static Device Nodes in /dev...
         Mounting Kernel Configuration File System...
         Mounting FUSE Control File System...
         Starting Apply Kernel Variables...
         Starting Load/Save Random Seed...
[[0;32m  OK  [0m] Started Journal Service.
[[0;32m  OK  [0m] Started udev Coldplug all Devices.
[[0;32m  OK  [0m] Mounted Kernel Configuration File System.
[[0;32m  OK  [0m] Mounted FUSE Control File System.
[[0;32m  OK  [0m] Started LVM2 metadata daemon.
         Starting Flush Journal to Persistent Storage...
[[0;32m  OK  [0m] Started Create Static Device Nodes in /dev.
         Starting udev Kernel Device Manager...
[[0;32m  OK  [0m] Started Load/Save Random Seed.
[[0;32m  OK  [0m] Started Apply Kernel Variables.
[[0;32m  OK  [0m] Started Monitoring of LVM2 mirrors,…sing dmeventd or progress polling.
[[0;32m  OK  [0m] Started udev Kernel Device Manager.
[[0;32m  OK  [0m] Started Flush Journal to Persistent Storage.
[[0;32m  OK  [0m] Started Set the console keyboard layout.
[[0;32m  OK  [0m] Reached target Local File Systems (Pre).
[[0;32m  OK  [0m] Reached target Local File Systems.
         Starting Tell Plymouth To Write Out Runtime Data...
         Starting Set console font and keymap...
         Starting AppArmor initialization...
         Starting Create Volatile Files and Directories...
         Starting ebtables ruleset management...
[[0;32m  OK  [0m] Started Dispatch Password Requests to Console Directory Watch.
[[0;32m  OK  [0m] Reached target Local Encrypted Volumes.
[[0;32m  OK  [0m] Started Tell Plymouth To Write Out Runtime Data.
[[0;32m  OK  [0m] Started Set console font and keymap.
[[0;32m  OK  [0m] Started Create Volatile Files and Directories.
         Starting Update UTMP about System Boot/Shutdown...
[[0;32m  OK  [0m] Started Update UTMP about System Boot/Shutdown.
[[0;32m  OK  [0m] Started ebtables ruleset management.
[[0;32m  OK  [0m] Found device /dev/ttyS0.
[[0;32m  OK  [0m] Started AppArmor initialization.
[[0;32m  OK  [0m] Listening on Load/Save RF Kill Switch Status /dev/rfkill Watch.
         Starting Load AppArmor profiles managed internally by snapd...
         Starting Initial cloud-init job (pre-networking)...
[[0;32m  OK  [0m] Started Load AppArmor profiles managed internally by snapd.
[    7.149224] cloud-init[537]: Cloud-init v. 20.2-45-g5f7825e2-0ubuntu1~18.04.1 running 'init-local' at Mon, 10 Aug 2020 06:26:54 +0000. Up 6.94 seconds.
[[0;32m  OK  [0m] Started Initial cloud-init job (pre-networking).
[[0;32m  OK  [0m] Reached target Network (Pre).
         Starting Network Service...
[[0;32m  OK  [0m] Started Network Service.
         Starting Wait for Network to be Configured...
         Starting Network Name Resolution...
[[0;32m  OK  [0m] Started Network Name Resolution.
[[0;32m  OK  [0m] Reached target Network.
[[0;32m  OK  [0m] Reached target Host and Network Name Lookups.
[[0;32m  OK  [0m] Started Wait for Network to be Configured.
         Starting Initial cloud-init job (metadata service crawler)...
[    9.589902] cloud-init[664]: Cloud-init v. 20.2-45-g5f7825e2-0ubuntu1~18.04.1 running 'init' at Mon, 10 Aug 2020 06:26:57 +0000. Up 9.45 seconds.
[    9.591724] cloud-init[664]: ci-info: ++++++++++++++++++++++++++++++++++++++Net device info+++++++++++++++++++++++++++++++++++++++
[    9.604331] cloud-init[664]: ci-info: +--------+------+-----------------------------+---------------+--------+-------------------+
[    9.621559] cloud-init[664]: ci-info: | Device |  Up  |           Address           |      Mask     | Scope  |     Hw-Address    |
[    9.636274] cloud-init[664]: ci-info: +--------+------+-----------------------------+---------------+--------+-------------------+
[    9.637937] cloud-init[664]: ci-info: | enp0s3 | True |          10.0.2.15          | 255.255.255.0 | global | 02:27:36:10:00:0e |
[    9.639841] cloud-init[664]: ci-info: | enp0s3 | True |   fe80::27:36ff:fe10:e/64   |       .       |  link  | 02:27:36:10:00:0e |
[    9.641772] cloud-init[664]: ci-info: | enp0s8 | True |        192.168.12.12        | 255.255.255.0 | global | 08:00:27:36:b0:5c |
[    9.656263] cloud-init[664]: ci-info: | enp0s8 | True | fe80::a00:27ff:fe36:b05c/64 |       .       |  link  | 08:00:27:36:b0:5c |
[    9.658144] cloud-init[664]: ci-info: |   lo   | True |          127.0.0.1          |   255.0.0.0   |  host  |         .         |
[    9.659706] cloud-init[664]: ci-info: |   lo   | True |           ::1/128           |       .       |  host  |         .         |
[    9.676380] cloud-init[664]: ci-info: +--------+------+-----------------------------+---------------+--------+-------------------+
[    9.678141] cloud-init[664]: ci-info: +++++++++++++++++++++++++++++Route IPv4 info+++++++++++++++++++++++++++++
[    9.680049] cloud-init[664]: ci-info: +-------+--------------+----------+-----------------+-----------+-------+
[    9.681840] cloud-init[664]: ci-info: | Route | Destination  | Gateway  |     Genmask     | Interface | Flags |
[    9.683849] cloud-init[664]: ci-info: +-------+--------------+----------+-----------------+-----------+-------+
[    9.688293] cloud-init[664]: ci-info: |   0   |   0.0.0.0    | 10.0.2.2 |     0.0.0.0     |   enp0s3  |   UG  |
[    9.689879] cloud-init[664]: ci-info: |   1   |   10.0.2.0   | 0.0.0.0  |  255.255.255.0  |   enp0s3  |   U   |
[    9.700278] cloud-init[664]: ci-info: |   2   |   10.0.2.2   | 0.0.0.0  | 255.255.255.255 |   enp0s3  |   UH  |
[    9.701653] cloud-init[664]: ci-info: |   3   | 192.168.12.0 | 0.0.0.0  |  255.255.255.0  |   enp0s8  |   U   |
[    9.703162] cloud-init[664]: ci-info: +-------+--------------+----------+-----------------+-----------+-------+
[    9.716259] cloud-init[664]: ci-info: +++++++++++++++++++Route IPv6 info+++++++++++++++++++
[    9.717499] cloud-init[664]: ci-info: +-------+-------------+---------+-----------+-------+
[    9.728403] cloud-init[664]: ci-info: | Route | Destination | Gateway | Interface | Flags |
[    9.729698] cloud-init[664]: ci-info: +-------+-------------+---------+-----------+-------+
[    9.731062] cloud-init[664]: ci-info: |   1   |  fe80::/64  |    ::   |   enp0s8  |   U   |
[    9.732223] cloud-init[664]: ci-info: |   2   |  fe80::/64  |    ::   |   enp0s3  |   U   |
[    9.733738] cloud-init[664]: ci-info: |   4   |    local    |    ::   |   enp0s3  |   U   |
[    9.744632] cloud-init[664]: ci-info: |   5   |    local    |    ::   |   enp0s8  |   U   |
[    9.745936] cloud-init[664]: ci-info: |   6   |   ff00::/8  |    ::   |   enp0s8  |   U   |
[    9.747326] cloud-init[664]: ci-info: |   7   |   ff00::/8  |    ::   |   enp0s3  |   U   |
[    9.748477] cloud-init[664]: ci-info: +-------+-------------+---------+-----------+-------+
[[0;32m  OK  [0m] Started Initial cloud-init job (metadata service crawler).
[[0;32m  OK  [0m] Reached target Cloud-config availability.
[[0;32m  OK  [0m] Reached target System Initialization.
[[0;32m  OK  [0m] Started Message of the Day.
[[0;32m  OK  [0m] Started Daily apt download activities.
[[0;32m  OK  [0m] Started Daily Cleanup of Temporary Directories.
[[0;32m  OK  [0m] Started Daily apt upgrade and clean activities.
         Starting LXD - unix socket.
[[0;32m  OK  [0m] Started Discard unused blocks once a week.
[[0;32m  OK  [0m] Started ACPI Events Check.
[[0;32m  OK  [0m] Listening on UUID daemon activation socket.
         Starting Socket activation for snappy daemon.
[[0;32m  OK  [0m] Listening on D-Bus System Message Bus Socket.
[[0;32m  OK  [0m] Listening on Open-iSCSI iscsid Socket.
[[0;32m  OK  [0m] Listening on ACPID Listen Socket.
[[0;32m  OK  [0m] Reached target Timers.
[[0;32m  OK  [0m] Reached target Paths.
[[0;32m  OK  [0m] Reached target Network is Online.
[[0;32m  OK  [0m] Reached target Remote File Systems (Pre).
[[0;32m  OK  [0m] Reached target Remote File Systems.
         Starting Availability of block devices...
[[0;32m  OK  [0m] Listening on LXD - unix socket.
[[0;32m  OK  [0m] Listening on Socket activation for snappy daemon.
[[0;32m  OK  [0m] Started Availability of block devices.
[[0;32m  OK  [0m] Reached target Sockets.
[[0;32m  OK  [0m] Reached target Basic System.
[[0;32m  OK  [0m] Started Deferred execution scheduler.
         Starting Permit User Sessions...
         Starting LXD - container startup/shutdown...
[[0;32m  OK  [0m] Started D-Bus System Message Bus.
         Starting Login Service...
[[0;32m  OK  [0m] Started irqbalance daemon.
         Starting LSB: Record successful boot for GRUB...
         Starting Dispatcher daemon for systemd-networkd...
         Starting LSB: automatic crash report generation...
         Starting Virtualbox guest utils...
         Starting Accounts Service...
         Starting Message of the Day...
         Starting OpenBSD Secure Shell server...
         Starting Discard unused blocks...
         Starting System Logging Service...
         Starting Snap Daemon...
[[0;32m  OK  [0m] Started Regular background program processing daemon.
[[0;32m  OK  [0m] Started FUSE filesystem for LXC.
[[0;32m  OK  [0m] Started System Logging Service.
[[0;32m  OK  [0m] Started Permit User Sessions.
[[0;32m  OK  [0m] Started LXD - container startup/shutdown.
[[0;32m  OK  [0m] Started Discard unused blocks.
[[0;32m  OK  [0m] Started OpenBSD Secure Shell server.
[[0;32m  OK  [0m] Started Dispatcher daemon for systemd-networkd.
[[0;32m  OK  [0m] Started Login Service.
[[0;32m  OK  [0m] Started Unattended Upgrades Shutdown.
         Starting Authorization Manager...
         Starting Hold until boot process finishes up...
         Starting Terminate Plymouth Boot Screen...
[[0;32m  OK  [0m] Started Hold until boot process finishes up.
[[0;32m  OK  [0m] Started Serial Getty on ttyS0.
         Starting Set console scheme...
[[0;32m  OK  [0m] Started Terminate Plymouth Boot Screen.
[[0;32m  OK  [0m] Started LSB: automatic crash report generation.
[[0;32m  OK  [0m] Started Set console scheme.
[[0;32m  OK  [0m] Created slice system-getty.slice.
[[0;32m  OK  [0m] Started Getty on tty1.
[[0;32m  OK  [0m] Reached target Login Prompts.
[[0;32m  OK  [0m] Started LSB: Record successful boot for GRUB.
[[0;32m  OK  [0m] Started Authorization Manager.
[[0;32m  OK  [0m] Started Accounts Service.
[[0;32m  OK  [0m] Started Virtualbox guest utils.
[[0;32m  OK  [0m] Started Snap Daemon.
         Starting Wait until snapd is fully seeded...
[[0;32m  OK  [0m] Started Wait until snapd is fully seeded.
[[0;32m  OK  [0m] Reached target Multi-User System.
[[0;32m  OK  [0m] Reached target Graphical Interface.
         Starting Update UTMP about System Runlevel Changes...
         Starting Apply the settings specified in cloud-config...
[[0;32m  OK  [0m] Started Update UTMP about System Runlevel Changes.
[[0;32m  OK  [0m] Created slice User Slice of vagrant.
[   11.419630] cloud-init[1089]: Cloud-init v. 20.2-45-g5f7825e2-0ubuntu1~18.04.1 running 'modules:config' at Mon, 10 Aug 2020 06:26:58 +0000. Up 11.30 seconds.
         Starting User Manager for UID 1000...
[[0;32m  OK  [0m] Started Session 1 of user vagrant.
[[0;32m  OK  [0m] Started Apply the settings specified in cloud-config.
         Starting Execute cloud user/final scripts...
[[0;32m  OK  [0m] Started User Manager for UID 1000.
[   11.984703] cloud-init[1157]: Cloud-init v. 20.2-45-g5f7825e2-0ubuntu1~18.04.1 running 'modules:final' at Mon, 10 Aug 2020 06:26:59 +0000. Up 11.86 seconds.
[   11.996392] cloud-init[1157]: Cloud-init v. 20.2-45-g5f7825e2-0ubuntu1~18.04.1 finished at Mon, 10 Aug 2020 06:26:59 +0000. Datasource DataSourceNoCloud [seed=/dev/sdb][dsmode=net].  Up 11.97 seconds
[[0;32m  OK  [0m] Started Execute cloud user/final scripts.
         Starting Daily apt download activities...
[[0;32m  OK  [0m] Reached target Cloud-init target.
[[0;32m  OK  [0m] Started Message of the Day.
[[0;32m  OK  [0m] Stopped Wait for Network to be Configured.
         Stopping Network Service...
         Starting Network Service...
[[0;32m  OK  [0m] Started Network Service.
         Stopping User Manager for UID 1000...
[[0;32m  OK  [0m] Stopped User Manager for UID 1000.
[[0;32m  OK  [0m] Removed slice User Slice of vagrant.

Ubuntu 18.04.4 LTS ubuntu-bionic ttyS0

ubuntu-bionic login:          Stopping LSB: automatic crash report generation...
[[0;32m  OK  [0m] Stopped LSB: automatic crash report generation.
         Starting LSB: automatic crash report generation...
[[0;32m  OK  [0m] Started LSB: automatic crash report generation.
         Stopping LSB: Record successful boot for GRUB...
[[0;32m  OK  [0m] Stopped LSB: Record successful boot for GRUB.
         Starting LSB: Record successful boot for GRUB...
[[0;32m  OK  [0m] Started LSB: Record successful boot for GRUB.
         Stopping User Manager for UID 1000...
[[0;32m  OK  [0m] Stopped User Manager for UID 1000.
[[0;32m  OK  [0m] Removed slice User Slice of vagrant.
[[0;32m  OK  [0m] Started Daily apt upgrade and clean activities.
         Stopping User Manager for UID 1000...
         Stopping Session 22 of user vagrant.
[[0;32m  OK  [0m] Stopped target Graphical Interface.
[[0;32m  OK  [0m] Stopped target Timers.
         Stopping Availability of block devices...
[[0;32m  OK  [0m] Closed Load/Save RF Kill Switch Status /dev/rfkill Watch.
[[0;32m  OK  [0m] Stopped target Host and Network Name Lookups.
[[0;32m  OK  [0m] Stopped target Cloud-init target.
[[0;32m  OK  [0m] Stopped Execute cloud user/final scripts.
[[0;32m  OK  [0m] Stopped Apply 
         Stopping Serial Getty on ttyS0...
         Stopping System Logging Service...
         Stopping LXD - container startup/shutdown...
         Stopping LSB: Record successful boot for GRUB...
         Stopping D-Bus System Message Bus...
         Stopping irqbalance daemon...
         Stopping Dispatcher daemon for systemd-networkd...
         Stopping Deferred execution scheduler...
[[0;32m  OK  [0m] Stopped Discard unused blocks once a week.
[[0;32m  OK  [0m] Stopped Daily apt upgrade and clean activities.
[[0;32m  OK  [0m] Stopped Daily apt download activities.
[[0;32m  OK  [0m] Stopped Wait until snapd is fully seeded.
         Stopping LSB: automatic crash report generation...
         Stopping Authorization Manager...
[[0;32m  OK  [0m] Stopped Daily Cleanup of Temporary Directories.
[[0;32m  OK  [0m] Stopped Message of the Day.
[[0;32m  OK  [0m] Stopped target System Time Synchronized.
         Stopping Accounts Service...
         Stopping Getty on tty1...
         Stopping OpenBSD Secure Shell server...
         Stopping FUSE filesystem for LXC...
[[0;32m  OK  [0m] Stopped target Network is Online.
         Stopping Virtualbox guest utils...
         Stopping Regular background program processing daemon...
[[0;32m  OK  [0m] Stopped Deferred execution scheduler.
[[0;32m  OK  [0m] Stopped irqbalance daemon.
[[0;32m  OK  [0m] Stopped Dispatcher daemon for systemd-networkd.
[[0;32m  OK  [0m] Stopped System Logging Service.
[[0;32m  OK  [0m] Unmounted /var/lib/lxcfs.
[[0;32m  OK  [0m] Stopped Accounts Service.
[[0;32m  OK  [0m] Stopped Regular background program processing daemon.
[[0;32m  OK  [0m] Stopped OpenBSD Secure Shell server.
[[0;32m  OK  [0m] Stopped Serial Getty on ttyS0.
[[0;32m  OK  [0m] Stopped Authorization Manager.
[[0;32m  OK  [0m] Stopped Getty on tty1.
[[0;32m  OK  [0m] Stopped User Manager for UID 1000.
[[0;32m  OK  [0m] Stopped Availability of block devices.
[[0;32m  OK  [0m] Stopped D-Bus System Message Bus.
[[0;32m  OK  [0m] Stopped Session 22 of user vagrant.
[[0;32m  OK  [0m] Stopped FUSE filesystem for LXC.
[[0;32m  OK  [0m] Removed slice User Slice of vagrant.
         Stopping Login Service...
[[0;32m  OK  [0m] Removed slice system-getty.slice.
         Stopping Permit User Sessions...
[[0;32m  OK  [0m] Removed slice system-serial\x2dgetty.slice.
[[0;32m  OK  [0m] Stopped LSB: Record successful boot for GRUB.
[[0;32m  OK  [0m] Stopped Permit User Sessions.
[[0;32m  OK  [0m] Stopped target Network.
         Stopping Network Name Resolution...
[[0;32m  OK  [0m] Stopped LXD - container startup/shutdown.
[[0;32m  OK  [0m] Stopped LSB: automatic crash report generation.
[[0;32m  OK  [0m] Stopped Network Name Resolution.
         Stopping Network Service...
[[0;32m  OK  [0m] Stopped target Remote File Systems.
[[0;32m  OK  [0m] Stopped target Remote File Systems (Pre).
[[0;32m  OK  [0m] Stopped Login Service.
[[0;32m  OK  [0m] Stopped target User and Group Name Lookups.
[[0;32m  OK  [0m] Stopped Virtualbox guest utils.
[[0;32m  OK  [0m] Stopped target Basic System.
[[0;32m  OK  [0m] Stopped target Slices.
[[0;32m  OK  [0m] Removed slice User and Session Slice.
[[0;32m  OK  [0m] Stopped target Sockets.
[[0;32m  OK  [0m] Closed D-Bus System Message Bus Socket.
[[0;32m  OK  [0m] Closed Syslog Socket.
[[0;32m  OK  [0m] Closed Open-iSCSI iscsid Socket.
[[0;32m  OK  [0m] Closed UUID daemon activation socket.
[[0;32m  OK  [0m] Closed Socket activation for snappy daemon.
[[0;32m  OK  [0m] Closed LXD - unix socket.
[[0;32m  OK  [0m] Closed ACPID Listen Socket.
[[0;32m  OK  [0m] Stopped target Paths.
[[0;32m  OK  [0m] Stopped ACPI Events Check.
[[0;32m  OK  [0m] Stopped target System Initialization.
[[0;32m  OK  [0m] Stopped target Local Encrypted Volumes.
[[0;32m  OK  [0m] Stopped Forward Password Requests to Wall Directory Watch.
[[0;32m  OK  [0m] Stopped Dispatch Password Requests to Console Directory Watch.
         Stopping Update UTMP about System Boot/Shutdown...
         Stopping Load/Save Random Seed...
[[0;32m  OK  [0m] Stopped Initial cloud-init job (metadata service crawler).
[[0;32m  OK  [0m] Stopped Network Service.
[[0;32m  OK  [0m] Stopped Apply Kernel Variables.
[[0;32m  OK  [0m] Stopped Load Kernel Modules.
[[0;32m  OK  [0m] Stopped target Network (Pre).
[[0;32m  OK  [0m] Stopped Initial cloud-init job (pre-networking).
[[0;32m  OK  [0m] Stopped Load/Save Random Seed.
[[0;32m  OK  [0m] Stopped Update UTMP about System Boot/Shutdown.
[[0;32m  OK  [0m] Stopped Create Volatile Files and Directories.
[[0;32m  OK  [0m] Stopped target Local File Systems.
         Unmounting /run/user/1000...
         Unmounting /vagrant...
[[0;32m  OK  [0m] Unmounted /run/user/1000.
[[0;32m  OK  [0m] Unmounted /vagrant.
[[0;32m  OK  [0m] Reached target Unmount All Filesystems.
[[0;32m  OK  [0m] Stopped target Swap.
[[0;32m  OK  [0m] Stopped target Local File Systems (Pre).
         Stopping Monitoring of LVM2 mirrors…ng dmeventd or progress polling...
[[0;32m  OK  [0m] Stopped Create Static Device Nodes in /dev.
[[0;32m  OK  [0m] Stopped Remount Root and Kernel File Systems.
[[0;32m  OK  [0m] Reached target Shutdown.
[[0;32m  OK  [0m] Reached target Final Step.
         Starting Power-Off...
[58468.544382] reboot: Power down
