[    0.000000] Linux version 4.15.0-111-generic (buildd@lcy01-amd64-011) (gcc version 7.5.0 (Ubuntu 7.5.0-3ubuntu1~18.04)) #112-Ubuntu SMP Thu Jul 9 20:32:34 UTC 2020 (Ubuntu 4.15.0-111.112-generic 4.15.18)
[    0.000000] Command line: BOOT_IMAGE=/boot/vmlinuz-4.15.0-111-generic root=LABEL=cloudimg-rootfs ro console=tty1 console=ttyS0
[    0.000000] KERNEL supported cpus:
[    0.000000]   Intel GenuineIntel
[    0.000000]   AMD AuthenticAMD
[    0.000000]   Centaur CentaurHauls
[    0.000000] x86/fpu: Supporting XSAVE feature 0x001: 'x87 floating point registers'
[    0.000000] x86/fpu: Supporting XSAVE feature 0x002: 'SSE registers'
[    0.000000] x86/fpu: Supporting XSAVE feature 0x004: 'AVX registers'
[    0.000000] x86/fpu: xstate_offset[2]:  576, xstate_sizes[2]:  256
[    0.000000] x86/fpu: Enabled xstate features 0x7, context size is 832 bytes, using 'standard' format.
[    0.000000] e820: BIOS-provided physical RAM map:
[    0.000000] BIOS-e820: [mem 0x0000000000000000-0x000000000009fbff] usable
[    0.000000] BIOS-e820: [mem 0x000000000009fc00-0x000000000009ffff] reserved
[    0.000000] BIOS-e820: [mem 0x00000000000f0000-0x00000000000fffff] reserved
[    0.000000] BIOS-e820: [mem 0x0000000000100000-0x00000000dffeffff] usable
[    0.000000] BIOS-e820: [mem 0x00000000dfff0000-0x00000000dfffffff] ACPI data
[    0.000000] BIOS-e820: [mem 0x00000000fec00000-0x00000000fec00fff] reserved
[    0.000000] BIOS-e820: [mem 0x00000000fee00000-0x00000000fee00fff] reserved
[    0.000000] BIOS-e820: [mem 0x00000000fffc0000-0x00000000ffffffff] reserved
[    0.000000] BIOS-e820: [mem 0x0000000100000000-0x000000021fffffff] usable
[    0.000000] NX (Execute Disable) protection: active
[    0.000000] SMBIOS 2.5 present.
[    0.000000] DMI: innotek GmbH VirtualBox/VirtualBox, BIOS VirtualBox 12/01/2006
[    0.000000] Hypervisor detected: KVM
[    0.000000] e820: last_pfn = 0x220000 max_arch_pfn = 0x400000000
[    0.000000] MTRR: Disabled
[    0.000000] x86/PAT: MTRRs disabled, skipping PAT initialization too.
[    0.000000] CPU MTRRs all blank - virtualized system.
[    0.000000] x86/PAT: Configuration [0-7]: WB  WT  UC- UC  WB  WT  UC- UC  
[    0.000000] e820: last_pfn = 0xdfff0 max_arch_pfn = 0x400000000
[    0.000000] found SMP MP-table at [mem 0x0009fff0-0x0009ffff]
[    0.000000] Scanning 1 areas for low memory corruption
[    0.000000] RAMDISK: [mem 0x35a67000-0x36d2afff]
[    0.000000] ACPI: Early table checksum verification disabled
[    0.000000] ACPI: RSDP 0x00000000000E0000 000024 (v02 VBOX  )
[    0.000000] ACPI: XSDT 0x00000000DFFF0030 00003C (v01 VBOX   VBOXXSDT 00000001 ASL  00000061)
[    0.000000] ACPI: FACP 0x00000000DFFF00F0 0000F4 (v04 VBOX   VBOXFACP 00000001 ASL  00000061)
[    0.000000] ACPI: DSDT 0x00000000DFFF0470 002325 (v02 VBOX   VBOXBIOS 00000002 INTL 20100528)
[    0.000000] ACPI: FACS 0x00000000DFFF0200 000040
[    0.000000] ACPI: FACS 0x00000000DFFF0200 000040
[    0.000000] ACPI: APIC 0x00000000DFFF0240 00005C (v02 VBOX   VBOXAPIC 00000001 ASL  00000061)
[    0.000000] ACPI: SSDT 0x00000000DFFF02A0 0001CC (v01 VBOX   VBOXCPUT 00000002 INTL 20100528)
[    0.000000] No NUMA configuration found
[    0.000000] Faking a node at [mem 0x0000000000000000-0x000000021fffffff]
[    0.000000] NODE_DATA(0) allocated [mem 0x21ffd4000-0x21fffefff]
[    0.000000] kvm-clock: cpu 0, msr 2:1ff53001, primary cpu clock
[    0.000000] kvm-clock: Using msrs 4b564d01 and 4b564d00
[    0.000000] kvm-clock: using sched offset of 3815703924 cycles
[    0.000000] clocksource: kvm-clock: mask: 0xffffffffffffffff max_cycles: 0x1cd42e4dffb, max_idle_ns: 881590591483 ns
[    0.000000] Zone ranges:
[    0.000000]   DMA      [mem 0x0000000000001000-0x0000000000ffffff]
[    0.000000]   DMA32    [mem 0x0000000001000000-0x00000000ffffffff]
[    0.000000]   Normal   [mem 0x0000000100000000-0x000000021fffffff]
[    0.000000]   Device   empty
[    0.000000] Movable zone start for each node
[    0.000000] Early memory node ranges
[    0.000000]   node   0: [mem 0x0000000000001000-0x000000000009efff]
[    0.000000]   node   0: [mem 0x0000000000100000-0x00000000dffeffff]
[    0.000000]   node   0: [mem 0x0000000100000000-0x000000021fffffff]
[    0.000000] Reserved but unavailable: 98 pages
[    0.000000] Initmem setup node 0 [mem 0x0000000000001000-0x000000021fffffff]
[    0.000000] ACPI: PM-Timer IO Port: 0x4008
[    0.000000] IOAPIC[0]: apic_id 2, version 32, address 0xfec00000, GSI 0-23
[    0.000000] ACPI: INT_SRC_OVR (bus 0 bus_irq 0 global_irq 2 dfl dfl)
[    0.000000] ACPI: INT_SRC_OVR (bus 0 bus_irq 9 global_irq 9 low level)
[    0.000000] Using ACPI (MADT) for SMP configuration information
[    0.000000] smpboot: Allowing 2 CPUs, 0 hotplug CPUs
[    0.000000] PM: Registered nosave memory: [mem 0x00000000-0x00000fff]
[    0.000000] PM: Registered nosave memory: [mem 0x0009f000-0x0009ffff]
[    0.000000] PM: Registered nosave memory: [mem 0x000a0000-0x000effff]
[    0.000000] PM: Registered nosave memory: [mem 0x000f0000-0x000fffff]
[    0.000000] PM: Registered nosave memory: [mem 0xdfff0000-0xdfffffff]
[    0.000000] PM: Registered nosave memory: [mem 0xe0000000-0xfebfffff]
[    0.000000] PM: Registered nosave memory: [mem 0xfec00000-0xfec00fff]
[    0.000000] PM: Registered nosave memory: [mem 0xfec01000-0xfedfffff]
[    0.000000] PM: Registered nosave memory: [mem 0xfee00000-0xfee00fff]
[    0.000000] PM: Registered nosave memory: [mem 0xfee01000-0xfffbffff]
[    0.000000] PM: Registered nosave memory: [mem 0xfffc0000-0xffffffff]
[    0.000000] e820: [mem 0xe0000000-0xfebfffff] available for PCI devices
[    0.000000] Booting paravirtualized kernel on KVM
[    0.000000] clocksource: refined-jiffies: mask: 0xffffffff max_cycles: 0xffffffff, max_idle_ns: 7645519600211568 ns
[    0.000000] random: get_random_bytes called from start_kernel+0x99/0x500 with crng_init=0
[    0.000000] setup_percpu: NR_CPUS:8192 nr_cpumask_bits:2 nr_cpu_ids:2 nr_node_ids:1
[    0.000000] percpu: Embedded 45 pages/cpu s147456 r8192 d28672 u1048576
[    0.000000] PV qspinlock hash table entries: 256 (order: 0, 4096 bytes)
[    0.000000] Built 1 zonelists, mobility grouping on.  Total pages: 2064249
[    0.000000] Policy zone: Normal
[    0.000000] Kernel command line: BOOT_IMAGE=/boot/vmlinuz-4.15.0-111-generic root=LABEL=cloudimg-rootfs ro console=tty1 console=ttyS0
[    0.000000] Memory: 8142424K/8388152K available (12300K kernel code, 2481K rwdata, 4272K rodata, 2436K init, 2720K bss, 245728K reserved, 0K cma-reserved)
[    0.000000] SLUB: HWalign=64, Order=0-3, MinObjects=0, CPUs=2, Nodes=1
[    0.000000] Kernel/User page tables isolation: enabled
[    0.000000] ftrace: allocating 39378 entries in 154 pages
[    0.004000] Hierarchical RCU implementation.
[    0.004000] 	RCU restricting CPUs from NR_CPUS=8192 to nr_cpu_ids=2.
[    0.004000] 	Tasks RCU enabled.
[    0.004000] RCU: Adjusting geometry for rcu_fanout_leaf=16, nr_cpu_ids=2
[    0.004000] NR_IRQS: 524544, nr_irqs: 440, preallocated irqs: 16
[    0.004000] Console: colour VGA+ 80x25
[    0.004000] console [tty1] enabled
[    0.004000] console [ttyS0] enabled
[    0.004000] ACPI: Core revision 20170831
[    0.004000] ACPI: 2 ACPI AML tables successfully acquired and loaded
[    0.004000] APIC: Switch to symmetric I/O mode setup
[    0.004000] x2apic enabled
[    0.004000] Switched APIC routing to physical x2apic.
[    0.004000] ..TIMER: vector=0x30 apic1=0 pin1=2 apic2=-1 pin2=-1
[    0.004004] tsc: Detected 2194.918 MHz processor
[    0.004954] Calibrating delay loop (skipped) preset value.. 4389.83 BogoMIPS (lpj=8779672)
[    0.005672] pid_max: default: 32768 minimum: 301
[    0.008025] Security Framework initialized
[    0.008879] Yama: becoming mindful.
[    0.009636] AppArmor: AppArmor initialized
[    0.016113] Dentry cache hash table entries: 1048576 (order: 11, 8388608 bytes)
[    0.020000] Inode-cache hash table entries: 524288 (order: 10, 4194304 bytes)
[    0.020027] Mount-cache hash table entries: 16384 (order: 5, 131072 bytes)
[    0.021803] Mountpoint-cache hash table entries: 16384 (order: 5, 131072 bytes)
[    0.024247] Last level iTLB entries: 4KB 1024, 2MB 1024, 4MB 1024
[    0.025498] Last level dTLB entries: 4KB 1024, 2MB 1024, 4MB 1024, 1GB 4
[    0.026851] Spectre V1 : Mitigation: usercopy/swapgs barriers and __user pointer sanitization
[    0.028003] Spectre V2 : Mitigation: Full generic retpoline
[    0.029204] Spectre V2 : Spectre v2 / SpectreRSB mitigation: Filling RSB on context switch
[    0.032002] Speculative Store Bypass: Vulnerable
[    0.032977] SRBDS: Unknown: Dependent on hypervisor status
[    0.034090] MDS: Mitigation: Clear CPU buffers
[    0.035163] Freeing SMP alternatives memory: 36K
[    0.146251] smpboot: CPU0: Intel(R) Core(TM) i7-4770HQ CPU @ 2.20GHz (family: 0x6, model: 0x46, stepping: 0x1)
[    0.148000] Performance Events: unsupported p6 CPU model 70 no PMU driver, software events only.
[    0.148031] Hierarchical SRCU implementation.
[    0.149631] NMI watchdog: Perf event create on CPU 0 failed with -2
[    0.151026] NMI watchdog: Perf NMI watchdog permanently disabled
[    0.153030] smp: Bringing up secondary CPUs ...
[    0.154215] x86: Booting SMP configuration:
[    0.156002] .... node  #0, CPUs:      #1
[    0.004000] kvm-clock: cpu 1, msr 2:1ff53041, secondary cpu clock
[    0.160019] smp: Brought up 1 node, 2 CPUs
[    0.160881] smpboot: Max logical packages: 1
[    0.161881] smpboot: Total of 2 processors activated (8779.67 BogoMIPS)
[    0.164054] devtmpfs: initialized
[    0.164991] x86/mm: Memory block size: 128MB
[    0.166537] evm: security.selinux
[    0.167413] evm: security.SMACK64
[    0.168004] evm: security.SMACK64EXEC
[    0.168983] evm: security.SMACK64TRANSMUTE
[    0.169836] evm: security.SMACK64MMAP
[    0.170603] evm: security.apparmor
[    0.172002] evm: security.ima
[    0.172645] evm: security.capability
[    0.173430] clocksource: jiffies: mask: 0xffffffff max_cycles: 0xffffffff, max_idle_ns: 7645041785100000 ns
[    0.173969] futex hash table entries: 512 (order: 3, 32768 bytes)
[    0.176052] pinctrl core: initialized pinctrl subsystem
[    0.177467] RTC time:  7:17:35, date: 08/08/20
[    0.180073] NET: Registered protocol family 16
[    0.181073] audit: initializing netlink subsys (disabled)
[    0.182193] audit: type=2000 audit(1596871060.340:1): state=initialized audit_enabled=0 res=1
[    0.184013] cpuidle: using governor ladder
[    0.184911] cpuidle: using governor menu
[    0.185768] ACPI: bus type PCI registered
[    0.186613] acpiphp: ACPI Hot Plug PCI Controller Driver version: 0.5
[    0.188079] PCI: Using configuration type 1 for base access
[    0.189261] HugeTLB registered 2.00 MiB page size, pre-allocated 0 pages
[    0.192062] ACPI: Added _OSI(Module Device)
[    0.192961] ACPI: Added _OSI(Processor Device)
[    0.193987] ACPI: Added _OSI(3.0 _SCP Extensions)
[    0.195049] ACPI: Added _OSI(Processor Aggregator Device)
[    0.196004] ACPI: Added _OSI(Linux-Dell-Video)
[    0.196937] ACPI: Added _OSI(Linux-Lenovo-NV-HDMI-Audio)
[    0.198010] ACPI: Added _OSI(Linux-HPI-Hybrid-Graphics)
[    0.199481] ACPI: Executed 1 blocks of module-level executable AML code
[    0.202964] ACPI: Interpreter enabled
[    0.204012] ACPI: (supports S0 S5)
[    0.204826] ACPI: Using IOAPIC for interrupt routing
[    0.206097] PCI: Using host bridge windows from ACPI; if necessary, use "pci=nocrs" and report a bug
[    0.208204] ACPI: Enabled 2 GPEs in block 00 to 07
[    0.216544] ACPI: PCI Root Bridge [PCI0] (domain 0000 [bus 00-ff])
[    0.217968] acpi PNP0A03:00: _OSC: OS supports [ASPM ClockPM Segments MSI]
[    0.220410] acpi PNP0A03:00: _OSC: not requesting OS control; OS requires [ExtendedConfig ASPM ClockPM MSI]
[    0.222527] acpi PNP0A03:00: fail to add MMCONFIG information, can't access extended PCI configuration space under this bridge.
[    0.224508] PCI host bridge to bus 0000:00
[    0.225422] pci_bus 0000:00: root bus resource [io  0x0000-0x0cf7 window]
[    0.228003] pci_bus 0000:00: root bus resource [io  0x0d00-0xffff window]
[    0.229374] pci_bus 0000:00: root bus resource [mem 0x000a0000-0x000bffff window]
[    0.230898] pci_bus 0000:00: root bus resource [mem 0xe0000000-0xfdffffff window]
[    0.232003] pci_bus 0000:00: root bus resource [bus 00-ff]
[    0.236996] pci 0000:00:01.1: legacy IDE quirk: reg 0x10: [io  0x01f0-0x01f7]
[    0.238707] pci 0000:00:01.1: legacy IDE quirk: reg 0x14: [io  0x03f6]
[    0.240000] pci 0000:00:01.1: legacy IDE quirk: reg 0x18: [io  0x0170-0x0177]
[    0.240003] pci 0000:00:01.1: legacy IDE quirk: reg 0x1c: [io  0x0376]
[    0.301870] pci 0000:00:07.0: quirk: [io  0x4000-0x403f] claimed by PIIX4 ACPI
[    0.303433] pci 0000:00:07.0: quirk: [io  0x4100-0x410f] claimed by PIIX4 SMB
[    0.345588] ACPI: PCI Interrupt Link [LNKA] (IRQs 5 9 10 *11)
[    0.347220] ACPI: PCI Interrupt Link [LNKB] (IRQs 5 9 *10 11)
[    0.348155] ACPI: PCI Interrupt Link [LNKC] (IRQs 5 *9 10 11)
[    0.349827] ACPI: PCI Interrupt Link [LNKD] (IRQs 5 9 10 *11)
[    0.351402] SCSI subsystem initialized
[    0.352035] pci 0000:00:02.0: vgaarb: setting as boot VGA device
[    0.353382] pci 0000:00:02.0: vgaarb: VGA device added: decodes=io+mem,owns=io+mem,locks=none
[    0.356005] pci 0000:00:02.0: vgaarb: bridge control possible
[    0.357250] vgaarb: loaded
[    0.357882] ACPI: bus type USB registered
[    0.358784] usbcore: registered new interface driver usbfs
[    0.360013] usbcore: registered new interface driver hub
[    0.361254] usbcore: registered new device driver usb
[    0.362422] EDAC MC: Ver: 3.0.0
[    0.362422] PCI: Using ACPI for IRQ routing
[    0.364376] NetLabel: Initializing
[    0.365564] NetLabel:  domain hash size = 128
[    0.366834] NetLabel:  protocols = UNLABELED CIPSOv4 CALIPSO
[    0.368020] NetLabel:  unlabeled traffic allowed by default
[    0.369170] clocksource: Switched to clocksource kvm-clock
[    0.381394] VFS: Disk quotas dquot_6.6.0
[    0.382340] VFS: Dquot-cache hash table entries: 512 (order 0, 4096 bytes)
[    0.383833] AppArmor: AppArmor Filesystem Enabled
[    0.384910] pnp: PnP ACPI init
[    0.386940] pnp: PnP ACPI: found 3 devices
[    0.396281] clocksource: acpi_pm: mask: 0xffffff max_cycles: 0xffffff, max_idle_ns: 2085701024 ns
[    0.398240] NET: Registered protocol family 2
[    0.399303] TCP established hash table entries: 65536 (order: 7, 524288 bytes)
[    0.401201] TCP bind hash table entries: 65536 (order: 8, 1048576 bytes)
[    0.403678] TCP: Hash tables configured (established 65536 bind 65536)
[    0.405040] UDP hash table entries: 4096 (order: 5, 131072 bytes)
[    0.406282] UDP-Lite hash table entries: 4096 (order: 5, 131072 bytes)
[    0.407613] NET: Registered protocol family 1
[    0.408544] pci 0000:00:00.0: Limiting direct PCI/PCI transfers
[    0.409965] pci 0000:00:01.0: Activating ISA DMA hang workarounds
[    0.411421] pci 0000:00:02.0: Video device with shadowed ROM at [mem 0x000c0000-0x000dffff]
[    0.413296] Unpacking initramfs...
[    0.658463] Freeing initrd memory: 19216K
[    0.659516] PCI-DMA: Using software bounce buffering for IO (SWIOTLB)
[    0.661209] software IO TLB: mapped [mem 0xdbff0000-0xdfff0000] (64MB)
[    0.662517] clocksource: tsc: mask: 0xffffffffffffffff max_cycles: 0x1fa37202099, max_idle_ns: 440795206796 ns
[    0.664787] platform rtc_cmos: registered platform RTC device (no PNP device found)
[    0.666548] Scanning for low memory corruption every 60 seconds
[    0.668490] Initialise system trusted keyrings
[    0.669402] Key type blacklist registered
[    0.670386] workingset: timestamp_bits=36 max_order=21 bucket_order=0
[    0.672514] zbud: loaded
[    0.673598] squashfs: version 4.0 (2009/01/31) Phillip Lougher
[    0.675017] fuse init (API version 7.26)
[    0.680122] Key type asymmetric registered
[    0.681177] Asymmetric key parser 'x509' registered
[    0.682353] Block layer SCSI generic (bsg) driver version 0.4 loaded (major 246)
[    0.683948] io scheduler noop registered
[    0.684876] io scheduler deadline registered
[    0.685791] io scheduler cfq registered (default)
[    0.687244] ACPI: AC Adapter [AC] (on-line)
[    0.688205] input: Power Button as /devices/LNXSYSTM:00/LNXPWRBN:00/input/input0
[    0.689788] ACPI: Power Button [PWRF]
[    0.690641] input: Sleep Button as /devices/LNXSYSTM:00/LNXSLPBN:00/input/input1
[    0.692217] ACPI: Sleep Button [SLPF]
[    0.694374] ACPI: Battery Slot [BAT0] (battery present)
[    0.695639] Serial: 8250/16550 driver, 32 ports, IRQ sharing enabled
[    0.718205] 00:02: ttyS0 at I/O 0x3f8 (irq = 4, base_baud = 115200) is a 16550A
[    0.722793] Linux agpgart interface v0.103
[    0.725226] loop: module loaded
[    0.726666] scsi host0: ata_piix
[    0.727618] scsi host1: ata_piix
[    0.728386] ata1: PATA max UDMA/33 cmd 0x1f0 ctl 0x3f6 bmdma 0xd000 irq 14
[    0.729806] ata2: PATA max UDMA/33 cmd 0x170 ctl 0x376 bmdma 0xd008 irq 15
[    0.731280] libphy: Fixed MDIO Bus: probed
[    0.732224] tun: Universal TUN/TAP device driver, 1.6
[    0.733409] PPP generic driver version 2.4.2
[    0.734441] ehci_hcd: USB 2.0 'Enhanced' Host Controller (EHCI) Driver
[    0.735732] ehci-pci: EHCI PCI platform driver
[    0.736736] ehci-platform: EHCI generic platform driver
[    0.737785] ohci_hcd: USB 1.1 'Open' Host Controller (OHCI) Driver
[    0.738998] ohci-pci: OHCI PCI platform driver
[    0.739901] ohci-platform: OHCI generic platform driver
[    0.741023] uhci_hcd: USB Universal Host Controller Interface driver
[    0.742354] i8042: PNP: PS/2 Controller [PNP0303:PS2K,PNP0f03:PS2M] at 0x60,0x64 irq 1,12
[    0.744813] serio: i8042 KBD port at 0x60,0x64 irq 1
[    0.745972] serio: i8042 AUX port at 0x60,0x64 irq 12
[    0.747429] mousedev: PS/2 mouse device common for all mice
[    0.749666] rtc_cmos rtc_cmos: rtc core: registered rtc_cmos as rtc0
[    0.751158] input: AT Translated Set 2 keyboard as /devices/platform/i8042/serio0/input/input2
[    0.752191] rtc_cmos rtc_cmos: alarms up to one day, 114 bytes nvram
[    0.754493] i2c /dev entries driver
[    0.755296] device-mapper: uevent: version 1.0.3
[    0.756348] device-mapper: ioctl: 4.37.0-ioctl (2017-09-20) initialised: dm-devel@redhat.com
[    0.758184] ledtrig-cpu: registered to indicate activity on CPUs
[    0.759797] NET: Registered protocol family 10
[    0.764856] Segment Routing with IPv6
[    0.765738] NET: Registered protocol family 17
[    0.767348] Key type dns_resolver registered
[    0.768642] mce: Using 0 MCE banks
[    0.769486] RAS: Correctable Errors collector initialized.
[    0.770751] sched_clock: Marking stable (768574642, 0)->(1079295484, -310720842)
[    0.772704] registered taskstats version 1
[    0.773575] Loading compiled-in X.509 certificates
[    0.777032] Loaded X.509 cert 'Build time autogenerated kernel key: e7f49a8350fc58df7a2fc42bf39ecd356db1ebb3'
[    0.779247] zswap: loaded using pool lzo/zbud
[    0.783556] Key type big_key registered
[    0.784601] Key type trusted registered
[    0.786771] Key type encrypted registered
[    0.787639] AppArmor: AppArmor sha1 policy hashing enabled
[    0.788815] ima: No TPM chip found, activating TPM-bypass! (rc=-19)
[    0.790089] ima: Allocated hash algorithm: sha1
[    0.791042] evm: HMAC attrs: 0x1
[    0.792184]   Magic number: 0:74:268
[    0.792945]   hash matches /build/linux-lF11Cx/linux-4.15.0/drivers/base/power/main.c:1401
[    0.794730] rtc_cmos rtc_cmos: setting system clock to 2020-08-08 07:17:35 UTC (1596871055)
[    0.796667] BIOS EDD facility v0.16 2004-Jun-25, 0 devices found
[    0.797915] EDD information not available.
[    0.933975] Freeing unused kernel image memory: 2436K
[    0.948507] Write protecting the kernel read-only data: 20480k
[    0.950849] Freeing unused kernel image memory: 2008K
[    0.952558] Freeing unused kernel image memory: 1872K
[    0.959549] x86/mm: Checked W+X mappings: passed, no W+X pages found.
[    0.961269] x86/mm: Checking user space page tables
[    0.967587] x86/mm: Checked W+X mappings: passed, no W+X pages found.
Loading, please wait...
starting version 237
[    1.027992] e1000: Intel(R) PRO/1000 Network Driver - version 7.3.21-k8-NAPI
[    1.029745] e1000: Copyright (c) 1999-2006 Intel Corporation.
[    1.033842] Fusion MPT base driver 3.04.20
[    1.034879] Copyright (c) 1999-2008 LSI Corporation
[    1.062676] AVX2 version of gcm_enc/dec engaged.
[    1.063892] AES CTR mode by8 optimization enabled
[    1.071592] Fusion MPT SPI Host driver 3.04.20
[    1.261904] input: ImExPS/2 Generic Explorer Mouse as /devices/platform/i8042/serio1/input/input4
[    1.727630] e1000 0000:00:03.0 eth0: (PCI:33MHz:32-bit) 02:27:36:10:00:0e
[    1.729425] e1000 0000:00:03.0 eth0: Intel(R) PRO/1000 Network Connection
[    1.732216] mptbase: ioc0: Initiating bringup
[    3.784653] ioc0: LSI53C1030 A0: Capabilities={Initiator}
[    6.576903] scsi host2: ioc0: LSI53C1030 A0, FwRev=00000000h, Ports=1, MaxQ=256, IRQ=20
[    7.949233] scsi 2:0:0:0: Direct-Access     VBOX     HARDDISK         1.0  PQ: 0 ANSI: 5
[    7.972066] scsi target2:0:0: Beginning Domain Validation
[    7.975260] scsi target2:0:0: Domain Validation skipping write tests
[    7.976603] scsi target2:0:0: Ending Domain Validation
[    7.977804] scsi target2:0:0: asynchronous
[    7.979541] scsi 2:0:1:0: Direct-Access     VBOX     HARDDISK         1.0  PQ: 0 ANSI: 5
[    8.164091] scsi target2:0:1: Beginning Domain Validation
[    8.167030] random: fast init done
[    8.168177] scsi target2:0:1: Domain Validation skipping write tests
[    8.169533] scsi target2:0:1: Ending Domain Validation
[    8.171454] scsi target2:0:1: asynchronous
[    8.175803] random: systemd-udevd: uninitialized urandom read (16 bytes read)
[    8.177420] random: systemd-udevd: uninitialized urandom read (16 bytes read)
[    8.178912] random: systemd-udevd: uninitialized urandom read (16 bytes read)
[    8.180615] sd 2:0:0:0: Attached scsi generic sg0 type 0
[    8.181912] sd 2:0:0:0: [sda] 20971520 512-byte logical blocks: (10.7 GB/10.0 GiB)
[    8.183586] sd 2:0:0:0: [sda] Write Protect is off
[    8.184765] sd 2:0:1:0: Attached scsi generic sg1 type 0
[    8.185931] sd 2:0:0:0: [sda] Incomplete mode parameter data
[    8.187135] sd 2:0:0:0: [sda] Assuming drive cache: write through
[    8.188524] sd 2:0:1:0: [sdb] 20480 512-byte logical blocks: (10.5 MB/10.0 MiB)
[    8.190233] sd 2:0:1:0: [sdb] Write Protect is off
[    8.191439] sd 2:0:1:0: [sdb] Incomplete mode parameter data
[    8.192677] sd 2:0:1:0: [sdb] Assuming drive cache: write through
[    8.196366]  sda: sda1
[    8.199980] sd 2:0:0:0: [sda] Attached SCSI disk
[    8.204481] sd 2:0:1:0: [sdb] Attached SCSI disk
[    8.361545] e1000 0000:00:08.0 eth1: (PCI:33MHz:32-bit) 08:00:27:06:b3:ea
[    8.363234] e1000 0000:00:08.0 eth1: Intel(R) PRO/1000 Network Connection
[    8.366103] e1000 0000:00:03.0 enp0s3: renamed from eth0
[    8.659167] e1000 0000:00:08.0 enp0s8: renamed from eth1
Begin: Loading essential drivers ... [   10.084564] raid6: sse2x1   gen() 12525 MB/s
[   10.132457] raid6: sse2x1   xor()  7917 MB/s
[   10.185492] raid6: sse2x2   gen() 11989 MB/s
[   10.232022] raid6: sse2x2   xor()  8280 MB/s
[   10.282980] raid6: sse2x4   gen() 15763 MB/s
[   10.328469] raid6: sse2x4   xor()  9956 MB/s
[   10.376858] raid6: avx2x1   gen() 22055 MB/s
[   10.424463] raid6: avx2x1   xor() 14793 MB/s
[   10.472936] raid6: avx2x2   gen() 25474 MB/s
[   10.520438] raid6: avx2x2   xor() 15629 MB/s
[   10.568196] raid6: avx2x4   gen() 27840 MB/s
[   10.620854] raid6: avx2x4   xor() 19027 MB/s
[   10.621946] raid6: using algorithm avx2x4 gen() 27840 MB/s
[   10.623230] raid6: .... xor() 19027 MB/s, rmw enabled
[   10.624328] raid6: using avx2x2 recovery algorithm
[   10.626870] xor: automatically using best checksumming function   avx       
[   10.629766] async_tx: api initialized (async)
done.
Begin: Running /scripts/init-premount ... done.
Begin: Mounting root file system ... Begin: Running /scripts/local-top ... done.
Begin: Running /scripts/local-premount ... [   10.671521] Btrfs loaded, crc32c=crc32c-intel
Scanning for Btrfs filesystems
done.
Warning: fsck not present, so skipping root file system
[   10.701430] EXT4-fs (sda1): INFO: recovery required on readonly filesystem
[   10.702778] EXT4-fs (sda1): write access will be enabled during recovery
[   10.816715] EXT4-fs (sda1): orphan cleanup on readonly fs
[   10.819340] EXT4-fs (sda1): 5 orphan inodes deleted
[   10.820423] EXT4-fs (sda1): recovery complete
[   10.829294] EXT4-fs (sda1): mounted filesystem with ordered data mode. Opts: (null)
done.
Begin: Running /scripts/local-bottom ... done.
Begin: Running /scripts/init-bottom ... done.
[   10.980632] ip_tables: (C) 2000-2006 Netfilter Core Team
[   10.988844] systemd[1]: systemd 237 running in system mode. (+PAM +AUDIT +SELINUX +IMA +APPARMOR +SMACK +SYSVINIT +UTMP +LIBCRYPTSETUP +GCRYPT +GNUTLS +ACL +XZ +LZ4 +SECCOMP +BLKID +ELFUTILS +KMOD -IDN2 +IDN -PCRE2 default-hierarchy=hybrid)
[   10.993106] systemd[1]: Detected virtualization oracle.
[   10.994157] systemd[1]: Detected architecture x86-64.

Welcome to [1mUbuntu 18.04.4 LTS[0m!

[   11.001509] systemd[1]: Set hostname to <ubuntu-bionic>.
[   12.129190] systemd[1]: Set up automount Arbitrary Executable File Formats File System Automount Point.
[[0;32m  OK  [0m] Set up automount Arbitrary Executab…rmats File System Automount Point.
[   12.132516] systemd[1]: Started Forward Password Requests to Wall Directory Watch.
[[0;32m  OK  [0m] Started Forward Password Requests to Wall Directory Watch.
[   12.136731] systemd[1]: Created slice User and Session Slice.
[[0;32m  OK  [0m] Created slice User and Session Slice.
[   12.138934] systemd[1]: Created slice System Slice.
[[0;32m  OK  [0m] Created slice System Slice.
[   12.140879] systemd[1]: Listening on udev Kernel Socket.
[[0;32m  OK  [0m] Listening on udev Kernel Socket.
[   12.143129] systemd[1]: Created slice system-serial\x2dgetty.slice.
[[0;32m  OK  [0m] Created slice system-serial\x2dgetty.slice.
[[0;32m  OK  [0m] Listening on Journal Socket.
         Mounting Kernel Debug File System...
         Mounting Huge Pages File System...
         Starting Create list of required st…ce nodes for the current kernel...
[[0;32m  OK  [0m] Listening on /dev/initctl Compatibility Named Pipe.
[[0;32m  OK  [0m] Listening on Journal Audit Socket.
         Starting Uncomplicated firewall...
[[0;32m  OK  [0m] Created slice system-devstack.slice.
[[0;32m  OK  [0m] Listening on Journal Socket (/dev/log).
         Starting Set the console keyboard layout...
         Starting Remount Root and Kernel File Systems...
[[0;32m  OK  [0m] Reached target Slices.
         Mounting POSIX Message Queue File System...
[[0;32m  OK  [0m] Listening on Device-mapper event daemon FIFOs.
[[0;32m  OK  [0m] Listening on LVM2 poll daemon socket.
[[0;32m  OK  [0m] Listening on udev Control Socket.
[   12.216842] EXT4-fs (sda1): re-mounted. Opts: (null)
         Starting udev Coldplug all Devices...
         Starting Load Kernel Modules...
[[0;32m  OK  [0m] Reached target System Time Synchronized.
[[0;32m  OK  [0m] Reached target User and Group Name Lookups.
[[0;32m  OK  [0m] Listening on LVM2 metadata daemon socket.
         Starting Monitoring of LVM2 mirrors…ng dmeventd or progress polling...
[[0;32m  OK  [0m] Listening on Syslog Socket.
         Starting Journal Service...
[[0;32m  OK  [0m] Listening on Network Service Netlink Socket.
[[0;32m  OK  [0m] Reached target Swap.
[[0;32m  OK  [0m] Mounted Kernel Debug File System.
[   12.267552] Loading iSCSI transport class v2.0-870.
[[0;32m  OK  [0m] Mounted Huge Pages File System.
[[0;32m  OK  [0m] Started Create list of required sta…vice nodes for the current kernel.
[[0;32m  OK  [0m] Started Uncomplicated firewall.
[[0;32m  OK  [0m] Started Remount Root and Kernel File Systems.
[[0;32m  OK  [0m] Mounted POSIX Message Queue File System.
[   12.298805] iscsi: registered transport (tcp)
         Starting Load/Save Random Seed...
         Starting Create Static Device Nodes in /dev...
[[0;32m  OK  [0m] Started udev Coldplug all Devices.
[[0;32m  OK  [0m] Started Journal Service.
         Starting Flush Journal to Persistent Storage...
[[0;32m  OK  [0m] Started LVM2 metadata daemon.
[[0;32m  OK  [0m] Started Create Static Device Nodes in /dev.
         Starting udev Kernel Device Manager...
[[0;32m  OK  [0m] Started Load/Save Random Seed.
[   12.367537] systemd-journald[405]: Received request to flush runtime journal from PID 1
[[0;32m  OK  [0m] Started Set the console keyboard layout.
[   12.381283] iscsi: registered transport (iser)
[[0;32m  OK  [0m] Started Load Kernel Modules.
         Starting Apply Kernel Variables...
         Mounting FUSE Control File System...
         Mounting Kernel Configuration File System...
[[0;32m  OK  [0m] Mounted FUSE Control File System.
[[0;32m  OK  [0m] Mounted Kernel Configuration File System.
[[0;32m  OK  [0m] Started Monitoring of LVM2 mirrors,…sing dmeventd or progress polling.
[[0;32m  OK  [0m] Reached target Local File Systems (Pre).
[[0;32m  OK  [0m] Reached target Local File Systems.
         Starting ebtables ruleset management...
         Starting AppArmor initialization...
         Starting Set console font and keymap...
         Starting Tell Plymouth To Write Out Runtime Data...
[[0;32m  OK  [0m] Started Apply Kernel Variables.
[[0;32m  OK  [0m] Started udev Kernel Device Manager.
[[0;32m  OK  [0m] Started Dispatch Password Requests to Console Directory Watch.
[[0;32m  OK  [0m] Reached target Local Encrypted Volumes.
[[0;32m  OK  [0m] Started Set console font and keymap.
[[0;32m  OK  [0m] Started Tell Plymouth To Write Out Runtime Data.
[[0;32m  OK  [0m] Started ebtables ruleset management.
[[0;32m  OK  [0m] Started Flush Journal to Persistent Storage.
         Starting Create Volatile Files and Directories...
[[0;32m  OK  [0m] Started Create Volatile Files and Directories.
         Starting Update UTMP about System Boot/Shutdown...
[[0;32m  OK  [0m] Started Update UTMP about System Boot/Shutdown.
[[0;32m  OK  [0m] Found device /dev/ttyS0.
[[0;32m  OK  [0m] Listening on Load/Save RF Kill Switch Status /dev/rfkill Watch.
[[0;32m  OK  [0m] Started AppArmor initialization.
         Starting Load AppArmor profiles managed internally by snapd...
         Starting Initial cloud-init job (pre-networking)...
[[0;32m  OK  [0m] Started Load AppArmor profiles managed internally by snapd.
[   14.038820] cloud-init[537]: Cloud-init v. 20.2-45-g5f7825e2-0ubuntu1~18.04.1 running 'init-local' at Sat, 08 Aug 2020 07:17:48 +0000. Up 13.84 seconds.
[[0;32m  OK  [0m] Started Initial cloud-init job (pre-networking).
[[0;32m  OK  [0m] Reached target Network (Pre).
         Starting Network Service...
[[0;32m  OK  [0m] Started Network Service.
         Starting Network Name Resolution...
         Starting Wait for Network to be Configured...
[[0;32m  OK  [0m] Started Network Name Resolution.
[[0;32m  OK  [0m] Reached target Host and Network Name Lookups.
[[0;32m  OK  [0m] Started Wait for Network to be Configured.
         Starting Initial cloud-init job (metadata service crawler)...
[   16.325514] cloud-init[659]: Cloud-init v. 20.2-45-g5f7825e2-0ubuntu1~18.04.1 running 'init' at Sat, 08 Aug 2020 07:17:50 +0000. Up 16.19 seconds.
[   16.336333] cloud-init[659]: ci-info: ++++++++++++++++++++++++++++++++++++++Net device info+++++++++++++++++++++++++++++++++++++++
[   16.338071] cloud-init[659]: ci-info: +--------+------+-----------------------------+---------------+--------+-------------------+
[   16.339633] cloud-init[659]: ci-info: | Device |  Up  |           Address           |      Mask     | Scope  |     Hw-Address    |
[   16.341280] cloud-init[659]: ci-info: +--------+------+-----------------------------+---------------+--------+-------------------+
[   16.342892] cloud-init[659]: ci-info: | enp0s3 | True |          10.0.2.15          | 255.255.255.0 | global | 02:27:36:10:00:0e |
[   16.345002] cloud-init[659]: ci-info: | enp0s3 | True |   fe80::27:36ff:fe10:e/64   |       .       |  link  | 02:27:36:10:00:0e |
[   16.347141] cloud-init[659]: ci-info: | enp0s8 | True |        192.168.12.12        | 255.255.255.0 | global | 08:00:27:06:b3:ea |
[   16.348870] cloud-init[659]: ci-info: | enp0s8 | True | fe80::a00:27ff:fe06:b3ea/64 |       .       |  link  | 08:00:27:06:b3:ea |
[   16.350615] cloud-init[659]: ci-info: |   lo   | True |          127.0.0.1          |   255.0.0.0   |  host  |         .         |
[   16.352615] cloud-init[659]: ci-info: |   lo   | True |           ::1/128           |       .       |  host  |         .         |
[   16.364196] cloud-init[659]: ci-info: +--------+------+-----------------------------+---------------+--------+-------------------+
[   16.365788] cloud-init[659]: ci-info: +++++++++++++++++++++++++++++Route IPv4 info+++++++++++++++++++++++++++++
[   16.367349] cloud-init[659]: ci-info: +-------+--------------+----------+-----------------+-----------+-------+
[   16.369032] cloud-init[659]: ci-info: | Route | Destination  | Gateway  |     Genmask     | Interface | Flags |
[   16.384216] cloud-init[659]: ci-info: +-------+--------------+----------+-----------------+-----------+-------+
[   16.400192] cloud-init[659]: ci-info: |   0   |   0.0.0.0    | 10.0.2.2 |     0.0.0.0     |   enp0s3  |   UG  |
[   16.412315] cloud-init[659]: ci-info: |   1   |   10.0.2.0   | 0.0.0.0  |  255.255.255.0  |   enp0s3  |   U   |
[   16.413868] cloud-init[659]: ci-info: |   2   |   10.0.2.2   | 0.0.0.0  | 255.255.255.255 |   enp0s3  |   UH  |
[   16.415486] cloud-init[659]: ci-info: |   3   | 192.168.12.0 | 0.0.0.0  |  255.255.255.0  |   enp0s8  |   U   |
[   16.428263] cloud-init[659]: ci-info: +-------+--------------+----------+-----------------+-----------+-------+
[   16.429824] cloud-init[659]: ci-info: +++++++++++++++++++Route IPv6 info+++++++++++++++++++
[   16.431138] cloud-init[659]: ci-info: +-------+-------------+---------+-----------+-------+
[   16.432357] cloud-init[659]: ci-info: | Route | Destination | Gateway | Interface | Flags |
[   16.433525] cloud-init[659]: ci-info: +-------+-------------+---------+-----------+-------+
[   16.434467] cloud-init[659]: ci-info: |   1   |  fe80::/64  |    ::   |   enp0s8  |   U   |
[   16.435771] cloud-init[659]: ci-info: |   2   |  fe80::/64  |    ::   |   enp0s3  |   U   |
[   16.436826] cloud-init[659]: ci-info: |   4   |    local    |    ::   |   enp0s3  |   U   |
[   16.437909] cloud-init[659]: ci-info: |   5   |    local    |    ::   |   enp0s8  |   U   |
[   16.439062] cloud-init[659]: ci-info: |   6   |   ff00::/8  |    ::   |   enp0s8  |   U   |
[   16.448279] cloud-init[659]: ci-info: |   7   |   ff00::/8  |    ::   |   enp0s3  |   U   |
[   16.450750] cloud-init[659]: ci-info: +-------+-------------+---------+-----------+-------+
[[0;32m  OK  [0m] Started Initial cloud-init job (metadata service crawler).
[[0;32m  OK  [0m] Reached target Cloud-config availability.
[[0;32m  OK  [0m] Reached target System Initialization.
         Starting Socket activation for snappy daemon.
[[0;32m  OK  [0m] Listening on ACPID Listen Socket.
[[0;32m  OK  [0m] Listening on Open-iSCSI iscsid Socket.
[[0;32m  OK  [0m] Started Daily apt download activities.
[[0;32m  OK  [0m] Started Discard unused blocks once a week.
         Starting LXD - unix socket.
[[0;32m  OK  [0m] Started Daily apt upgrade and clean activities.
[[0;32m  OK  [0m] Started Daily Cleanup of Temporary Directories.
[[0;32m  OK  [0m] Started ACPI Events Check.
[[0;32m  OK  [0m] Reached target Paths.
[[0;32m  OK  [0m] Started Message of the Day.
[[0;32m  OK  [0m] Reached target Timers.
[[0;32m  OK  [0m] Listening on UUID daemon activation socket.
[[0;32m  OK  [0m] Listening on D-Bus System Message Bus Socket.
[[0;32m  OK  [0m] Listening on Socket activation for snappy daemon.
[[0;32m  OK  [0m] Listening on LXD - unix socket.
[[0;32m  OK  [0m] Reached target Sockets.
[[0;32m  OK  [0m] Reached target Basic System.
[[0;32m  OK  [0m] Started Devstack devstack@c-sch.service.
         Starting LXD - container startup/shutdown...
[[0;32m  OK  [0m] Started Devstack devstack@g-api.service.
[[0;32m  OK  [0m] Started Devstack devstack@n-novnc-cell1.service.
[[0;32m  OK  [0m] Started Devstack devstack@q-dhcp.service.
         Starting Conntrack Daemon...
[[0;32m  OK  [0m] Started irqbalance daemon.
         Starting PostgreSQL RDBMS...
         Starting LSB: Record successful boot for GRUB...
[[0;32m  OK  [0m] Started FUSE filesystem for LXC.
[[0;32m  OK  [0m] Started Deferred execution scheduler.
[[0;32m  OK  [0m] Started Devstack devstack@dstat.service.
         Starting Devstack devstack@keystone.service...
         Starting System Logging Service...
         Starting Devstack devstack@n-api.service...
[[0;32m  OK  [0m] Started Devstack devstack@c-vol.service.
[[0;32m  OK  [0m] Started D-Bus System Message Bus.
         Starting Devstack devstack@c-api.service...
[[0;32m  OK  [0m] Started Devstack devstack@n-cond-cell1.service.
[[0;32m  OK  [0m] Started Regular background program processing daemon.
         Starting Accounts Service...
[[0;32m  OK  [0m] Started Devstack devstack@n-super-cond.service.
         Starting Devstack devstack@placement-api.service...
[[0;32m  OK  [0m] Started Devstack devstack@q-meta.service.
         Starting Virtualbox guest utils...
[[0;32m  OK  [0m] Started Devstack devstack@q-agt.service.
         Starting Login Service...
         Starting Dispatcher daemon for systemd-networkd...
[[0;32m  OK  [0m] Started Devstack devstack@q-svc.service.
         Starting Snap Daemon...
[[0;32m  OK  [0m] Started Devstack devstack@n-sch.service.
[[0;32m  OK  [0m] Started Devstack devstack@q-l3.service.
         Starting Open vSwitch Database Unit...
[[0;32m  OK  [0m] Started System Logging Service.
[[0;32m  OK  [0m] Started Conntrack Daemon.
[[0;32m  OK  [0m] Started LXD - container startup/shutdown.
[[0;32m  OK  [0m] Started PostgreSQL RDBMS.
[[0;32m  OK  [0m] Started Login Service.
         Starting Authorization Manager...
[[0;32m  OK  [0m] Started Authorization Manager.
[[0;32m  OK  [0m] Started Accounts Service.
[[0;32m  OK  [0m] Started LSB: Record successful boot for GRUB.
[[0;32m  OK  [0m] Started Virtualbox guest utils.
[[0;32m  OK  [0m] Started Open vSwitch Database Unit.
[[0;32m  OK  [0m] Started Dispatcher daemon for systemd-networkd.
         Starting Open vSwitch Forwarding Unit...
[[0;32m  OK  [0m] Started Snap Daemon.
         Starting Wait until snapd is fully seeded...
[[0;32m  OK  [0m] Started Open vSwitch Forwarding Unit.
         Starting Open vSwitch...
[[0;32m  OK  [0m] Started Open vSwitch.
[[0;32m  OK  [0m] Started Wait until snapd is fully seeded.
[[0;32m  OK  [0m] Reached target Network.
[[0;32m  OK  [0m] Started Unattended Upgrades Shutdown.
         Starting MySQL Community Server...
[[0;32m  OK  [0m] Started memcached daemon.
         Starting HAProxy Load Balancer...
         Starting RabbitMQ Messaging Server...
         Starting Devstack devstack@etcd.service...
         Starting (i)SCSI target daemon...
[[0;32m  OK  [0m] Reached target Network is Online.
         Starting Apply the settings specified in cloud-config...
         Starting OpenBSD Secure Shell server...
         Starting LSB: ipvsadm daemon...
[[0;32m  OK  [0m] Reached target Remote File Systems (Pre).
[[0;32m  OK  [0m] Reached target Remote File Systems.
         Starting LSB: automatic crash report generation...
         Starting Permit User Sessions...
         Starting LSB: Start/stop uWSGI server instance(s)...
         Starting The Apache HTTP Server...
         Starting Availability of block devices...
         Starting Message of the Day...
[[0;32m  OK  [0m] Started Availability of block devices.
[[0;32m  OK  [0m] Started HAProxy Load Balancer.
[[0;32m  OK  [0m] Started Permit User Sessions.
         Starting Terminate Plymouth Boot Screen...
         Starting Hold until boot process finishes up...
[[0;32m  OK  [0m] Started Hold until boot process finishes up.
         Starting Set console scheme...
[[0;32m  OK  [0m] Started Serial Getty on ttyS0.
[[0;32m  OK  [0m] Started Terminate Plymouth Boot Screen.
[[0;32m  OK  [0m] Started LSB: ipvsadm daemon.
[[0;32m  OK  [0m] Started OpenBSD Secure Shell server.
[[0;32m  OK  [0m] Started Set console scheme.
[[0;32m  OK  [0m] Created slice system-getty.slice.
[[0;32m  OK  [0m] Started Getty on tty1.
[[0;32m  OK  [0m] Reached target Login Prompts.
[[0;32m  OK  [0m] Started LSB: automatic crash report generation.
[[0;32m  OK  [0m] Started LSB: Start/stop uWSGI server instance(s).
[[0;32m  OK  [0m] Created slice User Slice of vagrant.
[[0;32m  OK  [0m] Started The Apache HTTP Server.
         Starting User Manager for UID 1000...
[[0;32m  OK  [0m] Started (i)SCSI target daemon.
[[0;32m  OK  [0m] Started Session 1 of user vagrant.
[[0;32m  OK  [0m] Started User Manager for UID 1000.
[   20.220935] cloud-init[1214]: Cloud-init v. 20.2-45-g5f7825e2-0ubuntu1~18.04.1 running 'modules:config' at Sat, 08 Aug 2020 07:17:54 +0000. Up 19.83 seconds.
[[0;32m  OK  [0m] Started Apply the settings specified in cloud-config.
[[0;32m  OK  [0m] Started Devstack devstack@placement-api.service.
[[0;32m  OK  [0m] Started Devstack devstack@c-api.service.
[[0;32m  OK  [0m] Started Devstack devstack@n-api.service.
[[0;32m  OK  [0m] Started Devstack devstack@keystone.service.
[[0;32m  OK  [0m] Started Devstack devstack@etcd.service.
[[0;32m  OK  [0m] Started MySQL Community Server.
[[0;32m  OK  [0m] Started Message of the Day.
[[0;32m  OK  [0m] Stopped Wait for Network to be Configured.
         Stopping Network Service...
[[0;32m  OK  [0m] Stopped Network Service.
         Starting Network Service...

Ubuntu 18.04.4 LTS ubuntu-bionic ttyS0

ubuntu-bionic login: [   29.461874] cloud-init[2525]: Cloud-init v. 20.2-45-g5f7825e2-0ubuntu1~18.04.1 running 'modules:final' at Sat, 08 Aug 2020 07:18:04 +0000. Up 29.34 seconds.
[   29.463928] cloud-init[2525]: Cloud-init v. 20.2-45-g5f7825e2-0ubuntu1~18.04.1 finished at Sat, 08 Aug 2020 07:18:04 +0000. Datasource DataSourceNoCloud [seed=/dev/sdb][dsmode=net].  Up 29.45 seconds
         Stopping Session 12 of user vagrant.
         Stopping LVM2 PV scan on device 8:17...
[[0;32m  OK  [0m] Stopped target Cloud-init target.
[[0;32m  OK  [0m] Closed Load/Save RF Kill Switch Status /dev/rfkill Watch.
         Stopping Authorization Manager...
[[0;32m  OK  [0m] Stopped target Timers.
[[0;32m  OK  [0m] Stopped Discard unused blocks once a week.
[[0;32m  OK  [0m] Stopped Daily Cleanup of Temporary Directories.
[[0;32m  OK  [0m] Stopped Execute cloud user/final scripts.
[[0;32m  OK  [0m] Stopped Daily apt upgrade and clean activities.
         Stopping LVM2 PV scan on device 7:1...
[[0;32m  OK  [0m] Stopped Daily apt download activities.
[[0;32m  OK  [0m] Stopped target Graphical Interface.
         Stopping Accounts Service...
[[0;32m  OK  [0m] Stopped target Multi-User System.
         Stopping HAProxy Load Balancer...
         Stopping (i)SCSI target daemon...
         Stopping FUSE filesystem for LXC...
         Stopping Devstack devstack@q-agt.service...
         Stopping Devstack devstack@c-vol.service...
         Stopping Devstack devstack@n-cond-cell1.service...
         Stopping Devstack devstack@q-l3.service...
         Stopping Devstack devstack@dstat.service...
         Stopping Conntrack Daemon...
         Stopping Devstack devstack@n-sch.service...
         Stopping Devstack devstack@g-api.service...
         Stopping Devstack devstack@q-svc.service...
         Stopping Devstack devstack@n-api.service...
         Stopping Devstack devstack@etcd.service...
[[0;32m  OK  [0m] Stopped target Login Prompts.
         Stopping Getty on tty1...
         Stopping Deferred execution scheduler...
         Stopping RabbitMQ Messaging Server...
         Stopping Regular background program processing daemon...
         Stopping LXD - container startup/shutdown...
         Stopping Devstack devstack@q-meta.service...
         Stopping Devstack devstack@c-sch.service...
         Stopping Dispatcher daemon for systemd-networkd...
         Stopping irqbalance daemon...
         Stopping Devstack devstack@q-dhcp.service...
         Stopping Virtualbox guest utils...
         Stopping LSB: ipvsadm daemon...
         Stopping Devstack devstack@placement-api.service...
         Stopping Devstack devstack@n-super-cond.service...
         Stopping D-Bus System Message Bus...
         Stopping OpenBSD Secure Shell server...
         Stopping MySQL Community Server...
         Stopping LSB: automatic crash report generation...
[[0;32m  OK  [0m] Stopped Message of the Day.
[[0;32m  OK  [0m] Stopped target System Time Synchronized.
         Stopping The Apache HTTP Server...
         Stopping Availability of block devices...
         Stopping LSB: Record successful boot for GRUB...
         Stopping LSB: Start/stop uWSGI server instance(s)...
         Stopping Serial Getty on ttyS0...
         Stopping LVM2 PV scan on device 7:0...
         Stopping User Manager for UID 1000...
         Stopping Devstack devstack@c-api.service...
[[0;32m  OK  [0m] Stopped Apply the settings specified in cloud-config.
[[0;32m  OK  [0m] Stopped Wait until snapd is fully seeded.
[[0;32m  OK  [0m] Stopped target Cloud-config availability.
         Stopping Devstack devstack@keystone.service...
         Stopping Daemon for generating UUIDs...
         Stopping Devstack devstack@n-novnc-cell1.service...
         Stopping memcached daemon...
[[0;32m  OK  [0m] Stopped PostgreSQL RDBMS.
[[0;32m  OK  [0m] Unmounted /var/lib/lxcfs.
[[0;32m  OK  [0m] Stopped irqbalance daemon.
[[0;32m  OK  [0m] Stopped Deferred execution scheduler.
[[0;32m  OK  [0m] Stopped Devstack devstack@dstat.service.
[[0;32m  OK  [0m] Stopped Regular background program processing daemon.
[[0;32m  OK  [0m] Stopped Accounts Service.
[[0;32m  OK  [0m] Stopped Dispatcher daemon for systemd-networkd.
[[0;32m  OK  [0m] Stopped Authorization Manager.
[[0;32m  OK  [0m] Stopped memcached daemon.
[[0;32m  OK  [0m] Stopped Devstack devstack@etcd.service.
[[0;32m  OK  [0m] Stopped HAProxy Load Balancer.
[[0;32m  OK  [0m] Stopped Serial Getty on ttyS0.
[[0;32m  OK  [0m] Stopped OpenBSD Secure Shell server.
[[0;32m  OK  [0m] Stopped Getty on tty1.
[[0;32m  OK  [0m] Stopped Daemon for generating UUIDs.
[[0;32m  OK  [0m] Stopped Conntrack Daemon.
[[0;32m  OK  [0m] Stopped User Manager for UID 1000.
[[0;32m  OK  [0m] Stopped LVM2 PV scan on device 8:17.
[[0;32m  OK  [0m] Stopped LVM2 PV scan on device 7:1.
[[0;32m  OK  [0m] Stopped D-Bus System Message Bus.
[[0;32m  OK  [0m] Stopped FUSE filesystem for LXC.
[[0;32m  OK  [0m] Stopped Session 12 of user vagrant.
[[0;32m  OK  [0m] Stopped LVM2 PV scan on device 7:0.
[[0;32m  OK  [0m] Stopped LXD - container startup/shutdown.
[[0;32m  OK  [0m] Stopped LSB: Record successful boot for GRUB.
[[0;32m  OK  [0m] Removed slice system-lvm2\x2dpvscan.slice.
[[0;32m  OK  [0m] Removed slice User Slice of vagrant.
         Stopping Login Service...
[[0;32m  OK  [0m] Removed slice system-getty.slice.
[[0;32m  OK  [0m] Removed slice system-serial\x2dgetty.slice.
         Stopping Permit User Sessions...
         Stopping System Logging Service...
[[0;32m  OK  [0m] Stopped System Logging Service.
[[0;32m  OK  [0m] Stopped LSB: ipvsadm daemon.
[[0;32m  OK  [0m] Stopped LSB: automatic crash report generation.
[[0;32m  OK  [0m] Stopped Permit User Sessions.
[[0;32m  OK  [0m] Stopped Login Service.
[[0;32m  OK  [0m] Stopped target User and Group Name Lookups.
[[0;32m  OK  [0m] Stopped Virtualbox guest utils.
[[0;32m  OK  [0m] Stopped LSB: Start/stop uWSGI server instance(s).
[[0;32m  OK  [0m] Stopped target Network is Online.
[[0;32m  OK  [0m] Stopped Availability of block devices.
[[0;32m  OK  [0m] Stopped (i)SCSI target daemon.
[[0;32m  OK  [0m] Stopped The Apache HTTP Server.
[[0;32m  OK  [0m] Stopped target Host and Network Name Lookups.
[[0;32m  OK  [0m] Stopped target Remote File Systems.
[[0;32m  OK  [0m] Stopped target Remote File Systems (Pre).
[[0;32m  OK  [0m] Stopped MySQL Community Server.
[[0;32m  OK  [0m] Stopped Devstack devstack@placement-api.service.
[[0;32m  OK  [0m] Stopped Devstack devstack@g-api.service.
[[0;32m  OK  [0m] Stopped Devstack devstack@q-meta.service.
[[0;32m  OK  [0m] Stopped RabbitMQ Messaging Server.
[[0;32m  OK  [0m] Stopped target Network.
         Stopping Network Name Resolution...
         Stopping Open vSwitch...
[[0;32m  OK  [0m] Stopped Open vSwitch.
         Stopping Open vSwitch Forwarding Unit...
[[0;32m  OK  [0m] Stopped Network Name Resolution.
         Stopping Network Service...
[[0;32m  OK  [0m] Stopped Network Service.
[[0;32m  OK  [0m] Stopped Devstack devstack@n-novnc-cell1.service.
[[0;32m  OK  [0m] Stopped Open vSwitch Forwarding Unit.
         Stopping Open vSwitch Database Unit...
[[0;32m  OK  [0m] Stopped Open vSwitch Database Unit.
[[0;32m  OK  [0m] Stopped target Network (Pre).
[[0;32m  OK  [0m] Stopped Devstack devstack@c-vol.service.
[[0;32m  OK  [0m] Stopped Devstack devstack@c-api.service.
[[0;32m  OK  [0m] Stopped Devstack devstack@keystone.service.
[[0;32m  OK  [0m] Stopped Devstack devstack@n-sch.service.
[[0;32m  OK  [0m] Stopped Devstack devstack@c-sch.service.
[[0;32m  OK  [0m] Stopped Devstack devstack@n-super-cond.service.
[[0;32m  OK  [0m] Stopped Devstack devstack@q-agt.service.
[[0;32m  OK  [0m] Stopped Devstack devstack@n-api.service.
[   [0;31m*[0;1;31m*[0m[0;31m*[0m] (1 of 4) A stop job is running for …vstack@q-dhcp.service (11s / 5min)[K[  [0;31m*[0;1;31m*[0m[0;31m* [0m] (1 of 4) A stop job is running for …vstack@q-dhcp.service (11s / 5min)[K[ [0;31m*[0;1;31m*[0m[0;31m*  [0m] (2 of 4) A stop job is running for …@n-cond-cell1.service (12s / 5min)[K[[0;31m*[0;1;31m*[0m[0;31m*   [0m] (2 of 4) A stop job is running for …@n-cond-cell1.service (12s / 5min)[K[[0;1;31m*[0m[0;31m*    [0m] (2 of 4) A stop job is running for …@n-cond-cell1.service (13s / 5min)[K[[0m[0;31m*     [0m] (3 of 4) A stop job is running for …devstack@q-l3.service (13s / 5min)[K[[0;1;31m*[0m[0;31m*    [0m] (3 of 4) A stop job is running for …devstack@q-l3.service (13s / 5min)[K[[0;31m*[0;1;31m*[0m[0;31m*   [0m] (3 of 4) A stop job is running for …devstack@q-l3.service (14s / 5min)[K[ [0;31m*[0;1;31m*[0m[0;31m*  [0m] (4 of 4) A stop job is running for …evstack@q-svc.service (14s / 5min)[K[  [0;31m*[0;1;31m*[0m[0;31m* [0m] (4 of 4) A stop job is running for …evstack@q-svc.service (15s / 5min)[K[   [0;31m*[0;1;31m*[0m[0;31m*[0m] (4 of 4) A stop job is running for …evstack@q-svc.service (15s / 5min)[K[    [0;31m*[0;1;31m*[0m] (1 of 4) A stop job is running for …vstack@q-dhcp.service (16s / 5min)[K[     [0;31m*[0m] (1 of 4) A stop job is running for …vstack@q-dhcp.service (16s / 5min)[K[    [0;31m*[0;1;31m*[0m] (1 of 4) A stop job is running for …vstack@q-dhcp.service (16s / 5min)[K[   [0;31m*[0;1;31m*[0m[0;31m*[0m] (2 of 4) A stop job is running for …@n-cond-cell1.service (17s / 5min)[K[  [0;31m*[0;1;31m*[0m[0;31m* [0m] (2 of 4) A stop job is running for …@n-cond-cell1.service (17s / 5min)[K[ [0;31m*[0;1;31m*[0m[0;31m*  [0m] (2 of 4) A stop job is running for …@n-cond-cell1.service (17s / 5min)[K[[0;31m*[0;1;31m*[0m[0;31m*   [0m] (3 of 4) A stop job is running for …devstack@q-l3.service (18s / 5min)[K[[0;1;31m*[0m[0;31m*    [0m] (3 of 4) A stop job is running for …devstack@q-l3.service (18s / 5min)[K[[0m[0;31m*     [0m] (3 of 4) A stop job is running for …devstack@q-l3.service (19s / 5min)[K[[0;1;31m*[0m[0;31m*    [0m] (4 of 4) A stop job is running for …evstack@q-svc.service (19s / 5min)[K[[0;31m*[0;1;31m*[0m[0;31m*   [0m] (4 of 4) A stop job is running for …evstack@q-svc.service (19s / 5min)[K[ [0;31m*[0;1;31m*[0m[0;31m*  [0m] (4 of 4) A stop job is running for …evstack@q-svc.service (20s / 5min)[K[  [0;31m*[0;1;31m*[0m[0;31m* [0m] (1 of 4) A stop job is running for …vstack@q-dhcp.service (20s / 5min)[K[   [0;31m*[0;1;31m*[0m[0;31m*[0m] (1 of 4) A stop job is running for …vstack@q-dhcp.service (21s / 5min)[K[    [0;31m*[0;1;31m*[0m] (1 of 4) A stop job is running for …vstack@q-dhcp.service (21s / 5min)[K[     [0;31m*[0m] (2 of 4) A stop job is running for …@n-cond-cell1.service (22s / 5min)[K[    [0;31m*[0;1;31m*[0m] (2 of 4) A stop job is running for …@n-cond-cell1.service (22s / 5min)[K[   [0;31m*[0;1;31m*[0m[0;31m*[0m] (2 of 4) A stop job is running for …@n-cond-cell1.service (23s / 5min)[K[  [0;31m*[0;1;31m*[0m[0;31m* [0m] (3 of 4) A stop job is running for …devstack@q-l3.service (23s / 5min)[K[ [0;31m*[0;1;31m*[0m[0;31m*  [0m] (3 of 4) A stop job is running for …devstack@q-l3.service (23s / 5min)[K[[0;31m*[0;1;31m*[0m[0;31m*   [0m] (3 of 4) A stop job is running for …devstack@q-l3.service (24s / 5min)[K[[0;1;31m*[0m[0;31m*    [0m] (4 of 4) A stop job is running for …evstack@q-svc.service (24s / 5min)[K[[0m[0;31m*     [0m] (4 of 4) A stop job is running for …evstack@q-svc.service (25s / 5min)[K[[0;1;31m*[0m[0;31m*    [0m] (4 of 4) A stop job is running for …evstack@q-svc.service (25s / 5min)[K[[0;31m*[0;1;31m*[0m[0;31m*   [0m] (1 of 4) A stop job is running for …vstack@q-dhcp.service (26s / 5min)[K[ [0;31m*[0;1;31m*[0m[0;31m*  [0m] (1 of 4) A stop job is running for …vstack@q-dhcp.service (26s / 5min)[K[  [0;31m*[0;1;31m*[0m[0;31m* [0m] (1 of 4) A stop job is running for …vstack@q-dhcp.service (27s / 5min)[K[   [0;31m*[0;1;31m*[0m[0;31m*[0m] (2 of 4) A stop job is running for …@n-cond-cell1.service (27s / 5min)[K[    [0;31m*[0;1;31m*[0m] (2 of 4) A stop job is running for …@n-cond-cell1.service (27s / 5min)[K[     [0;31m*[0m] (2 of 4) A stop job is running for …@n-cond-cell1.service (28s / 5min)[K[    [0;31m*[0;1;31m*[0m] (3 of 4) A stop job is running for …devstack@q-l3.service (28s / 5min)[K[   [0;31m*[0;1;31m*[0m[0;31m*[0m] (3 of 4) A stop job is running for …devstack@q-l3.service (29s / 5min)[K[  [0;31m*[0;1;31m*[0m[0;31m* [0m] (3 of 4) A stop job is running for …devstack@q-l3.service (29s / 5min)[K[ [0;31m*[0;1;31m*[0m[0;31m*  [0m] (4 of 4) A stop job is running for …evstack@q-svc.service (29s / 5min)[K[[0;31m*[0;1;31m*[0m[0;31m*   [0m] (4 of 4) A stop job is running for …evstack@q-svc.service (30s / 5min)[K[[0;1;31m*[0m[0;31m*    [0m] (4 of 4) A stop job is running for …evstack@q-svc.service (30s / 5min)[K[[0m[0;31m*     [0m] (1 of 4) A stop job is running for …vstack@q-dhcp.service (31s / 5min)[K[[0;1;31m*[0m[0;31m*    [0m] (1 of 4) A stop job is running for …vstack@q-dhcp.service (31s / 5min)[K[[0;31m*[0;1;31m*[0m[0;31m*   [0m] (1 of 4) A stop job is running for …vstack@q-dhcp.service (32s / 5min)[K[ [0;31m*[0;1;31m*[0m[0;31m*  [0m] (2 of 4) A stop job is running for …@n-cond-cell1.service (32s / 5min)[K[  [0;31m*[0;1;31m*[0m[0;31m* [0m] (2 of 4) A stop job is running for …@n-cond-cell1.service (33s / 5min)[K[   [0;31m*[0;1;31m*[0m[0;31m*[0m] (2 of 4) A stop job is running for …@n-cond-cell1.service (33s / 5min)[K[    [0;31m*[0;1;31m*[0m] (3 of 4) A stop job is running for …devstack@q-l3.service (33s / 5min)[K[     [0;31m*[0m] (3 of 4) A stop job is running for …devstack@q-l3.service (34s / 5min)[K[    [0;31m*[0;1;31m*[0m] (3 of 4) A stop job is running for …devstack@q-l3.service (34s / 5min)[K[   [0;31m*[0;1;31m*[0m[0;31m*[0m] (4 of 4) A stop job is running for …evstack@q-svc.service (35s / 5min)[K[  [0;31m*[0;1;31m*[0m[0;31m* [0m] (4 of 4) A stop job is running for …evstack@q-svc.service (35s / 5min)[K[ [0;31m*[0;1;31m*[0m[0;31m*  [0m] (4 of 4) A stop job is running for …evstack@q-svc.service (36s / 5min)[K[[0;31m*[0;1;31m*[0m[0;31m*   [0m] (1 of 4) A stop job is running for …vstack@q-dhcp.service (36s / 5min)[K[[0;1;31m*[0m[0;31m*    [0m] (1 of 4) A stop job is running for …vstack@q-dhcp.service (36s / 5min)[K[[0m[0;31m*     [0m] (1 of 4) A stop job is running for …vstack@q-dhcp.service (37s / 5min)[K[[0;1;31m*[0m[0;31m*    [0m] (2 of 4) A stop job is running for …@n-cond-cell1.service (37s / 5min)[K[[0;31m*[0;1;31m*[0m[0;31m*   [0m] (2 of 4) A stop job is running for …@n-cond-cell1.service (38s / 5min)[K[ [0;31m*[0;1;31m*[0m[0;31m*  [0m] (2 of 4) A stop job is running for …@n-cond-cell1.service (38s / 5min)[K[  [0;31m*[0;1;31m*[0m[0;31m* [0m] (3 of 4) A stop job is running for …devstack@q-l3.service (38s / 5min)[K[   [0;31m*[0;1;31m*[0m[0;31m*[0m] (3 of 4) A stop job is running for …devstack@q-l3.service (39s / 5min)[K[    [0;31m*[0;1;31m*[0m] (3 of 4) A stop job is running for …devstack@q-l3.service (39s / 5min)[K[     [0;31m*[0m] (4 of 4) A stop job is running for …evstack@q-svc.service (40s / 5min)[K[    [0;31m*[0;1;31m*[0m] (4 of 4) A stop job is running for …evstack@q-svc.service (40s / 5min)[K[   [0;31m*[0;1;31m*[0m[0;31m*[0m] (4 of 4) A stop job is running for …evstack@q-svc.service (40s / 5min)[K[  [0;31m*[0;1;31m*[0m[0;31m* [0m] (1 of 4) A stop job is running for …vstack@q-dhcp.service (41s / 5min)[K[ [0;31m*[0;1;31m*[0m[0;31m*  [0m] (1 of 4) A stop job is running for …vstack@q-dhcp.service (41s / 5min)[K[[0;31m*[0;1;31m*[0m[0;31m*   [0m] (1 of 4) A stop job is running for …vstack@q-dhcp.service (42s / 5min)[K[[0;1;31m*[0m[0;31m*    [0m] (2 of 4) A stop job is running for …@n-cond-cell1.service (42s / 5min)[K[[0m[0;31m*     [0m] (2 of 4) A stop job is running for …@n-cond-cell1.service (43s / 5min)[K[[0;1;31m*[0m[0;31m*    [0m] (2 of 4) A stop job is running for …@n-cond-cell1.service (43s / 5min)[K[[0;31m*[0;1;31m*[0m[0;31m*   [0m] (3 of 4) A stop job is running for …devstack@q-l3.service (44s / 5min)[K[ [0;31m*[0;1;31m*[0m[0;31m*  [0m] (3 of 4) A stop job is running for …devstack@q-l3.service (44s / 5min)[K[  [0;31m*[0;1;31m*[0m[0;31m* [0m] (3 of 4) A stop job is running for …devstack@q-l3.service (45s / 5min)[K[   [0;31m*[0;1;31m*[0m[0;31m*[0m] (4 of 4) A stop job is running for …evstack@q-svc.service (45s / 5min)[K[    [0;31m*[0;1;31m*[0m] (4 of 4) A stop job is running for …evstack@q-svc.service (45s / 5min)[K[     [0;31m*[0m] (4 of 4) A stop job is running for …evstack@q-svc.service (46s / 5min)[K[    [0;31m*[0;1;31m*[0m] (1 of 4) A stop job is running for …vstack@q-dhcp.service (46s / 5min)[K[   [0;31m*[0;1;31m*[0m[0;31m*[0m] (1 of 4) A stop job is running for …vstack@q-dhcp.service (47s / 5min)[K[  [0;31m*[0;1;31m*[0m[0;31m* [0m] (1 of 4) A stop job is running for …vstack@q-dhcp.service (47s / 5min)[K[ [0;31m*[0;1;31m*[0m[0;31m*  [0m] (2 of 4) A stop job is running for …@n-cond-cell1.service (47s / 5min)[K[[0;31m*[0;1;31m*[0m[0;31m*   [0m] (2 of 4) A stop job is running for …@n-cond-cell1.service (48s / 5min)[K[[0;1;31m*[0m[0;31m*    [0m] (2 of 4) A stop job is running for …@n-cond-cell1.service (48s / 5min)[K[[0m[0;31m*     [0m] (3 of 4) A stop job is running for …devstack@q-l3.service (49s / 5min)[K[[0;1;31m*[0m[0;31m*    [0m] (3 of 4) A stop job is running for …devstack@q-l3.service (49s / 5min)[K[[0;31m*[0;1;31m*[0m[0;31m*   [0m] (3 of 4) A stop job is running for …devstack@q-l3.service (50s / 5min)[K[ [0;31m*[0;1;31m*[0m[0;31m*  [0m] (4 of 4) A stop job is running for …evstack@q-svc.service (50s / 5min)[K[  [0;31m*[0;1;31m*[0m[0;31m* [0m] (4 of 4) A stop job is running for …evstack@q-svc.service (51s / 5min)[K[   [0;31m*[0;1;31m*[0m[0;31m*[0m] (4 of 4) A stop job is running for …evstack@q-svc.service (51s / 5min)[K[    [0;31m*[0;1;31m*[0m] (1 of 4) A stop job is running for …vstack@q-dhcp.service (52s / 5min)[K[     [0;31m*[0m] (1 of 4) A stop job is running for …vstack@q-dhcp.service (52s / 5min)[K[    [0;31m*[0;1;31m*[0m] (1 of 4) A stop job is running for …vstack@q-dhcp.service (53s / 5min)[K[   [0;31m*[0;1;31m*[0m[0;31m*[0m] (2 of 4) A stop job is running for …@n-cond-cell1.service (53s / 5min)[K[  [0;31m*[0;1;31m*[0m[0;31m* [0m] (2 of 4) A stop job is running for …@n-cond-cell1.service (54s / 5min)[K[ [0;31m*[0;1;31m*[0m[0;31m*  [0m] (2 of 4) A stop job is running for …@n-cond-cell1.service (54s / 5min)[K[[0;31m*[0;1;31m*[0m[0;31m*   [0m] (3 of 4) A stop job is running for …devstack@q-l3.service (54s / 5min)[K[[0;1;31m*[0m[0;31m*    [0m] (3 of 4) A stop job is running for …devstack@q-l3.service (55s / 5min)[K[[0m[0;31m*     [0m] (3 of 4) A stop job is running for …devstack@q-l3.service (55s / 5min)[K[[0;1;31m*[0m[0;31m*    [0m] (4 of 4) A stop job is running for …evstack@q-svc.service (56s / 5min)[K[[0;31m*[0;1;31m*[0m[0;31m*   [0m] (4 of 4) A stop job is running for …evstack@q-svc.service (56s / 5min)[K[ [0;31m*[0;1;31m*[0m[0;31m*  [0m] (4 of 4) A stop job is running for …evstack@q-svc.service (57s / 5min)[K[  [0;31m*[0;1;31m*[0m[0;31m* [0m] (1 of 4) A stop job is running for …vstack@q-dhcp.service (57s / 5min)[K[   [0;31m*[0;1;31m*[0m[0;31m*[0m] (1 of 4) A stop job is running for …vstack@q-dhcp.service (58s / 5min)[K[    [0;31m*[0;1;31m*[0m] (1 of 4) A stop job is running for …vstack@q-dhcp.service (58s / 5min)[K[     [0;31m*[0m] (2 of 4) A stop job is running for …@n-cond-cell1.service (58s / 5min)[K[    [0;31m*[0;1;31m*[0m] (2 of 4) A stop job is running for …@n-cond-cell1.service (59s / 5min)[K[   [0;31m*[0;1;31m*[0m[0;31m*[0m] (2 of 4) A stop job is running for …@n-cond-cell1.service (59s / 5min)[K[  [0;31m*[0;1;31m*[0m[0;31m* [0m] (3 of 4) A stop job is running for …evstack@q-l3.service (1min / 5min)[K[[0;32m  OK  [0m] Stopped Devstack devstack@q-l3.service.
[[0;32m  OK  [0m] Stopped Devstack devstack@n-cond-cell1.service.
