[    0.000000] Linux version 4.15.0-111-generic (buildd@lcy01-amd64-011) (gcc version 7.5.0 (Ubuntu 7.5.0-3ubuntu1~18.04)) #112-Ubuntu SMP Thu Jul 9 20:32:34 UTC 2020 (Ubuntu 4.15.0-111.112-generic 4.15.18)
[    0.000000] Command line: BOOT_IMAGE=/boot/vmlinuz-4.15.0-111-generic root=LABEL=cloudimg-rootfs ro console=tty1 console=ttyS0
[    0.000000] KERNEL supported cpus:
[    0.000000]   Intel GenuineIntel
[    0.000000]   AMD AuthenticAMD
[    0.000000]   Centaur CentaurHauls
[    0.000000] x86/fpu: Supporting XSAVE feature 0x001: 'x87 floating point registers'
[    0.000000] x86/fpu: Supporting XSAVE feature 0x002: 'SSE registers'
[    0.000000] x86/fpu: Supporting XSAVE feature 0x004: 'AVX registers'
[    0.000000] x86/fpu: xstate_offset[2]:  576, xstate_sizes[2]:  256
[    0.000000] x86/fpu: Enabled xstate features 0x7, context size is 832 bytes, using 'standard' format.
[    0.000000] e820: BIOS-provided physical RAM map:
[    0.000000] BIOS-e820: [mem 0x0000000000000000-0x000000000009fbff] usable
[    0.000000] BIOS-e820: [mem 0x000000000009fc00-0x000000000009ffff] reserved
[    0.000000] BIOS-e820: [mem 0x00000000000f0000-0x00000000000fffff] reserved
[    0.000000] BIOS-e820: [mem 0x0000000000100000-0x00000000dffeffff] usable
[    0.000000] BIOS-e820: [mem 0x00000000dfff0000-0x00000000dfffffff] ACPI data
[    0.000000] BIOS-e820: [mem 0x00000000fec00000-0x00000000fec00fff] reserved
[    0.000000] BIOS-e820: [mem 0x00000000fee00000-0x00000000fee00fff] reserved
[    0.000000] BIOS-e820: [mem 0x00000000fffc0000-0x00000000ffffffff] reserved
[    0.000000] BIOS-e820: [mem 0x0000000100000000-0x000000021fffffff] usable
[    0.000000] NX (Execute Disable) protection: active
[    0.000000] SMBIOS 2.5 present.
[    0.000000] DMI: innotek GmbH VirtualBox/VirtualBox, BIOS VirtualBox 12/01/2006
[    0.000000] Hypervisor detected: KVM
[    0.000000] e820: last_pfn = 0x220000 max_arch_pfn = 0x400000000
[    0.000000] MTRR: Disabled
[    0.000000] x86/PAT: MTRRs disabled, skipping PAT initialization too.
[    0.000000] CPU MTRRs all blank - virtualized system.
[    0.000000] x86/PAT: Configuration [0-7]: WB  WT  UC- UC  WB  WT  UC- UC  
[    0.000000] e820: last_pfn = 0xdfff0 max_arch_pfn = 0x400000000
[    0.000000] found SMP MP-table at [mem 0x0009fff0-0x0009ffff]
[    0.000000] Scanning 1 areas for low memory corruption
[    0.000000] RAMDISK: [mem 0x35a67000-0x36d2afff]
[    0.000000] ACPI: Early table checksum verification disabled
[    0.000000] ACPI: RSDP 0x00000000000E0000 000024 (v02 VBOX  )
[    0.000000] ACPI: XSDT 0x00000000DFFF0030 00003C (v01 VBOX   VBOXXSDT 00000001 ASL  00000061)
[    0.000000] ACPI: FACP 0x00000000DFFF00F0 0000F4 (v04 VBOX   VBOXFACP 00000001 ASL  00000061)
[    0.000000] ACPI: DSDT 0x00000000DFFF0470 002325 (v02 VBOX   VBOXBIOS 00000002 INTL 20100528)
[    0.000000] ACPI: FACS 0x00000000DFFF0200 000040
[    0.000000] ACPI: FACS 0x00000000DFFF0200 000040
[    0.000000] ACPI: APIC 0x00000000DFFF0240 00005C (v02 VBOX   VBOXAPIC 00000001 ASL  00000061)
[    0.000000] ACPI: SSDT 0x00000000DFFF02A0 0001CC (v01 VBOX   VBOXCPUT 00000002 INTL 20100528)
[    0.000000] No NUMA configuration found
[    0.000000] Faking a node at [mem 0x0000000000000000-0x000000021fffffff]
[    0.000000] NODE_DATA(0) allocated [mem 0x21ffd4000-0x21fffefff]
[    0.000000] kvm-clock: cpu 0, msr 2:1ff53001, primary cpu clock
[    0.000000] kvm-clock: Using msrs 4b564d01 and 4b564d00
[    0.000000] kvm-clock: using sched offset of 4095148472 cycles
[    0.000000] clocksource: kvm-clock: mask: 0xffffffffffffffff max_cycles: 0x1cd42e4dffb, max_idle_ns: 881590591483 ns
[    0.000000] Zone ranges:
[    0.000000]   DMA      [mem 0x0000000000001000-0x0000000000ffffff]
[    0.000000]   DMA32    [mem 0x0000000001000000-0x00000000ffffffff]
[    0.000000]   Normal   [mem 0x0000000100000000-0x000000021fffffff]
[    0.000000]   Device   empty
[    0.000000] Movable zone start for each node
[    0.000000] Early memory node ranges
[    0.000000]   node   0: [mem 0x0000000000001000-0x000000000009efff]
[    0.000000]   node   0: [mem 0x0000000000100000-0x00000000dffeffff]
[    0.000000]   node   0: [mem 0x0000000100000000-0x000000021fffffff]
[    0.000000] Reserved but unavailable: 98 pages
[    0.000000] Initmem setup node 0 [mem 0x0000000000001000-0x000000021fffffff]
[    0.000000] ACPI: PM-Timer IO Port: 0x4008
[    0.000000] IOAPIC[0]: apic_id 2, version 32, address 0xfec00000, GSI 0-23
[    0.000000] ACPI: INT_SRC_OVR (bus 0 bus_irq 0 global_irq 2 dfl dfl)
[    0.000000] ACPI: INT_SRC_OVR (bus 0 bus_irq 9 global_irq 9 low level)
[    0.000000] Using ACPI (MADT) for SMP configuration information
[    0.000000] smpboot: Allowing 2 CPUs, 0 hotplug CPUs
[    0.000000] PM: Registered nosave memory: [mem 0x00000000-0x00000fff]
[    0.000000] PM: Registered nosave memory: [mem 0x0009f000-0x0009ffff]
[    0.000000] PM: Registered nosave memory: [mem 0x000a0000-0x000effff]
[    0.000000] PM: Registered nosave memory: [mem 0x000f0000-0x000fffff]
[    0.000000] PM: Registered nosave memory: [mem 0xdfff0000-0xdfffffff]
[    0.000000] PM: Registered nosave memory: [mem 0xe0000000-0xfebfffff]
[    0.000000] PM: Registered nosave memory: [mem 0xfec00000-0xfec00fff]
[    0.000000] PM: Registered nosave memory: [mem 0xfec01000-0xfedfffff]
[    0.000000] PM: Registered nosave memory: [mem 0xfee00000-0xfee00fff]
[    0.000000] PM: Registered nosave memory: [mem 0xfee01000-0xfffbffff]
[    0.000000] PM: Registered nosave memory: [mem 0xfffc0000-0xffffffff]
[    0.000000] e820: [mem 0xe0000000-0xfebfffff] available for PCI devices
[    0.000000] Booting paravirtualized kernel on KVM
[    0.000000] clocksource: refined-jiffies: mask: 0xffffffff max_cycles: 0xffffffff, max_idle_ns: 7645519600211568 ns
[    0.000000] random: get_random_bytes called from start_kernel+0x99/0x500 with crng_init=0
[    0.000000] setup_percpu: NR_CPUS:8192 nr_cpumask_bits:2 nr_cpu_ids:2 nr_node_ids:1
[    0.000000] percpu: Embedded 45 pages/cpu s147456 r8192 d28672 u1048576
[    0.000000] PV qspinlock hash table entries: 256 (order: 0, 4096 bytes)
[    0.000000] Built 1 zonelists, mobility grouping on.  Total pages: 2064249
[    0.000000] Policy zone: Normal
[    0.000000] Kernel command line: BOOT_IMAGE=/boot/vmlinuz-4.15.0-111-generic root=LABEL=cloudimg-rootfs ro console=tty1 console=ttyS0
[    0.000000] Memory: 8142424K/8388152K available (12300K kernel code, 2481K rwdata, 4272K rodata, 2436K init, 2720K bss, 245728K reserved, 0K cma-reserved)
[    0.000000] SLUB: HWalign=64, Order=0-3, MinObjects=0, CPUs=2, Nodes=1
[    0.000000] Kernel/User page tables isolation: enabled
[    0.000000] ftrace: allocating 39378 entries in 154 pages
[    0.004000] Hierarchical RCU implementation.
[    0.004000] 	RCU restricting CPUs from NR_CPUS=8192 to nr_cpu_ids=2.
[    0.004000] 	Tasks RCU enabled.
[    0.004000] RCU: Adjusting geometry for rcu_fanout_leaf=16, nr_cpu_ids=2
[    0.004000] NR_IRQS: 524544, nr_irqs: 440, preallocated irqs: 16
[    0.004000] Console: colour VGA+ 80x25
[    0.004000] console [tty1] enabled
[    0.004000] console [ttyS0] enabled
[    0.004000] ACPI: Core revision 20170831
[    0.004000] ACPI: 2 ACPI AML tables successfully acquired and loaded
[    0.004000] APIC: Switch to symmetric I/O mode setup
[    0.004000] x2apic enabled
[    0.004000] Switched APIC routing to physical x2apic.
[    0.004000] ..TIMER: vector=0x30 apic1=0 pin1=2 apic2=-1 pin2=-1
[    0.004005] tsc: Detected 2194.918 MHz processor
[    0.005195] Calibrating delay loop (skipped) preset value.. 4389.83 BogoMIPS (lpj=8779672)
[    0.008002] pid_max: default: 32768 minimum: 301
[    0.009000] Security Framework initialized
[    0.009871] Yama: becoming mindful.
[    0.010644] AppArmor: AppArmor initialized
[    0.016139] Dentry cache hash table entries: 1048576 (order: 11, 8388608 bytes)
[    0.019356] Inode-cache hash table entries: 524288 (order: 10, 4194304 bytes)
[    0.020031] Mount-cache hash table entries: 16384 (order: 5, 131072 bytes)
[    0.024022] Mountpoint-cache hash table entries: 16384 (order: 5, 131072 bytes)
[    0.025997] Last level iTLB entries: 4KB 1024, 2MB 1024, 4MB 1024
[    0.028002] Last level dTLB entries: 4KB 1024, 2MB 1024, 4MB 1024, 1GB 4
[    0.029372] Spectre V1 : Mitigation: usercopy/swapgs barriers and __user pointer sanitization
[    0.031128] Spectre V2 : Mitigation: Full generic retpoline
[    0.032001] Spectre V2 : Spectre v2 / SpectreRSB mitigation: Filling RSB on context switch
[    0.033699] Speculative Store Bypass: Vulnerable
[    0.034706] SRBDS: Unknown: Dependent on hypervisor status
[    0.036002] MDS: Mitigation: Clear CPU buffers
[    0.037082] Freeing SMP alternatives memory: 36K
[    0.148857] smpboot: CPU0: Intel(R) Core(TM) i7-4770HQ CPU @ 2.20GHz (family: 0x6, model: 0x46, stepping: 0x1)
[    0.151038] Performance Events: unsupported p6 CPU model 70 no PMU driver, software events only.
[    0.152036] Hierarchical SRCU implementation.
[    0.153667] NMI watchdog: Perf event create on CPU 0 failed with -2
[    0.155161] NMI watchdog: Perf NMI watchdog permanently disabled
[    0.157854] smp: Bringing up secondary CPUs ...
[    0.160028] x86: Booting SMP configuration:
[    0.160952] .... node  #0, CPUs:      #1
[    0.004000] kvm-clock: cpu 1, msr 2:1ff53041, secondary cpu clock
[    0.164018] smp: Brought up 1 node, 2 CPUs
[    0.164927] smpboot: Max logical packages: 1
[    0.165931] smpboot: Total of 2 processors activated (8779.67 BogoMIPS)
[    0.168465] devtmpfs: initialized
[    0.168778] x86/mm: Memory block size: 128MB
[    0.170203] evm: security.selinux
[    0.172003] evm: security.SMACK64
[    0.172726] evm: security.SMACK64EXEC
[    0.173560] evm: security.SMACK64TRANSMUTE
[    0.174454] evm: security.SMACK64MMAP
[    0.175247] evm: security.apparmor
[    0.176004] evm: security.ima
[    0.176697] evm: security.capability
[    0.177528] clocksource: jiffies: mask: 0xffffffff max_cycles: 0xffffffff, max_idle_ns: 7645041785100000 ns
[    0.178018] futex hash table entries: 512 (order: 3, 32768 bytes)
[    0.180055] pinctrl core: initialized pinctrl subsystem
[    0.181250] RTC time: 11:30:53, date: 08/05/20
[    0.182336] NET: Registered protocol family 16
[    0.184066] audit: initializing netlink subsys (disabled)
[    0.185220] audit: type=2000 audit(1596627059.504:1): state=initialized audit_enabled=0 res=1
[    0.188021] cpuidle: using governor ladder
[    0.189051] cpuidle: using governor menu
[    0.190169] ACPI: bus type PCI registered
[    0.191111] acpiphp: ACPI Hot Plug PCI Controller Driver version: 0.5
[    0.192140] PCI: Using configuration type 1 for base access
[    0.193394] HugeTLB registered 2.00 MiB page size, pre-allocated 0 pages
[    0.196075] ACPI: Added _OSI(Module Device)
[    0.197013] ACPI: Added _OSI(Processor Device)
[    0.197996] ACPI: Added _OSI(3.0 _SCP Extensions)
[    0.200003] ACPI: Added _OSI(Processor Aggregator Device)
[    0.201233] ACPI: Added _OSI(Linux-Dell-Video)
[    0.202245] ACPI: Added _OSI(Linux-Lenovo-NV-HDMI-Audio)
[    0.204016] ACPI: Added _OSI(Linux-HPI-Hybrid-Graphics)
[    0.205656] ACPI: Executed 1 blocks of module-level executable AML code
[    0.209938] ACPI: Interpreter enabled
[    0.210801] ACPI: (supports S0 S5)
[    0.212003] ACPI: Using IOAPIC for interrupt routing
[    0.213533] PCI: Using host bridge windows from ACPI; if necessary, use "pci=nocrs" and report a bug
[    0.216206] ACPI: Enabled 2 GPEs in block 00 to 07
[    0.224977] ACPI: PCI Root Bridge [PCI0] (domain 0000 [bus 00-ff])
[    0.226671] acpi PNP0A03:00: _OSC: OS supports [ASPM ClockPM Segments MSI]
[    0.228460] acpi PNP0A03:00: _OSC: not requesting OS control; OS requires [ExtendedConfig ASPM ClockPM MSI]
[    0.230738] acpi PNP0A03:00: fail to add MMCONFIG information, can't access extended PCI configuration space under this bridge.
[    0.232601] PCI host bridge to bus 0000:00
[    0.233509] pci_bus 0000:00: root bus resource [io  0x0000-0x0cf7 window]
[    0.236003] pci_bus 0000:00: root bus resource [io  0x0d00-0xffff window]
[    0.237595] pci_bus 0000:00: root bus resource [mem 0x000a0000-0x000bffff window]
[    0.240006] pci_bus 0000:00: root bus resource [mem 0xe0000000-0xfdffffff window]
[    0.241857] pci_bus 0000:00: root bus resource [bus 00-ff]
[    0.247015] pci 0000:00:01.1: legacy IDE quirk: reg 0x10: [io  0x01f0-0x01f7]
[    0.248003] pci 0000:00:01.1: legacy IDE quirk: reg 0x14: [io  0x03f6]
[    0.249448] pci 0000:00:01.1: legacy IDE quirk: reg 0x18: [io  0x0170-0x0177]
[    0.252002] pci 0000:00:01.1: legacy IDE quirk: reg 0x1c: [io  0x0376]
[    0.316596] pci 0000:00:07.0: quirk: [io  0x4000-0x403f] claimed by PIIX4 ACPI
[    0.318377] pci 0000:00:07.0: quirk: [io  0x4100-0x410f] claimed by PIIX4 SMB
[    0.358416] ACPI: PCI Interrupt Link [LNKA] (IRQs 5 9 10 *11)
[    0.360348] ACPI: PCI Interrupt Link [LNKB] (IRQs 5 9 *10 11)
[    0.361831] ACPI: PCI Interrupt Link [LNKC] (IRQs 5 *9 10 11)
[    0.364092] ACPI: PCI Interrupt Link [LNKD] (IRQs 5 9 10 *11)
[    0.365787] SCSI subsystem initialized
[    0.366809] pci 0000:00:02.0: vgaarb: setting as boot VGA device
[    0.366809] pci 0000:00:02.0: vgaarb: VGA device added: decodes=io+mem,owns=io+mem,locks=none
[    0.368005] pci 0000:00:02.0: vgaarb: bridge control possible
[    0.369400] vgaarb: loaded
[    0.372032] ACPI: bus type USB registered
[    0.372976] usbcore: registered new interface driver usbfs
[    0.374168] usbcore: registered new interface driver hub
[    0.375516] usbcore: registered new device driver usb
[    0.376081] EDAC MC: Ver: 3.0.0
[    0.377165] PCI: Using ACPI for IRQ routing
[    0.380210] NetLabel: Initializing
[    0.381188] NetLabel:  domain hash size = 128
[    0.382454] NetLabel:  protocols = UNLABELED CIPSOv4 CALIPSO
[    0.384022] NetLabel:  unlabeled traffic allowed by default
[    0.385438] clocksource: Switched to clocksource kvm-clock
[    0.398325] VFS: Disk quotas dquot_6.6.0
[    0.399300] VFS: Dquot-cache hash table entries: 512 (order 0, 4096 bytes)
[    0.400890] AppArmor: AppArmor Filesystem Enabled
[    0.401954] pnp: PnP ACPI init
[    0.404249] pnp: PnP ACPI: found 3 devices
[    0.415558] clocksource: acpi_pm: mask: 0xffffff max_cycles: 0xffffff, max_idle_ns: 2085701024 ns
[    0.417746] NET: Registered protocol family 2
[    0.418963] TCP established hash table entries: 65536 (order: 7, 524288 bytes)
[    0.420786] TCP bind hash table entries: 65536 (order: 8, 1048576 bytes)
[    0.423596] TCP: Hash tables configured (established 65536 bind 65536)
[    0.425071] UDP hash table entries: 4096 (order: 5, 131072 bytes)
[    0.426491] UDP-Lite hash table entries: 4096 (order: 5, 131072 bytes)
[    0.427977] NET: Registered protocol family 1
[    0.429017] pci 0000:00:00.0: Limiting direct PCI/PCI transfers
[    0.430484] pci 0000:00:01.0: Activating ISA DMA hang workarounds
[    0.431893] pci 0000:00:02.0: Video device with shadowed ROM at [mem 0x000c0000-0x000dffff]
[    0.434079] Unpacking initramfs...
[    0.695157] Freeing initrd memory: 19216K
[    0.696006] PCI-DMA: Using software bounce buffering for IO (SWIOTLB)
[    0.697702] software IO TLB: mapped [mem 0xdbff0000-0xdfff0000] (64MB)
[    0.699252] clocksource: tsc: mask: 0xffffffffffffffff max_cycles: 0x1fa37202099, max_idle_ns: 440795206796 ns
[    0.701635] platform rtc_cmos: registered platform RTC device (no PNP device found)
[    0.703483] Scanning for low memory corruption every 60 seconds
[    0.705581] Initialise system trusted keyrings
[    0.706618] Key type blacklist registered
[    0.707680] workingset: timestamp_bits=36 max_order=21 bucket_order=0
[    0.709932] zbud: loaded
[    0.710981] squashfs: version 4.0 (2009/01/31) Phillip Lougher
[    0.712631] fuse init (API version 7.26)
[    0.717528] Key type asymmetric registered
[    0.718415] Asymmetric key parser 'x509' registered
[    0.719466] Block layer SCSI generic (bsg) driver version 0.4 loaded (major 246)
[    0.723613] io scheduler noop registered
[    0.724537] io scheduler deadline registered
[    0.725467] io scheduler cfq registered (default)
[    0.727095] ACPI: AC Adapter [AC] (off-line)
[    0.728190] input: Power Button as /devices/LNXSYSTM:00/LNXPWRBN:00/input/input0
[    0.729873] ACPI: Power Button [PWRF]
[    0.730764] input: Sleep Button as /devices/LNXSYSTM:00/LNXSLPBN:00/input/input1
[    0.732486] ACPI: Sleep Button [SLPF]
[    0.735024] ACPI: Battery Slot [BAT0] (battery present)
[    0.736218] Serial: 8250/16550 driver, 32 ports, IRQ sharing enabled
[    0.758345] 00:02: ttyS0 at I/O 0x3f8 (irq = 4, base_baud = 115200) is a 16550A
[    0.763625] Linux agpgart interface v0.103
[    0.766503] loop: module loaded
[    0.767804] scsi host0: ata_piix
[    0.768782] scsi host1: ata_piix
[    0.769492] ata1: PATA max UDMA/33 cmd 0x1f0 ctl 0x3f6 bmdma 0xd000 irq 14
[    0.771126] ata2: PATA max UDMA/33 cmd 0x170 ctl 0x376 bmdma 0xd008 irq 15
[    0.773167] libphy: Fixed MDIO Bus: probed
[    0.774051] tun: Universal TUN/TAP device driver, 1.6
[    0.775179] PPP generic driver version 2.4.2
[    0.776193] ehci_hcd: USB 2.0 'Enhanced' Host Controller (EHCI) Driver
[    0.777531] ehci-pci: EHCI PCI platform driver
[    0.778477] ehci-platform: EHCI generic platform driver
[    0.779567] ohci_hcd: USB 1.1 'Open' Host Controller (OHCI) Driver
[    0.780878] ohci-pci: OHCI PCI platform driver
[    0.781823] ohci-platform: OHCI generic platform driver
[    0.783270] uhci_hcd: USB Universal Host Controller Interface driver
[    0.784651] i8042: PNP: PS/2 Controller [PNP0303:PS2K,PNP0f03:PS2M] at 0x60,0x64 irq 1,12
[    0.786761] serio: i8042 KBD port at 0x60,0x64 irq 1
[    0.787975] serio: i8042 AUX port at 0x60,0x64 irq 12
[    0.789353] mousedev: PS/2 mouse device common for all mice
[    0.791186] input: AT Translated Set 2 keyboard as /devices/platform/i8042/serio0/input/input2
[    0.793414] rtc_cmos rtc_cmos: rtc core: registered rtc_cmos as rtc0
[    0.794784] rtc_cmos rtc_cmos: alarms up to one day, 114 bytes nvram
[    0.796046] i2c /dev entries driver
[    0.796916] device-mapper: uevent: version 1.0.3
[    0.797946] device-mapper: ioctl: 4.37.0-ioctl (2017-09-20) initialised: dm-devel@redhat.com
[    0.799723] ledtrig-cpu: registered to indicate activity on CPUs
[    0.801621] NET: Registered protocol family 10
[    0.808266] Segment Routing with IPv6
[    0.809070] NET: Registered protocol family 17
[    0.810194] Key type dns_resolver registered
[    0.811520] mce: Using 0 MCE banks
[    0.812351] RAS: Correctable Errors collector initialized.
[    0.813551] sched_clock: Marking stable (812333387, 0)->(1134189922, -321856535)
[    0.816074] registered taskstats version 1
[    0.817131] Loading compiled-in X.509 certificates
[    0.820840] Loaded X.509 cert 'Build time autogenerated kernel key: e7f49a8350fc58df7a2fc42bf39ecd356db1ebb3'
[    0.823123] zswap: loaded using pool lzo/zbud
[    0.827997] Key type big_key registered
[    0.828964] Key type trusted registered
[    0.831838] Key type encrypted registered
[    0.832912] AppArmor: AppArmor sha1 policy hashing enabled
[    0.834080] ima: No TPM chip found, activating TPM-bypass! (rc=-19)
[    0.835328] ima: Allocated hash algorithm: sha1
[    0.836419] evm: HMAC attrs: 0x1
[    0.837449]   Magic number: 0:32:529
[    0.838366] rtc_cmos rtc_cmos: setting system clock to 2020-08-05 11:30:54 UTC (1596627054)
[    0.840278] BIOS EDD facility v0.16 2004-Jun-25, 0 devices found
[    0.841626] EDD information not available.
[    1.159393] Freeing unused kernel image memory: 2436K
[    1.512532] Write protecting the kernel read-only data: 20480k
[    1.515588] Freeing unused kernel image memory: 2008K
[    1.517728] Freeing unused kernel image memory: 1872K
[    1.526202] x86/mm: Checked W+X mappings: passed, no W+X pages found.
[    1.527831] x86/mm: Checking user space page tables
[    1.534637] x86/mm: Checked W+X mappings: passed, no W+X pages found.
Loading, please wait...
starting version 237
[    1.604021] Fusion MPT base driver 3.04.20
[    1.605175] Copyright (c) 1999-2008 LSI Corporation
[    1.613490] e1000: Intel(R) PRO/1000 Network Driver - version 7.3.21-k8-NAPI
[    1.615172] e1000: Copyright (c) 1999-2006 Intel Corporation.
[    1.620302] Fusion MPT SPI Host driver 3.04.20
[    1.640580] AVX2 version of gcm_enc/dec engaged.
[    1.641564] AES CTR mode by8 optimization enabled
[    1.835371] input: ImExPS/2 Generic Explorer Mouse as /devices/platform/i8042/serio1/input/input4
[    2.562528] e1000 0000:00:03.0 eth0: (PCI:33MHz:32-bit) 02:27:36:10:00:0e
[    2.563987] e1000 0000:00:03.0 eth0: Intel(R) PRO/1000 Network Connection
[    3.602599] e1000 0000:00:08.0 eth1: (PCI:33MHz:32-bit) 08:00:27:51:08:c1
[    3.604286] e1000 0000:00:08.0 eth1: Intel(R) PRO/1000 Network Connection
[    3.607134] e1000 0000:00:03.0 enp0s3: renamed from eth0
[    3.612157] mptbase: ioc0: Initiating bringup
[    3.633520] e1000 0000:00:08.0 enp0s8: renamed from eth1
[    4.216927] ioc0: LSI53C1030 A0: Capabilities={Initiator}
[    6.765598] scsi host2: ioc0: LSI53C1030 A0, FwRev=00000000h, Ports=1, MaxQ=256, IRQ=20
[    8.632829] scsi 2:0:0:0: Direct-Access     VBOX     HARDDISK         1.0  PQ: 0 ANSI: 5
[    8.664204] scsi target2:0:0: Beginning Domain Validation
[    8.669123] scsi target2:0:0: Domain Validation skipping write tests
[    8.670803] scsi target2:0:0: Ending Domain Validation
[    8.672331] scsi target2:0:0: asynchronous
[    8.674663] scsi 2:0:1:0: Direct-Access     VBOX     HARDDISK         1.0  PQ: 0 ANSI: 5
[    8.708226] scsi target2:0:1: Beginning Domain Validation
[    8.712273] random: fast init done
[    8.714514] scsi target2:0:1: Domain Validation skipping write tests
[    8.715938] scsi target2:0:1: Ending Domain Validation
[    8.717184] scsi target2:0:1: asynchronous
[    8.722467] random: systemd-udevd: uninitialized urandom read (16 bytes read)
[    8.722535] sd 2:0:0:0: Attached scsi generic sg0 type 0
[    8.723985] random: systemd-udevd: uninitialized urandom read (16 bytes read)
[    8.725273] sd 2:0:1:0: Attached scsi generic sg1 type 0
[    8.726613] random: systemd-udevd: uninitialized urandom read (16 bytes read)
[    8.729447] sd 2:0:0:0: [sda] 20971520 512-byte logical blocks: (10.7 GB/10.0 GiB)
[    8.731218] sd 2:0:1:0: [sdb] 20480 512-byte logical blocks: (10.5 MB/10.0 MiB)
[    8.732877] sd 2:0:0:0: [sda] Write Protect is off
[    8.734142] sd 2:0:1:0: [sdb] Write Protect is off
[    8.735294] sd 2:0:0:0: [sda] Incomplete mode parameter data
[    8.736530] sd 2:0:0:0: [sda] Assuming drive cache: write through
[    8.737800] sd 2:0:1:0: [sdb] Incomplete mode parameter data
[    8.739040] sd 2:0:1:0: [sdb] Assuming drive cache: write through
[    8.744131]  sda: sda1
[    8.745956] sd 2:0:0:0: [sda] Attached SCSI disk
[    8.747525] sd 2:0:1:0: [sdb] Attached SCSI disk
Begin: Loading essential drivers ... [   10.196302] raid6: sse2x1   gen() 10568 MB/s
[   10.244255] raid6: sse2x1   xor()  7807 MB/s
[   10.292294] raid6: sse2x2   gen() 13259 MB/s
[   10.340092] raid6: sse2x2   xor()  8268 MB/s
[   10.388010] raid6: sse2x4   gen() 14023 MB/s
[   10.436309] raid6: sse2x4   xor()  9045 MB/s
[   10.484251] raid6: avx2x1   gen() 20945 MB/s
[   10.532044] raid6: avx2x1   xor() 13992 MB/s
[   10.580161] raid6: avx2x2   gen() 23201 MB/s
[   10.628073] raid6: avx2x2   xor() 14409 MB/s
[   10.676557] raid6: avx2x4   gen() 26039 MB/s
[   10.724205] raid6: avx2x4   xor() 15843 MB/s
[   10.725189] raid6: using algorithm avx2x4 gen() 26039 MB/s
[   10.726343] raid6: .... xor() 15843 MB/s, rmw enabled
[   10.727422] raid6: using avx2x2 recovery algorithm
[   10.729864] xor: automatically using best checksumming function   avx       
[   10.732829] async_tx: api initialized (async)
done.
Begin: Running /scripts/init-premount ... done.
Begin: Mounting root file system ... Begin: Running /scripts/local-top ... done.
Begin: Running /scripts/local-premount ... [   10.781871] Btrfs loaded, crc32c=crc32c-intel
Scanning for Btrfs filesystems
done.
Warning: fsck not present, so skipping root file system
[   10.811696] EXT4-fs (sda1): INFO: recovery required on readonly filesystem
[   10.813445] EXT4-fs (sda1): write access will be enabled during recovery
[   10.951440] EXT4-fs (sda1): orphan cleanup on readonly fs
[   10.952692] EXT4-fs (sda1): 1 orphan inode deleted
[   10.953848] EXT4-fs (sda1): recovery complete
[   10.955661] EXT4-fs (sda1): mounted filesystem with ordered data mode. Opts: (null)
done.
Begin: Running /scripts/local-bottom ... done.
Begin: Running /scripts/init-bottom ... done.
[   11.126779] ip_tables: (C) 2000-2006 Netfilter Core Team
[   11.136575] systemd[1]: systemd 237 running in system mode. (+PAM +AUDIT +SELINUX +IMA +APPARMOR +SMACK +SYSVINIT +UTMP +LIBCRYPTSETUP +GCRYPT +GNUTLS +ACL +XZ +LZ4 +SECCOMP +BLKID +ELFUTILS +KMOD -IDN2 +IDN -PCRE2 default-hierarchy=hybrid)
[   11.141436] systemd[1]: Detected virtualization oracle.
[   11.142561] systemd[1]: Detected architecture x86-64.

Welcome to [1mUbuntu 18.04.4 LTS[0m!

[   11.149353] systemd[1]: Set hostname to <ubuntu-bionic>.
[   11.440661] systemd[1]: Created slice System Slice.
[[0;32m  OK  [0m] Created slice System Slice.
[   11.442887] systemd[1]: Listening on LVM2 metadata daemon socket.
[[0;32m  OK  [0m] Listening on LVM2 metadata daemon socket.
[   11.445552] systemd[1]: Created slice system-serial\x2dgetty.slice.
[[0;32m  OK  [0m] Created slice system-serial\x2dgetty.slice.
[   11.456803] systemd[1]: Listening on LVM2 poll daemon socket.
[[0;32m  OK  [0m] Listening on LVM2 poll daemon socket.
[   11.460494] systemd[1]: Listening on Journal Audit Socket.
[[0;32m  OK  [0m] Listening on Journal Audit Socket.
[   11.510734] systemd[1]: Listening on udev Control Socket.
[[0;32m  OK  [0m] Listening on udev Control Socket.
[[0;32m  OK  [0m] Created slice User and Session Slice.
[[0;32m  OK  [0m] Reached target Slices.
[[0;32m  OK  [0m] Listening on Network Service Netlink Socket.
[[0;32m  OK  [0m] Listening on RPCbind Server Activation Socket.
[[0;32m  OK  [0m] Reached target System Time Synchronized.
[[0;32m  OK  [0m] Listening on udev Kernel Socket.
[[0;32m  OK  [0m] Created slice system-devstack.slice.
[[0;32m  OK  [0m] Started Forward Password Requests to Wall Directory Watch.
[[0;32m  OK  [0m] Listening on Device-mapper event daemon FIFOs.
[[0;32m  OK  [0m] Listening on Journal Socket.
         Starting udev Coldplug all Devices...
         Mounting Huge Pages File System...
         Starting Monitoring of LVM2 mirrors…ng dmeventd or progress polling...
         Mounting POSIX Message Queue File System...
         Starting Create list of required st…ce nodes for the current kernel...
         Mounting Kernel Debug File System...
         Starting Set the console keyboard layout...
         Starting Uncomplicated firewall...
         Starting Remount Root and Kernel File Systems...
         Mounting NFSD configuration filesystem...
[[0;32m  OK  [0m] Reached target Swap.
[[0;32m  OK  [0m] Listening on /dev/initctl Compatibility Named Pipe.
[[0;32m  OK  [0m] Set up automount Arbitrary Executab…rmats File System Automount Point.
[[0;32m  OK  [0m] Listening on Syslog Socket.
[[0;32m  OK  [0m] Listening on Journal Socket (/dev/log).
         Starting Journal Service...
[[0;32m  OK  [0m] Reached target User and Group Name Lookups.
         Mounting RPC Pipe File System...
         Starting Load Kernel Modules...
[[0;32m  OK  [0m[   11.807519] EXT4-fs (sda1): re-mounted. Opts: (null)
] Mounted Huge Pages File System.
[[0;32m  OK  [0m] Mounted POSIX Message Queue File System.
[   11.815916] RPC: Registered named UNIX socket transport module.
[   11.817336] RPC: Registered udp transport module.
[   11.817336] RPC: Registered tcp transport module.
[   11.817337] RPC: Registered tcp NFSv4.1 backchannel transport module.
[[0;32m  OK  [0m] Mounted Kernel Debug File System.
[[0;32m  OK  [0m] Started Uncomplicated firewall.
[[0;32m  OK  [0m] Started Remount Root and Kernel File Systems.
[[0;32m  OK  [0m] Mounted RPC Pipe File System.
         Starting pNFS block layout mapping daemon...
         Starting Load/Save Random Seed...
[[0;32m  OK  [0m] Started Create list of required sta…vice nodes for the current kernel.
[[0;32m  OK  [0m] Started udev Coldplug all Devices.
[[0;32m  OK  [0m] Started LVM2 metadata daemon.
         Starting Create Static Device Nodes in /dev...
[[0;32m  OK  [0m] Started Journal Service.
         Starting Flush Journal to Persistent Storage...
[   11.878737] Installing knfsd (copyright (C) 1996 okir@monad.swb.de).
[[0;32m  OK  [0m] Mounted NFSD configuration filesystem.
[[0;32m  OK  [0m] Started pNFS block layout mapping daemon.
[   11.893955] Loading iSCSI transport class v2.0-870.
[   11.900474] iscsi: registered transport (tcp)
[   11.916397] iscsi: registered transport (iser)
[[0;32m  OK  [0m] Started Load Kernel Modules.
         Mounting Kernel Configuration File System...
         Mounting FUSE Control File System...
         Starting Apply Kernel Variables...
[[0;32m  OK  [0m] Mounted Kernel Configuration File System.
[[0;32m  OK  [0m] Mounted FUSE Control File System.
[[0;32m  OK  [0m] Started Create Static Device Nodes in /dev.
         Starting udev Kernel Device Manager...
[   11.951507] systemd-journald[409]: Received request to flush runtime journal from PID 1
[[0;32m  OK  [0m] Started Load/Save Random Seed.
[[0;32m  OK  [0m] Started Apply Kernel Variables.
[[0;32m  OK  [0m] Started Monitoring of LVM2 mirrors,…sing dmeventd or progress polling.
[[0;32m  OK  [0m] Started udev Kernel Device Manager.
[[0;32m  OK  [0m] Started Set the console keyboard layout.
[[0;32m  OK  [0m] Reached target Local File Systems (Pre).
[[0;32m  OK  [0m] Reached target Local File Systems.
         Starting ebtables ruleset management...
         Starting Tell Plymouth To Write Out Runtime Data...
         Starting Preprocess NFS configuration...
         Starting AppArmor initialization...
         Starting Set console font and keymap...
[[0;32m  OK  [0m] Started Dispatch Password Requests to Console Directory Watch.
[[0;32m  OK  [0m] Reached target Local Encrypted Volumes.
[[0;32m  OK  [0m] Started Flush Journal to Persistent Storage.
[[0;32m  OK  [0m] Started Tell Plymouth To Write Out Runtime Data.
[[0;32m  OK  [0m] Started Preprocess NFS configuration.
[[0;32m  OK  [0m] Reached target NFS client services.
         Starting NFSv4 ID-name mapping service...
         Starting Create Volatile Files and Directories...
[[0;32m  OK  [0m] Started Set console font and keymap.
[[0;32m  OK  [0m] Started NFSv4 ID-name mapping service.
[[0;32m  OK  [0m] Started Create Volatile Files and Directories.
         Starting Update UTMP about System Boot/Shutdown...
         Starting RPC bind portmap service...
[[0;32m  OK  [0m] Started RPC bind portmap service.
[[0;32m  OK  [0m] Reached target RPC Port Mapper.
[[0;32m  OK  [0m] Started Update UTMP about System Boot/Shutdown.
[[0;32m  OK  [0m] Started ebtables ruleset management.
[[0;32m  OK  [0m] Found device /dev/ttyS0.
[[0;32m  OK  [0m] Started AppArmor initialization.
         Starting Load AppArmor profiles managed internally by snapd...
         Starting Initial cloud-init job (pre-networking)...
[[0;32m  OK  [0m] Started Load AppArmor profiles managed internally by snapd.
[[0;32m  OK  [0m] Listening on Load/Save RF Kill Switch Status /dev/rfkill Watch.
[   13.955096] cloud-init[564]: Cloud-init v. 20.2-45-g5f7825e2-0ubuntu1~18.04.1 running 'init-local' at Wed, 05 Aug 2020 11:31:07 +0000. Up 13.75 seconds.
[[0;32m  OK  [0m] Started Initial cloud-init job (pre-networking).
[[0;32m  OK  [0m] Reached target Network (Pre).
         Starting Network Service...
[[0;32m  OK  [0m] Started Network Service.
         Starting Wait for Network to be Configured...
         Starting Network Name Resolution...
[[0;32m  OK  [0m] Started Network Name Resolution.
[[0;32m  OK  [0m] Reached target Host and Network Name Lookups.
[[0;32m  OK  [0m] Started Wait for Network to be Configured.
         Starting Initial cloud-init job (metadata service crawler)...
[   16.293343] cloud-init[700]: Cloud-init v. 20.2-45-g5f7825e2-0ubuntu1~18.04.1 running 'init' at Wed, 05 Aug 2020 11:31:09 +0000. Up 16.15 seconds.
[   16.295129] cloud-init[700]: ci-info: ++++++++++++++++++++++++++++++++++++++Net device info++++++++++++++++++++++++++++++++++++++
[   16.296916] cloud-init[700]: ci-info: +--------+------+----------------------------+---------------+--------+-------------------+
[   16.298550] cloud-init[700]: ci-info: | Device |  Up  |          Address           |      Mask     | Scope  |     Hw-Address    |
[   16.300794] cloud-init[700]: ci-info: +--------+------+----------------------------+---------------+--------+-------------------+
[   16.302098] cloud-init[700]: ci-info: | enp0s3 | True |         10.0.2.15          | 255.255.255.0 | global | 02:27:36:10:00:0e |
[   16.312749] cloud-init[700]: ci-info: | enp0s3 | True |  fe80::27:36ff:fe10:e/64   |       .       |  link  | 02:27:36:10:00:0e |
[   16.314481] cloud-init[700]: ci-info: | enp0s8 | True |       192.168.12.12        | 255.255.255.0 | global | 08:00:27:51:08:c1 |
[   16.316759] cloud-init[700]: ci-info: | enp0s8 | True | fe80::a00:27ff:fe51:8c1/64 |       .       |  link  | 08:00:27:51:08:c1 |
[   16.319005] cloud-init[700]: ci-info: |   lo   | True |         127.0.0.1          |   255.0.0.0   |  host  |         .         |
[   16.322811] cloud-init[700]: ci-info: |   lo   | True |          ::1/128           |       .       |  host  |         .         |
[   16.336241] cloud-init[700]: ci-info: +--------+------+----------------------------+---------------+--------+-------------------+
[   16.339790] cloud-init[700]: ci-info: +++++++++++++++++++++++++++++Route IPv4 info+++++++++++++++++++++++++++++
[   16.352373] cloud-init[700]: ci-info: +-------+--------------+----------+-----------------+-----------+-------+
[   16.354333] cloud-init[700]: ci-info: | Route | Destination  | Gateway  |     Genmask     | Interface | Flags |
[   16.357117] cloud-init[700]: ci-info: +-------+--------------+----------+-----------------+-----------+-------+
[   16.359131] cloud-init[700]: ci-info: |   0   |   0.0.0.0    | 10.0.2.2 |     0.0.0.0     |   enp0s3  |   UG  |
[   16.364251] cloud-init[700]: ci-info: |   1   |   10.0.2.0   | 0.0.0.0  |  255.255.255.0  |   enp0s3  |   U   |
[   16.376296] cloud-init[700]: ci-info: |   2   |   10.0.2.2   | 0.0.0.0  | 255.255.255.255 |   enp0s3  |   UH  |
[   16.378225] cloud-init[700]: ci-info: |   3   | 192.168.12.0 | 0.0.0.0  |  255.255.255.0  |   enp0s8  |   U   |
[   16.380050] cloud-init[700]: ci-info: +-------+--------------+----------+-----------------+-----------+-------+
[   16.381359] cloud-init[700]: ci-info: +++++++++++++++++++Route IPv6 info+++++++++++++++++++
[   16.383182] cloud-init[700]: ci-info: +-------+-------------+---------+-----------+-------+
[   16.385665] cloud-init[700]: ci-info: | Route | Destination | Gateway | Interface | Flags |
[   16.388354] cloud-init[700]: ci-info: +-------+-------------+---------+-----------+-------+
[   16.390656] cloud-init[700]: ci-info: |   1   |  fe80::/64  |    ::   |   enp0s8  |   U   |
[   16.392290] cloud-init[700]: ci-info: |   2   |  fe80::/64  |    ::   |   enp0s3  |   U   |
[   16.393870] cloud-init[700]: ci-info: |   4   |    local    |    ::   |   enp0s3  |   U   |
[   16.404679] cloud-init[700]: ci-info: |   5   |    local    |    ::   |   enp0s8  |   U   |
[   16.416421] cloud-init[700]: ci-info: |   6   |   ff00::/8  |    ::   |   enp0s8  |   U   |
[   16.418050] cloud-init[700]: ci-info: |   7   |   ff00::/8  |    ::   |   enp0s3  |   U   |
[   16.419927] cloud-init[700]: ci-info: +-------+-------------+---------+-----------+-------+
[[0;32m  OK  [0m] Started Initial cloud-init job (metadata service crawler).
[[0;32m  OK  [0m] Reached target System Initialization.
[[0;32m  OK  [0m] Listening on ACPID Listen Socket.
[[0;32m  OK  [0m] Listening on D-Bus System Message Bus Socket.
         Starting Socket activation for snappy daemon.
[[0;32m  OK  [0m] Listening on UUID daemon activation socket.
[[0;32m  OK  [0m] Started Daily apt download activities.
         Starting LXD - unix socket.
[[0;32m  OK  [0m] Started Daily apt upgrade and clean activities.
[[0;32m  OK  [0m] Started Daily Cleanup of Temporary Directories.
[[0;32m  OK  [0m] Listening on Open-iSCSI iscsid Socket.
[[0;32m  OK  [0m] Started Message of the Day.
[[0;32m  OK  [0m] Started ACPI Events Check.
[[0;32m  OK  [0m] Reached target Paths.
[[0;32m  OK  [0m] Started Discard unused blocks once a week.
[[0;32m  OK  [0m] Reached target Timers.
[[0;32m  OK  [0m] Reached target Cloud-config availability.
[[0;32m  OK  [0m] Listening on Socket activation for snappy daemon.
[[0;32m  OK  [0m] Listening on LXD - unix socket.
[[0;32m  OK  [0m] Reached target Sockets.
[[0;32m  OK  [0m] Reached target Basic System.
[[0;32m  OK  [0m] Started Devstack devstack@c-sch.service.
         Starting LSB: Record successful boot for GRUB...
[[0;32m  OK  [0m] Started Devstack devstack@m-shr.service.
[[0;32m  OK  [0m] Started irqbalance daemon.
[[0;32m  OK  [0m] Started Devstack devstack@dstat.service.
[[0;32m  OK  [0m] Started Deferred execution scheduler.
         Starting Devstack devstack@m-api.service...
         Starting Conntrack Daemon...
[[0;32m  OK  [0m] Started Devstack devstack@n-novnc-cell1.service.
[[0;32m  OK  [0m] Started Devstack devstack@n-cond-cell1.service.
[[0;32m  OK  [0m] Started Devstack devstack@q-dhcp.service.
[[0;32m  OK  [0m] Started Devstack devstack@n-sch.service.
         Starting System Logging Service...
         Starting Devstack devstack@placement-api.service...
[[0;32m  OK  [0m] Started Devstack devstack@m-sch.service.
[[0;32m  OK  [0m] Started Devstack devstack@q-agt.service.
[[0;32m  OK  [0m] Started Devstack devstack@q-meta.service.
[[0;32m  OK  [0m] Started Devstack devstack@n-super-cond.service.
[[0;32m  OK  [0m] Started FUSE filesystem for LXC.
[[0;32m  OK  [0m] Started Devstack devstack@q-l3.service.
         Starting Dispatcher daemon for systemd-networkd...
         Starting Snap Daemon...
         Starting Devstack devstack@c-api.service...
[[0;32m  OK  [0m] Started D-Bus System Message Bus.
         Starting Accounts Service...
[[0;32m  OK  [0m] Started Devstack devstack@m-dat.service.
         Starting Devstack devstack@n-api.service...
[[0;32m  OK  [0m] Started Devstack devstack@q-svc.service.
[[0;32m  OK  [0m] Started Devstack devstack@g-api.service.
         Starting Virtualbox guest utils...
[[0;32m  OK  [0m] Started Regular background program processing daemon.
         Starting PostgreSQL RDBMS...
         Starting Devstack devstack@keystone.service...
         Starting Open vSwitch Database Unit...
[[0;32m  OK  [0m] Started Devstack devstack@c-vol.service.
         Starting Login Service...
         Starting LXD - container startup/shutdown...
[[0;32m  OK  [0m] Started System Logging Service.
[[0;32m  OK  [0m] Started Conntrack Daemon.
[[0;32m  OK  [0m] Started PostgreSQL RDBMS.
         Starting Authorization Manager...
[[0;32m  OK  [0m] Started Login Service.
[[0;32m  OK  [0m] Started Authorization Manager.
[[0;32m  OK  [0m] Started Accounts Service.
[[0;32m  OK  [0m] Started Dispatcher daemon for systemd-networkd.
[[0;32m  OK  [0m] Started Snap Daemon.
         Starting Wait until snapd is fully seeded...
[[0;32m  OK  [0m] Started LSB: Record successful boot for GRUB.
[[0;32m  OK  [0m] Started Virtualbox guest utils.
[[0;32m  OK  [0m] Started Wait until snapd is fully seeded.
[[0;32m  OK  [0m] Started LXD - container startup/shutdown.
[[0;32m  OK  [0m] Started Open vSwitch Database Unit.
         Starting Open vSwitch Forwarding Unit...
[[0;32m  OK  [0m] Started Open vSwitch Forwarding Unit.
         Starting Open vSwitch...
[[0;32m  OK  [0m] Started Open vSwitch.
[[0;32m  OK  [0m] Reached target Network.
         Starting MySQL Community Server...
         Starting RabbitMQ Messaging Server...
         Starting NFS Mount Daemon...
[[0;32m  OK  [0m] Started Unattended Upgrades Shutdown.
         Starting (i)SCSI target daemon...
         Starting Devstack devstack@etcd.service...
         Starting HAProxy Load Balancer...
[[0;32m  OK  [0m] Started memcached daemon.
[[0;32m  OK  [0m] Reached target Network is Online.
         Starting OpenBSD Secure Shell server...
         Starting LSB: ipvsadm daemon...
         Starting Apply the settings specified in cloud-config...
         Starting Availability of block devices...
         Starting Samba NMB Daemon...
[[0;32m  OK  [0m] Started NFS Mount Daemon.
[[0;32m  OK  [0m] Started Availability of block devices.
         Starting NFS server and services...
[[0;32m  OK  [0m] Started OpenBSD Secure Shell server.
[[0;32m  OK  [0m] Started HAProxy Load Balancer.
[[0;32m  OK  [0m] Started LSB: ipvsadm daemon.
[[0;32m  OK  [0m] Started Samba NMB Daemon.
         Starting Samba SMB Daemon...
[[0;32m  OK  [0m] Started NFS server and services.
[[0;32m  OK  [0m] Reached target Remote File Systems (Pre).
[[0;32m  OK  [0m] Reached target Remote File Systems.
         Starting LSB: automatic crash report generation...
         Starting LSB: Start/stop uWSGI server instance(s)...
         Starting Permit User Sessions...
         Starting The Apache HTTP Server...
[[0;32m  OK  [0m] Started Permit User Sessions.
         Starting Hold until boot process finishes up...
         Starting Terminate Plymouth Boot Screen...
[[0;32m  OK  [0m] Started Hold until boot process finishes up.
         Starting Set console scheme...
[[0;32m  OK  [0m] Started Serial Getty on ttyS0.
[[0;32m  OK  [0m] Started Terminate Plymouth Boot Screen.
[[0;32m  OK  [0m] Started Set console scheme.
[[0;32m  OK  [0m] Created slice system-getty.slice.
[[0;32m  OK  [0m] Started Getty on tty1.
[[0;32m  OK  [0m] Reached target Login Prompts.
[[0;32m  OK  [0m] Started (i)SCSI target daemon.
[[0;32m  OK  [0m] Started LSB: automatic crash report generation.
[[0;32m  OK  [0m] Started LSB: Start/stop uWSGI server instance(s).
[[0;32m  OK  [0m] Created slice User Slice of vagrant.
         Starting User Manager for UID 1000...
[[0;32m  OK  [0m] Started Session 1 of user vagrant.
[[0;32m  OK  [0m] Started Samba SMB Daemon.
[[0;32m  OK  [0m] Started The Apache HTTP Server.
[[0;32m  OK  [0m] Started User Manager for UID 1000.
[[0;32m  OK  [0m] Started Devstack devstack@m-api.service.
[[0;32m  OK  [0m] Started Devstack devstack@placement-api.service.
[   20.478261] cloud-init[1255]: Cloud-init v. 20.2-45-g5f7825e2-0ubuntu1~18.04.1 running 'modules:config' at Wed, 05 Aug 2020 11:31:13 +0000. Up 20.17 seconds.
[[0;32m  OK  [0m] Started Devstack devstack@c-api.service.
[[0;32m  OK  [0m] Started Devstack devstack@n-api.service.
[[0;32m  OK  [0m] Started Apply the settings specified in cloud-config.
[[0;32m  OK  [0m] Started Devstack devstack@keystone.service.
[[0;32m  OK  [0m] Started MySQL Community Server.
[[0;32m  OK  [0m] Started Devstack devstack@etcd.service.
[[0;32m  OK  [0m] Stopped Wait for Network to be Configured.
         Stopping Network Service...
[[0;32m  OK  [0m] Stopped Network Service.
         Starting Network Service...
[[0;32m  OK  [0m] Started Network Service.
         Stopping User Manager for UID 1000...
[[0;32m  OK  [0m] Stopped User Manager for UID 1000.
[[0;32m  OK  [0m] Removed slice User Slice of vagrant.

Ubuntu 18.04.4 LTS ubuntu-bionic ttyS0

ubuntu-bionic login: [   28.473310] cloud-init[2517]: Cloud-init v. 20.2-45-g5f7825e2-0ubuntu1~18.04.1 running 'modules:final' at Wed, 05 Aug 2020 11:31:21 +0000. Up 28.31 seconds.
[   28.473424] cloud-init[2517]: Cloud-init v. 20.2-45-g5f7825e2-0ubuntu1~18.04.1 finished at Wed, 05 Aug 2020 11:31:22 +0000. Datasource DataSourceNoCloud [seed=/dev/sdb][dsmode=net].  Up 28.45 seconds
         Stopping Session 6 of user vagrant.
[[0;32m  OK  [0m] Stopped target RPC Port Mapper.
[[0;32m  OK  [0m] Stopped target Graphical Interface.
         Stopping Daemon for generating UUIDs...
         Stopping Availability of block devices...
[[0;32m  OK  [0m] Stopped target Timers.
[[0;32m  OK  [0m] Stopped Daily Cleanup of Temporary Directories.
[[0;32m  OK  [0m] Stopped Discard unused blocks once a week.
[[0;32m  OK  [0m] Stopped Message of the Day.
         Stopping Authorization Manager...
[[0;32m  OK  [0m] Stopped target Cloud-init target.
[[0;32m  OK  [0m] Stopped Daily apt upgrade and clean activities.
[[0;32m  OK  [0m] Closed Load/Save RF Kill Switch Status /dev/rfkill Watch.
[[0;32m  OK  [0m] Stopped Execute cloud user/final scripts.
[[0;32m  OK  [0m] Stopped Apply the settings specified in cloud-config.
[[0;32m  OK  [0m] Stopped target Cloud-config availability.
[[0;32m  OK  [0m] Stopped Daily apt download activities.
[[0;32m  OK  [0m] Stopped target System Time Synchronized.
         Stopping pNFS block layout mapping daemon...
         Stopping Accounts Service...
[[0;32m  OK  [0m] Stopped target Multi-User System.
[[0;32m  OK  [0m] Stopped Wait until snapd is fully seeded.
         Stopping (i)SCSI target daemon...
         Stopping irqbalance daemon...
         Stopping Devstack devstack@n-novnc-cell1.service...
         Stopping Devstack devstack@keystone.service...
         Stopping Dispatcher daemon for systemd-networkd...
         Stopping Devstack devstack@m-dat.service...
         Stopping The Apache HTTP Server...
         Stopping Devstack devstack@q-agt.service...
[[0;32m  OK  [0m] Stopped PostgreSQL RDBMS.
         Stopping Virtualbox guest utils...
         Stopping Devstack devstack@placement-api.service...
         Stopping Devstack devstack@c-vol.service...
         Stopping Devstack devstack@g-api.service...
         Stopping Devstack devstack@n-sch.service...
         Stopping OpenBSD Secure Shell server...
         Stopping Devstack devstack@q-meta.service...
         Stopping Devstack devstack@m-api.service...
         Stopping Samba SMB Daemon...
         Stopping Devstack devstack@q-l3.service...
         Stopping Conntrack Daemon...
         Stopping Devstack devstack@dstat.service...
         Stopping RabbitMQ Messaging Server...
         Stopping Deferred execution scheduler...
         Stopping LSB: Record successful boot for GRUB...
         Stopping D-Bus System Message Bus...
         Stopping LXD - container startup/shutdown...
         Stopping Regular background program processing daemon...
         Stopping LSB: automatic crash report generation...
         Stopping Devstack devstack@q-dhcp.service...
         Stopping Devstack devstack@m-shr.service...
         Stopping LSB: Start/stop uWSGI server instance(s)...
         Stopping Devstack devstack@m-sch.service...
         Stopping LSB: ipvsadm daemon...
         Stopping Devstack devstack@q-svc.service...
         Stopping Devstack devstack@c-sch.service...
         Stopping Devstack devstack@etcd.service...
         Stopping MySQL Community Server...
         Stopping Devstack devstack@c-api.service...
[[0;32m  OK  [0m] Stopped target Login Prompts.
         Stopping Serial Getty on ttyS0...
         Stopping Getty on tty1...
         Stopping Devstack devstack@n-api.service...
         Stopping HAProxy Load Balancer...
         Stopping Devstack devstack@n-super-cond.service...
         Stopping memcached daemon...
         Stopping FUSE filesystem for LXC...
         Stopping User Manager for UID 1000...
         Stopping Devstack devstack@n-cond-cell1.service...
[[0;32m  OK  [0m] Unmounted /var/lib/lxcfs.
[[0;32m  OK  [0m] Stopped pNFS block layout mapping daemon.
[[0;32m  OK  [0m] Stopped irqbalance daemon.
[[0;32m  OK  [0m] Stopped Devstack devstack@dstat.service.
[[0;32m  OK  [0m] Stopped Deferred execution scheduler.
[[0;32m  OK  [0m] Stopped Conntrack Daemon.
[[0;32m  OK  [0m] Stopped Dispatcher daemon for systemd-networkd.
[[0;32m  OK  [0m] Stopped Accounts Service.
[[0;32m  OK  [0m] Stopped Regular background program processing daemon.
[[0;32m  OK  [0m] Stopped Authorization Manager.
[[0;32m  OK  [0m] Stopped memcached daemon.
[[0;32m  OK  [0m] Stopped HAProxy Load Balancer.
[[0;32m  OK  [0m] Stopped OpenBSD Secure Shell server.
[[0;32m  OK  [0m] Stopped Samba SMB Daemon.
[[0;32m  OK  [0m] Stopped Serial Getty on ttyS0.
[[0;32m  OK  [0m] Stopped Getty on tty1.
[[0;32m  OK  [0m] Stopped Daemon for generating UUIDs.
[[0;32m  OK  [0m] Stopped User Manager for UID 1000.
[[0;32m  OK  [0m] Stopped Availability of block devices.
[[0;32m  OK  [0m] Stopped D-Bus System Message Bus.
[[0;32m  OK  [0m] Stopped FUSE filesystem for LXC.
[[0;32m  OK  [0m] Stopped Session 6 of user vagrant.
[[0;32m  OK  [0m] Removed slice User Slice of vagrant.
         Stopping Login Service...
[[0;32m  OK  [0m] Removed slice system-getty.slice.
[[0;32m  OK  [0m] Removed slice system-serial\x2dgetty.slice.
         Stopping Permit User Sessions...
         Stopping Samba NMB Daemon...
         Stopping System Logging Service...
[[0;32m  OK  [0m] Stopped LSB: Record successful boot for GRUB.
[[0;32m  OK  [0m] Stopped System Logging Service.
[[0;32m  OK  [0m] Stopped Samba NMB Daemon.
[[0;32m  OK  [0m] Stopped LSB: automatic crash report generation.
[[0;32m  OK  [0m] Stopped Permit User Sessions.
[[0;32m  OK  [0m] Stopped LXD - container startup/shutdown.
[[0;32m  OK  [0m] Stopped LSB: ipvsadm daemon.
[[0;32m  OK  [0m] Stopped Login Service.
[[0;32m  OK  [0m] Stopped target User and Group Name Lookups.
[[0;32m  OK  [0m] Stopped Virtualbox guest utils.
[[0;32m  OK  [0m] Stopped LSB: Start/stop uWSGI server instance(s).
[[0;32m  OK  [0m] Stopped target Network is Online.
[[0;32m  OK  [0m] Stopped Devstack devstack@etcd.service.
[[0;32m  OK  [0m] Stopped (i)SCSI target daemon.
[[0;32m  OK  [0m] Stopped The Apache HTTP Server.
[[0;32m  OK  [0m] Stopped target Remote File Systems.
[[0;32m  OK  [0m] Stopped target Remote File Systems (Pre).
         Stopping NFS server and services...
[[0;32m  OK  [0m] Stopped target NFS client services.
[[0;32m  OK  [0m] Stopped target Host and Network Name Lookups.
[[0;32m  OK  [0m] Stopped NFS server and services.
         Stopping NFSv4 ID-name mapping service...
         Stopping NFS Mount Daemon...
[[0;32m  OK  [0m] Stopped NFSv4 ID-name mapping service.
[[0;32m  OK  [0m] Stopped NFS Mount Daemon.
         Unmounting RPC Pipe File System...
[[0;32m  OK  [0m] Unmounted RPC Pipe File System.
[[0;32m  OK  [0m] Stopped MySQL Community Server.
[[0;32m  OK  [0m] Stopped Devstack devstack@m-shr.service.
[[0;32m  OK  [0m] Stopped Devstack devstack@m-sch.service.
[[0;32m  OK  [0m] Stopped Devstack devstack@placement-api.service.
[[0;32m  OK  [0m] Stopped Devstack devstack@m-api.service.
[[0;32m  OK  [0m] Stopped Devstack devstack@g-api.service.
[[0;32m  OK  [0m] Stopped Devstack devstack@q-meta.service.
[[0;32m  OK  [0m] Stopped Devstack devstack@c-sch.service.
[[0;32m  OK  [0m] Stopped Devstack devstack@c-vol.service.
[[0;32m  OK  [0m] Stopped Devstack devstack@n-sch.service.
[[0;32m  OK  [0m] Stopped Devstack devstack@n-super-cond.service.
[[0;32m  OK  [0m] Stopped Devstack devstack@n-novnc-cell1.service.
[[0;32m  OK  [0m] Stopped Devstack devstack@q-agt.service.
[[0;32m  OK  [0m] Stopped Devstack devstack@keystone.service.
[[0;32m  OK  [0m] Stopped Devstack devstack@n-api.service.
[[0;32m  OK  [0m] Stopped Devstack devstack@c-api.service.
[[0m[0;31m*     [0m] (1 of 6) A stop job is running for …vstack@q-dhcp.service (11s / 5min)[K[[0;1;31m*[0m[0;31m*    [0m] (1 of 6) A stop job is running for …vstack@q-dhcp.service (11s / 5min)[K[[0;31m*[0;1;31m*[0m[0;31m*   [0m] (1 of 6) A stop job is running for …vstack@q-dhcp.service (12s / 5min)[K[ [0;31m*[0;1;31m*[0m[0;31m*  [0m] (2 of 6) A stop job is running for …evstack@m-dat.service (12s / 5min)[K[  [0;31m*[0;1;31m*[0m[0;31m* [0m] (2 of 6) A stop job is running for …evstack@m-dat.service (13s / 5min)[K[   [0;31m*[0;1;31m*[0m[0;31m*[0m] (2 of 6) A stop job is running for …evstack@m-dat.service (13s / 5min)[K[    [0;31m*[0;1;31m*[0m] (3 of 6) A stop job is running for …devstack@q-l3.service (14s / 5min)[K[     [0;31m*[0m] (3 of 6) A stop job is running for …devstack@q-l3.service (14s / 5min)[K[    [0;31m*[0;1;31m*[0m] (3 of 6) A stop job is running for …devstack@q-l3.service (15s / 5min)[K[   [0;31m*[0;1;31m*[0m[0;31m*[0m] (4 of 6) A stop job is running for …@n-cond-cell1.service (15s / 5min)[K[  [0;31m*[0;1;31m*[0m[0;31m* [0m] (4 of 6) A stop job is running for …@n-cond-cell1.service (15s / 5min)[K[ [0;31m*[0;1;31m*[0m[0;31m*  [0m] (4 of 6) A stop job is running for …@n-cond-cell1.service (16s / 5min)[K[[0;31m*[0;1;31m*[0m[0;31m*   [0m] (5 of 6) A stop job is running for … Messaging Server (16s / 1min 32s)[K[[0;1;31m*[0m[0;31m*    [0m] (5 of 6) A stop job is running for … Messaging Server (17s / 1min 32s)[K[[0m[0;31m*     [0m] (5 of 6) A stop job is running for … Messaging Server (17s / 1min 32s)[K[[0;1;31m*[0m[0;31m*    [0m] (6 of 6) A stop job is running for …evstack@q-svc.service (18s / 5min)[K[[0;31m*[0;1;31m*[0m[0;31m*   [0m] (6 of 6) A stop job is running for …evstack@q-svc.service (18s / 5min)[K[ [0;31m*[0;1;31m*[0m[0;31m*  [0m] (6 of 6) A stop job is running for …evstack@q-svc.service (18s / 5min)[K[  [0;31m*[0;1;31m*[0m[0;31m* [0m] (1 of 6) A stop job is running for …vstack@q-dhcp.service (19s / 5min)[K[   [0;31m*[0;1;31m*[0m[0;31m*[0m] (1 of 6) A stop job is running for …vstack@q-dhcp.service (19s / 5min)[K[    [0;31m*[0;1;31m*[0m] (1 of 6) A stop job is running for …vstack@q-dhcp.service (20s / 5min)[K[     [0;31m*[0m] (2 of 6) A stop job is running for …evstack@m-dat.service (20s / 5min)[K[    [0;31m*[0;1;31m*[0m] (2 of 6) A stop job is running for …evstack@m-dat.service (21s / 5min)[K[   [0;31m*[0;1;31m*[0m[0;31m*[0m] (2 of 6) A stop job is running for …evstack@m-dat.service (21s / 5min)[K[  [0;31m*[0;1;31m*[0m[0;31m* [0m] (3 of 6) A stop job is running for …devstack@q-l3.service (22s / 5min)[K[ [0;31m*[0;1;31m*[0m[0;31m*  [0m] (3 of 6) A stop job is running for …devstack@q-l3.service (22s / 5min)[K[[0;31m*[0;1;31m*[0m[0;31m*   [0m] (3 of 6) A stop job is running for …devstack@q-l3.service (23s / 5min)[K[[0;1;31m*[0m[0;31m*    [0m] (4 of 6) A stop job is running for …@n-cond-cell1.service (23s / 5min)[K[[0m[0;31m*     [0m] (4 of 6) A stop job is running for …@n-cond-cell1.service (23s / 5min)[K[[0;1;31m*[0m[0;31m*    [0m] (4 of 6) A stop job is running for …@n-cond-cell1.service (24s / 5min)[K[[0;31m*[0;1;31m*[0m[0;31m*   [0m] (5 of 6) A stop job is running for … Messaging Server (24s / 1min 32s)[K[ [0;31m*[0;1;31m*[0m[0;31m*  [0m] (5 of 6) A stop job is running for … Messaging Server (25s / 1min 32s)[K[  [0;31m*[0;1;31m*[0m[0;31m* [0m] (5 of 6) A stop job is running for … Messaging Server (25s / 1min 32s)[K[   [0;31m*[0;1;31m*[0m[0;31m*[0m] (6 of 6) A stop job is running for …evstack@q-svc.service (26s / 5min)[K[    [0;31m*[0;1;31m*[0m] (6 of 6) A stop job is running for …evstack@q-svc.service (26s / 5min)[K[     [0;31m*[0m] (6 of 6) A stop job is running for …evstack@q-svc.service (27s / 5min)[K[    [0;31m*[0;1;31m*[0m] (1 of 6) A stop job is running for …vstack@q-dhcp.service (27s / 5min)[K[   [0;31m*[0;1;31m*[0m[0;31m*[0m] (1 of 6) A stop job is running for …vstack@q-dhcp.service (28s / 5min)[K[  [0;31m*[0;1;31m*[0m[0;31m* [0m] (1 of 6) A stop job is running for …vstack@q-dhcp.service (28s / 5min)[K[ [0;31m*[0;1;31m*[0m[0;31m*  [0m] (2 of 6) A stop job is running for …evstack@m-dat.service (28s / 5min)[K[[0;31m*[0;1;31m*[0m[0;31m*   [0m] (2 of 6) A stop job is running for …evstack@m-dat.service (29s / 5min)[K[[0;1;31m*[0m[0;31m*    [0m] (2 of 6) A stop job is running for …evstack@m-dat.service (29s / 5min)[K[[0m[0;31m*     [0m] (3 of 6) A stop job is running for …devstack@q-l3.service (30s / 5min)[K[[0;1;31m*[0m[0;31m*    [0m] (3 of 6) A stop job is running for …devstack@q-l3.service (30s / 5min)[K[[0;31m*[0;1;31m*[0m[0;31m*   [0m] (3 of 6) A stop job is running for …devstack@q-l3.service (31s / 5min)[K[ [0;31m*[0;1;31m*[0m[0;31m*  [0m] (4 of 6) A stop job is running for …@n-cond-cell1.service (31s / 5min)[K[  [0;31m*[0;1;31m*[0m[0;31m* [0m] (4 of 6) A stop job is running for …@n-cond-cell1.service (32s / 5min)[K[   [0;31m*[0;1;31m*[0m[0;31m*[0m] (4 of 6) A stop job is running for …@n-cond-cell1.service (32s / 5min)[K[    [0;31m*[0;1;31m*[0m] (5 of 6) A stop job is running for … Messaging Server (33s / 1min 32s)[K[     [0;31m*[0m] (5 of 6) A stop job is running for … Messaging Server (33s / 1min 32s)[K[    [0;31m*[0;1;31m*[0m] (5 of 6) A stop job is running for … Messaging Server (34s / 1min 32s)[K[   [0;31m*[0;1;31m*[0m[0;31m*[0m] (6 of 6) A stop job is running for …evstack@q-svc.service (34s / 5min)[K[  [0;31m*[0;1;31m*[0m[0;31m* [0m] (6 of 6) A stop job is running for …evstack@q-svc.service (35s / 5min)[K[ [0;31m*[0;1;31m*[0m[0;31m*  [0m] (6 of 6) A stop job is running for …evstack@q-svc.service (35s / 5min)[K[[0;31m*[0;1;31m*[0m[0;31m*   [0m] (1 of 6) A stop job is running for …vstack@q-dhcp.service (36s / 5min)[K[[0;1;31m*[0m[0;31m*    [0m] (1 of 6) A stop job is running for …vstack@q-dhcp.service (36s / 5min)[K[[0m[0;31m*     [0m] (1 of 6) A stop job is running for …vstack@q-dhcp.service (36s / 5min)[K[[0;1;31m*[0m[0;31m*    [0m] (2 of 6) A stop job is running for …evstack@m-dat.service (37s / 5min)[K[[0;31m*[0;1;31m*[0m[0;31m*   [0m] (2 of 6) A stop job is running for …evstack@m-dat.service (37s / 5min)[K[ [0;31m*[0;1;31m*[0m[0;31m*  [0m] (2 of 6) A stop job is running for …evstack@m-dat.service (38s / 5min)[K[  [0;31m*[0;1;31m*[0m[0;31m* [0m] (3 of 6) A stop job is running for …devstack@q-l3.service (38s / 5min)[K[   [0;31m*[0;1;31m*[0m[0;31m*[0m] (3 of 6) A stop job is running for …devstack@q-l3.service (39s / 5min)[K[    [0;31m*[0;1;31m*[0m] (3 of 6) A stop job is running for …devstack@q-l3.service (39s / 5min)[K[     [0;31m*[0m] (4 of 6) A stop job is running for …@n-cond-cell1.service (40s / 5min)[K[    [0;31m*[0;1;31m*[0m] (4 of 6) A stop job is running for …@n-cond-cell1.service (40s / 5min)[K[   [0;31m*[0;1;31m*[0m[0;31m*[0m] (4 of 6) A stop job is running for …@n-cond-cell1.service (41s / 5min)[K[  [0;31m*[0;1;31m*[0m[0;31m* [0m] (5 of 6) A stop job is running for … Messaging Server (41s / 1min 32s)[K[ [0;31m*[0;1;31m*[0m[0;31m*  [0m] (5 of 6) A stop job is running for … Messaging Server (41s / 1min 32s)[K[[0;31m*[0;1;31m*[0m[0;31m*   [0m] (5 of 6) A stop job is running for … Messaging Server (42s / 1min 32s)[K[[0;1;31m*[0m[0;31m*    [0m] (6 of 6) A stop job is running for …evstack@q-svc.service (42s / 5min)[K[[0m[0;31m*     [0m] (6 of 6) A stop job is running for …evstack@q-svc.service (43s / 5min)[K[[0;1;31m*[0m[0;31m*    [0m] (6 of 6) A stop job is running for …evstack@q-svc.service (43s / 5min)[K[[0;31m*[0;1;31m*[0m[0;31m*   [0m] (1 of 6) A stop job is running for …vstack@q-dhcp.service (44s / 5min)[K[ [0;31m*[0;1;31m*[0m[0;31m*  [0m] (1 of 6) A stop job is running for …vstack@q-dhcp.service (44s / 5min)[K[  [0;31m*[0;1;31m*[0m[0;31m* [0m] (1 of 6) A stop job is running for …vstack@q-dhcp.service (45s / 5min)[K[   [0;31m*[0;1;31m*[0m[0;31m*[0m] (2 of 6) A stop job is running for …evstack@m-dat.service (45s / 5min)[K[    [0;31m*[0;1;31m*[0m] (2 of 6) A stop job is running for …evstack@m-dat.service (46s / 5min)[K[     [0;31m*[0m] (2 of 6) A stop job is running for …evstack@m-dat.service (46s / 5min)[K[    [0;31m*[0;1;31m*[0m] (3 of 6) A stop job is running for …devstack@q-l3.service (47s / 5min)[K[   [0;31m*[0;1;31m*[0m[0;31m*[0m] (3 of 6) A stop job is running for …devstack@q-l3.service (47s / 5min)[K[  [0;31m*[0;1;31m*[0m[0;31m* [0m] (3 of 6) A stop job is running for …devstack@q-l3.service (47s / 5min)[K[ [0;31m*[0;1;31m*[0m[0;31m*  [0m] (4 of 6) A stop job is running for …@n-cond-cell1.service (48s / 5min)[K[[0;31m*[0;1;31m*[0m[0;31m*   [0m] (4 of 6) A stop job is running for …@n-cond-cell1.service (48s / 5min)[K[[0;1;31m*[0m[0;31m*    [0m] (4 of 6) A stop job is running for …@n-cond-cell1.service (49s / 5min)[K[[0m[0;31m*     [0m] (5 of 6) A stop job is running for … Messaging Server (49s / 1min 32s)[K[[0;1;31m*[0m[0;31m*    [0m] (5 of 6) A stop job is running for … Messaging Server (50s / 1min 32s)[K[[0;31m*[0;1;31m*[0m[0;31m*   [0m] (5 of 6) A stop job is running for … Messaging Server (50s / 1min 32s)[K[ [0;31m*[0;1;31m*[0m[0;31m*  [0m] (6 of 6) A stop job is running for …evstack@q-svc.service (51s / 5min)[K[  [0;31m*[0;1;31m*[0m[0;31m* [0m] (6 of 6) A stop job is running for …evstack@q-svc.service (51s / 5min)[K[   [0;31m*[0;1;31m*[0m[0;31m*[0m] (6 of 6) A stop job is running for …evstack@q-svc.service (52s / 5min)[K[    [0;31m*[0;1;31m*[0m] (1 of 6) A stop job is running for …vstack@q-dhcp.service (52s / 5min)[K[     [0;31m*[0m] (1 of 6) A stop job is running for …vstack@q-dhcp.service (53s / 5min)[K[    [0;31m*[0;1;31m*[0m] (1 of 6) A stop job is running for …vstack@q-dhcp.service (53s / 5min)[K[   [0;31m*[0;1;31m*[0m[0;31m*[0m] (2 of 6) A stop job is running for …evstack@m-dat.service (54s / 5min)[K[  [0;31m*[0;1;31m*[0m[0;31m* [0m] (2 of 6) A stop job is running for …evstack@m-dat.service (54s / 5min)[K[ [0;31m*[0;1;31m*[0m[0;31m*  [0m] (2 of 6) A stop job is running for …evstack@m-dat.service (55s / 5min)[K[[0;31m*[0;1;31m*[0m[0;31m*   [0m] (3 of 6) A stop job is running for …devstack@q-l3.service (55s / 5min)[K[[0;1;31m*[0m[0;31m*    [0m] (3 of 6) A stop job is running for …devstack@q-l3.service (56s / 5min)[K[[0m[0;31m*     [0m] (3 of 6) A stop job is running for …devstack@q-l3.service (56s / 5min)[K[[0;1;31m*[0m[0;31m*    [0m] (4 of 6) A stop job is running for …@n-cond-cell1.service (57s / 5min)[K[[0;31m*[0;1;31m*[0m[0;31m*   [0m] (4 of 6) A stop job is running for …@n-cond-cell1.service (57s / 5min)[K[ [0;31m*[0;1;31m*[0m[0;31m*  [0m] (4 of 6) A stop job is running for …@n-cond-cell1.service (58s / 5min)[K[  [0;31m*[0;1;31m*[0m[0;31m* [0m] (5 of 6) A stop job is running for … Messaging Server (58s / 1min 32s)[K[   [0;31m*[0;1;31m*[0m[0;31m*[0m] (5 of 6) A stop job is running for … Messaging Server (59s / 1min 32s)[K[    [0;31m*[0;1;31m*[0m] (5 of 6) A stop job is running for … Messaging Server (59s / 1min 32s)[K[     [0;31m*[0m] (6 of 6) A stop job is running for …evstack@q-svc.service (59s / 5min)[K[[0;32m  OK  [0m] Stopped Devstack devstack@m-dat.service.
[[0;32m  OK  [0m] Stopped Devstack devstack@q-dhcp.service.
