[    0.000000] Linux version 4.15.0-112-generic (buildd@lcy01-amd64-027) (gcc version 7.5.0 (Ubuntu 7.5.0-3ubuntu1~18.04)) #113-Ubuntu SMP Thu Jul 9 23:41:39 UTC 2020 (Ubuntu 4.15.0-112.113-generic 4.15.18)
[    0.000000] Command line: BOOT_IMAGE=/boot/vmlinuz-4.15.0-112-generic root=UUID=9887b0d8-55e1-49d6-b28b-ed8492c1f834 ro console=tty1 console=ttyS0
[    0.000000] KERNEL supported cpus:
[    0.000000]   Intel GenuineIntel
[    0.000000]   AMD AuthenticAMD
[    0.000000]   Centaur CentaurHauls
[    0.000000] x86/fpu: Supporting XSAVE feature 0x001: 'x87 floating point registers'
[    0.000000] x86/fpu: Supporting XSAVE feature 0x002: 'SSE registers'
[    0.000000] x86/fpu: Supporting XSAVE feature 0x004: 'AVX registers'
[    0.000000] x86/fpu: xstate_offset[2]:  576, xstate_sizes[2]:  256
[    0.000000] x86/fpu: Enabled xstate features 0x7, context size is 832 bytes, using 'standard' format.
[    0.000000] e820: BIOS-provided physical RAM map:
[    0.000000] BIOS-e820: [mem 0x0000000000000000-0x000000000009fbff] usable
[    0.000000] BIOS-e820: [mem 0x000000000009fc00-0x000000000009ffff] reserved
[    0.000000] BIOS-e820: [mem 0x00000000000f0000-0x00000000000fffff] reserved
[    0.000000] BIOS-e820: [mem 0x0000000000100000-0x00000000dffeffff] usable
[    0.000000] BIOS-e820: [mem 0x00000000dfff0000-0x00000000dfffffff] ACPI data
[    0.000000] BIOS-e820: [mem 0x00000000fec00000-0x00000000fec00fff] reserved
[    0.000000] BIOS-e820: [mem 0x00000000fee00000-0x00000000fee00fff] reserved
[    0.000000] BIOS-e820: [mem 0x00000000fffc0000-0x00000000ffffffff] reserved
[    0.000000] BIOS-e820: [mem 0x0000000100000000-0x000000021fffffff] usable
[    0.000000] NX (Execute Disable) protection: active
[    0.000000] SMBIOS 2.5 present.
[    0.000000] DMI: innotek GmbH VirtualBox/VirtualBox, BIOS VirtualBox 12/01/2006
[    0.000000] Hypervisor detected: KVM
[    0.000000] e820: last_pfn = 0x220000 max_arch_pfn = 0x400000000
[    0.000000] MTRR: Disabled
[    0.000000] x86/PAT: MTRRs disabled, skipping PAT initialization too.
[    0.000000] CPU MTRRs all blank - virtualized system.
[    0.000000] x86/PAT: Configuration [0-7]: WB  WT  UC- UC  WB  WT  UC- UC  
[    0.000000] e820: last_pfn = 0xdfff0 max_arch_pfn = 0x400000000
[    0.000000] found SMP MP-table at [mem 0x0009fff0-0x0009ffff]
[    0.000000] Scanning 1 areas for low memory corruption
[    0.000000] RAMDISK: [mem 0x35953000-0x36ca0fff]
[    0.000000] ACPI: Early table checksum verification disabled
[    0.000000] ACPI: RSDP 0x00000000000E0000 000024 (v02 VBOX  )
[    0.000000] ACPI: XSDT 0x00000000DFFF0030 00003C (v01 VBOX   VBOXXSDT 00000001 ASL  00000061)
[    0.000000] ACPI: FACP 0x00000000DFFF00F0 0000F4 (v04 VBOX   VBOXFACP 00000001 ASL  00000061)
[    0.000000] ACPI: DSDT 0x00000000DFFF0470 002325 (v02 VBOX   VBOXBIOS 00000002 INTL 20100528)
[    0.000000] ACPI: FACS 0x00000000DFFF0200 000040
[    0.000000] ACPI: FACS 0x00000000DFFF0200 000040
[    0.000000] ACPI: APIC 0x00000000DFFF0240 00005C (v02 VBOX   VBOXAPIC 00000001 ASL  00000061)
[    0.000000] ACPI: SSDT 0x00000000DFFF02A0 0001CC (v01 VBOX   VBOXCPUT 00000002 INTL 20100528)
[    0.000000] No NUMA configuration found
[    0.000000] Faking a node at [mem 0x0000000000000000-0x000000021fffffff]
[    0.000000] NODE_DATA(0) allocated [mem 0x21ffd1000-0x21fffbfff]
[    0.000000] kvm-clock: cpu 0, msr 2:1ff50001, primary cpu clock
[    0.000000] kvm-clock: Using msrs 4b564d01 and 4b564d00
[    0.000000] kvm-clock: using sched offset of 3953365846 cycles
[    0.000000] clocksource: kvm-clock: mask: 0xffffffffffffffff max_cycles: 0x1cd42e4dffb, max_idle_ns: 881590591483 ns
[    0.000000] Zone ranges:
[    0.000000]   DMA      [mem 0x0000000000001000-0x0000000000ffffff]
[    0.000000]   DMA32    [mem 0x0000000001000000-0x00000000ffffffff]
[    0.000000]   Normal   [mem 0x0000000100000000-0x000000021fffffff]
[    0.000000]   Device   empty
[    0.000000] Movable zone start for each node
[    0.000000] Early memory node ranges
[    0.000000]   node   0: [mem 0x0000000000001000-0x000000000009efff]
[    0.000000]   node   0: [mem 0x0000000000100000-0x00000000dffeffff]
[    0.000000]   node   0: [mem 0x0000000100000000-0x000000021fffffff]
[    0.000000] Reserved but unavailable: 98 pages
[    0.000000] Initmem setup node 0 [mem 0x0000000000001000-0x000000021fffffff]
[    0.000000] ACPI: PM-Timer IO Port: 0x4008
[    0.000000] IOAPIC[0]: apic_id 2, version 32, address 0xfec00000, GSI 0-23
[    0.000000] ACPI: INT_SRC_OVR (bus 0 bus_irq 0 global_irq 2 dfl dfl)
[    0.000000] ACPI: INT_SRC_OVR (bus 0 bus_irq 9 global_irq 9 low level)
[    0.000000] Using ACPI (MADT) for SMP configuration information
[    0.000000] smpboot: Allowing 2 CPUs, 0 hotplug CPUs
[    0.000000] PM: Registered nosave memory: [mem 0x00000000-0x00000fff]
[    0.000000] PM: Registered nosave memory: [mem 0x0009f000-0x0009ffff]
[    0.000000] PM: Registered nosave memory: [mem 0x000a0000-0x000effff]
[    0.000000] PM: Registered nosave memory: [mem 0x000f0000-0x000fffff]
[    0.000000] PM: Registered nosave memory: [mem 0xdfff0000-0xdfffffff]
[    0.000000] PM: Registered nosave memory: [mem 0xe0000000-0xfebfffff]
[    0.000000] PM: Registered nosave memory: [mem 0xfec00000-0xfec00fff]
[    0.000000] PM: Registered nosave memory: [mem 0xfec01000-0xfedfffff]
[    0.000000] PM: Registered nosave memory: [mem 0xfee00000-0xfee00fff]
[    0.000000] PM: Registered nosave memory: [mem 0xfee01000-0xfffbffff]
[    0.000000] PM: Registered nosave memory: [mem 0xfffc0000-0xffffffff]
[    0.000000] e820: [mem 0xe0000000-0xfebfffff] available for PCI devices
[    0.000000] Booting paravirtualized kernel on KVM
[    0.000000] clocksource: refined-jiffies: mask: 0xffffffff max_cycles: 0xffffffff, max_idle_ns: 7645519600211568 ns
[    0.000000] random: get_random_bytes called from start_kernel+0x99/0x500 with crng_init=0
[    0.000000] setup_percpu: NR_CPUS:8192 nr_cpumask_bits:2 nr_cpu_ids:2 nr_node_ids:1
[    0.000000] percpu: Embedded 45 pages/cpu s147456 r8192 d28672 u1048576
[    0.000000] PV qspinlock hash table entries: 256 (order: 0, 4096 bytes)
[    0.000000] Built 1 zonelists, mobility grouping on.  Total pages: 2064249
[    0.000000] Policy zone: Normal
[    0.000000] Kernel command line: BOOT_IMAGE=/boot/vmlinuz-4.15.0-112-generic root=UUID=9887b0d8-55e1-49d6-b28b-ed8492c1f834 ro console=tty1 console=ttyS0
[    0.000000] Memory: 8141860K/8388152K available (12300K kernel code, 2481K rwdata, 4272K rodata, 2436K init, 2720K bss, 246292K reserved, 0K cma-reserved)
[    0.000000] SLUB: HWalign=64, Order=0-3, MinObjects=0, CPUs=2, Nodes=1
[    0.000000] Kernel/User page tables isolation: enabled
[    0.000000] ftrace: allocating 39378 entries in 154 pages
[    0.004000] Hierarchical RCU implementation.
[    0.004000] 	RCU restricting CPUs from NR_CPUS=8192 to nr_cpu_ids=2.
[    0.004000] 	Tasks RCU enabled.
[    0.004000] RCU: Adjusting geometry for rcu_fanout_leaf=16, nr_cpu_ids=2
[    0.004000] NR_IRQS: 524544, nr_irqs: 440, preallocated irqs: 16
[    0.004000] Console: colour VGA+ 80x25
[    0.004000] console [tty1] enabled
[    0.004000] console [ttyS0] enabled
[    0.004000] ACPI: Core revision 20170831
[    0.004000] ACPI: 2 ACPI AML tables successfully acquired and loaded
[    0.004000] APIC: Switch to symmetric I/O mode setup
[    0.004000] x2apic enabled
[    0.004000] Switched APIC routing to physical x2apic.
[    0.004000] ..TIMER: vector=0x30 apic1=0 pin1=2 apic2=-1 pin2=-1
[    0.004004] tsc: Detected 2194.918 MHz processor
[    0.005022] Calibrating delay loop (skipped) preset value.. 4389.83 BogoMIPS (lpj=8779672)
[    0.008002] pid_max: default: 32768 minimum: 301
[    0.008977] Security Framework initialized
[    0.009825] Yama: becoming mindful.
[    0.010580] AppArmor: AppArmor initialized
[    0.016000] Dentry cache hash table entries: 1048576 (order: 11, 8388608 bytes)
[    0.018972] Inode-cache hash table entries: 524288 (order: 10, 4194304 bytes)
[    0.020022] Mount-cache hash table entries: 16384 (order: 5, 131072 bytes)
[    0.021532] Mountpoint-cache hash table entries: 16384 (order: 5, 131072 bytes)
[    0.024237] Last level iTLB entries: 4KB 1024, 2MB 1024, 4MB 1024
[    0.025498] Last level dTLB entries: 4KB 1024, 2MB 1024, 4MB 1024, 1GB 4
[    0.026893] Spectre V1 : Mitigation: usercopy/swapgs barriers and __user pointer sanitization
[    0.028002] Spectre V2 : Mitigation: Full generic retpoline
[    0.029120] Spectre V2 : Spectre v2 / SpectreRSB mitigation: Filling RSB on context switch
[    0.030810] Speculative Store Bypass: Vulnerable
[    0.032025] SRBDS: Unknown: Dependent on hypervisor status
[    0.033133] MDS: Mitigation: Clear CPU buffers
[    0.034188] Freeing SMP alternatives memory: 36K
[    0.145194] smpboot: CPU0: Intel(R) Core(TM) i7-4770HQ CPU @ 2.20GHz (family: 0x6, model: 0x46, stepping: 0x1)
[    0.147449] Performance Events: unsupported p6 CPU model 70 no PMU driver, software events only.
[    0.148036] Hierarchical SRCU implementation.
[    0.149625] NMI watchdog: Perf event create on CPU 0 failed with -2
[    0.150949] NMI watchdog: Perf NMI watchdog permanently disabled
[    0.153423] smp: Bringing up secondary CPUs ...
[    0.154533] x86: Booting SMP configuration:
[    0.156004] .... node  #0, CPUs:      #1
[    0.004000] kvm-clock: cpu 1, msr 2:1ff50041, secondary cpu clock
[    0.160029] smp: Brought up 1 node, 2 CPUs
[    0.160866] smpboot: Max logical packages: 1
[    0.161910] smpboot: Total of 2 processors activated (8779.67 BogoMIPS)
[    0.164258] devtmpfs: initialized
[    0.164925] x86/mm: Memory block size: 128MB
[    0.166415] evm: security.selinux
[    0.168003] evm: security.SMACK64
[    0.168955] evm: security.SMACK64EXEC
[    0.169803] evm: security.SMACK64TRANSMUTE
[    0.170772] evm: security.SMACK64MMAP
[    0.172003] evm: security.apparmor
[    0.172973] evm: security.ima
[    0.173704] evm: security.capability
[    0.174629] clocksource: jiffies: mask: 0xffffffff max_cycles: 0xffffffff, max_idle_ns: 7645041785100000 ns
[    0.176017] futex hash table entries: 512 (order: 3, 32768 bytes)
[    0.177344] pinctrl core: initialized pinctrl subsystem
[    0.180071] RTC time:  0:29:49, date: 08/12/20
[    0.181514] NET: Registered protocol family 16
[    0.182548] audit: initializing netlink subsys (disabled)
[    0.183695] audit: type=2000 audit(1597192194.813:1): state=initialized audit_enabled=0 res=1
[    0.184029] cpuidle: using governor ladder
[    0.184940] cpuidle: using governor menu
[    0.185872] ACPI: bus type PCI registered
[    0.188003] acpiphp: ACPI Hot Plug PCI Controller Driver version: 0.5
[    0.189405] PCI: Using configuration type 1 for base access
[    0.192044] HugeTLB registered 2.00 MiB page size, pre-allocated 0 pages
[    0.193430] ACPI: Added _OSI(Module Device)
[    0.193430] ACPI: Added _OSI(Processor Device)
[    0.196003] ACPI: Added _OSI(3.0 _SCP Extensions)
[    0.197013] ACPI: Added _OSI(Processor Aggregator Device)
[    0.198479] ACPI: Added _OSI(Linux-Dell-Video)
[    0.200056] ACPI: Added _OSI(Linux-Lenovo-NV-HDMI-Audio)
[    0.201369] ACPI: Added _OSI(Linux-HPI-Hybrid-Graphics)
[    0.202960] ACPI: Executed 1 blocks of module-level executable AML code
[    0.206922] ACPI: Interpreter enabled
[    0.208013] ACPI: (supports S0 S5)
[    0.208756] ACPI: Using IOAPIC for interrupt routing
[    0.210480] PCI: Using host bridge windows from ACPI; if necessary, use "pci=nocrs" and report a bug
[    0.212211] ACPI: Enabled 2 GPEs in block 00 to 07
[    0.221639] ACPI: PCI Root Bridge [PCI0] (domain 0000 [bus 00-ff])
[    0.223508] acpi PNP0A03:00: _OSC: OS supports [ASPM ClockPM Segments MSI]
[    0.224447] acpi PNP0A03:00: _OSC: not requesting OS control; OS requires [ExtendedConfig ASPM ClockPM MSI]
[    0.226501] acpi PNP0A03:00: fail to add MMCONFIG information, can't access extended PCI configuration space under this bridge.
[    0.232064] PCI host bridge to bus 0000:00
[    0.233292] pci_bus 0000:00: root bus resource [io  0x0000-0x0cf7 window]
[    0.234810] pci_bus 0000:00: root bus resource [io  0x0d00-0xffff window]
[    0.236000] pci_bus 0000:00: root bus resource [mem 0x000a0000-0x000bffff window]
[    0.236003] pci_bus 0000:00: root bus resource [mem 0xe0000000-0xfdffffff window]
[    0.237507] pci_bus 0000:00: root bus resource [bus 00-ff]
[    0.242676] pci 0000:00:01.1: legacy IDE quirk: reg 0x10: [io  0x01f0-0x01f7]
[    0.244000] pci 0000:00:01.1: legacy IDE quirk: reg 0x14: [io  0x03f6]
[    0.244004] pci 0000:00:01.1: legacy IDE quirk: reg 0x18: [io  0x0170-0x0177]
[    0.245598] pci 0000:00:01.1: legacy IDE quirk: reg 0x1c: [io  0x0376]
[    0.308287] pci 0000:00:07.0: quirk: [io  0x4000-0x403f] claimed by PIIX4 ACPI
[    0.310217] pci 0000:00:07.0: quirk: [io  0x4100-0x410f] claimed by PIIX4 SMB
[    0.350303] ACPI: PCI Interrupt Link [LNKA] (IRQs 5 9 10 *11)
[    0.352441] ACPI: PCI Interrupt Link [LNKB] (IRQs 5 9 *10 11)
[    0.354005] ACPI: PCI Interrupt Link [LNKC] (IRQs 5 *9 10 11)
[    0.356089] ACPI: PCI Interrupt Link [LNKD] (IRQs 5 9 10 *11)
[    0.357913] SCSI subsystem initialized
[    0.358759] pci 0000:00:02.0: vgaarb: setting as boot VGA device
[    0.358759] pci 0000:00:02.0: vgaarb: VGA device added: decodes=io+mem,owns=io+mem,locks=none
[    0.360005] pci 0000:00:02.0: vgaarb: bridge control possible
[    0.361247] vgaarb: loaded
[    0.364021] ACPI: bus type USB registered
[    0.365131] usbcore: registered new interface driver usbfs
[    0.366395] usbcore: registered new interface driver hub
[    0.367485] usbcore: registered new device driver usb
[    0.368070] EDAC MC: Ver: 3.0.0
[    0.369085] PCI: Using ACPI for IRQ routing
[    0.369424] NetLabel: Initializing
[    0.372003] NetLabel:  domain hash size = 128
[    0.373017] NetLabel:  protocols = UNLABELED CIPSOv4 CALIPSO
[    0.374298] NetLabel:  unlabeled traffic allowed by default
[    0.375480] clocksource: Switched to clocksource kvm-clock
[    0.380106] VFS: Disk quotas dquot_6.6.0
[    0.386261] VFS: Dquot-cache hash table entries: 512 (order 0, 4096 bytes)
[    0.387991] AppArmor: AppArmor Filesystem Enabled
[    0.389156] pnp: PnP ACPI init
[    0.391264] pnp: PnP ACPI: found 3 devices
[    0.401738] clocksource: acpi_pm: mask: 0xffffff max_cycles: 0xffffff, max_idle_ns: 2085701024 ns
[    0.404031] NET: Registered protocol family 2
[    0.406048] TCP established hash table entries: 65536 (order: 7, 524288 bytes)
[    0.407864] TCP bind hash table entries: 65536 (order: 8, 1048576 bytes)
[    0.410572] TCP: Hash tables configured (established 65536 bind 65536)
[    0.411910] UDP hash table entries: 4096 (order: 5, 131072 bytes)
[    0.413173] UDP-Lite hash table entries: 4096 (order: 5, 131072 bytes)
[    0.414507] NET: Registered protocol family 1
[    0.415471] pci 0000:00:00.0: Limiting direct PCI/PCI transfers
[    0.416799] pci 0000:00:01.0: Activating ISA DMA hang workarounds
[    0.418085] pci 0000:00:02.0: Video device with shadowed ROM at [mem 0x000c0000-0x000dffff]
[    0.419951] Unpacking initramfs...
[    0.749145] Freeing initrd memory: 19768K
[    0.750508] PCI-DMA: Using software bounce buffering for IO (SWIOTLB)
[    0.752226] software IO TLB: mapped [mem 0xdbff0000-0xdfff0000] (64MB)
[    0.753977] clocksource: tsc: mask: 0xffffffffffffffff max_cycles: 0x1fa37202099, max_idle_ns: 440795206796 ns
[    0.756210] platform rtc_cmos: registered platform RTC device (no PNP device found)
[    0.758000] Scanning for low memory corruption every 60 seconds
[    0.760457] Initialise system trusted keyrings
[    0.761565] Key type blacklist registered
[    0.762546] workingset: timestamp_bits=36 max_order=21 bucket_order=0
[    0.764916] zbud: loaded
[    0.766007] squashfs: version 4.0 (2009/01/31) Phillip Lougher
[    0.767944] fuse init (API version 7.26)
[    0.776289] Key type asymmetric registered
[    0.777291] Asymmetric key parser 'x509' registered
[    0.778387] Block layer SCSI generic (bsg) driver version 0.4 loaded (major 246)
[    0.780071] io scheduler noop registered
[    0.781083] io scheduler deadline registered
[    0.782007] io scheduler cfq registered (default)
[    0.783503] ACPI: AC Adapter [AC] (on-line)
[    0.784528] input: Power Button as /devices/LNXSYSTM:00/LNXPWRBN:00/input/input0
[    0.786090] ACPI: Power Button [PWRF]
[    0.786995] input: Sleep Button as /devices/LNXSYSTM:00/LNXSLPBN:00/input/input1
[    0.788594] ACPI: Sleep Button [SLPF]
[    0.790719] ACPI: Battery Slot [BAT0] (battery present)
[    0.792187] Serial: 8250/16550 driver, 32 ports, IRQ sharing enabled
[    0.814968] 00:02: ttyS0 at I/O 0x3f8 (irq = 4, base_baud = 115200) is a 16550A
[    0.821672] Linux agpgart interface v0.103
[    0.824085] loop: module loaded
[    0.825465] scsi host0: ata_piix
[    0.826682] scsi host1: ata_piix
[    0.827409] ata1: PATA max UDMA/33 cmd 0x1f0 ctl 0x3f6 bmdma 0xd000 irq 14
[    0.828944] ata2: PATA max UDMA/33 cmd 0x170 ctl 0x376 bmdma 0xd008 irq 15
[    0.830420] libphy: Fixed MDIO Bus: probed
[    0.831346] tun: Universal TUN/TAP device driver, 1.6
[    0.834249] PPP generic driver version 2.4.2
[    0.835587] ehci_hcd: USB 2.0 'Enhanced' Host Controller (EHCI) Driver
[    0.837020] ehci-pci: EHCI PCI platform driver
[    0.837953] ehci-platform: EHCI generic platform driver
[    0.839010] ohci_hcd: USB 1.1 'Open' Host Controller (OHCI) Driver
[    0.840363] ohci-pci: OHCI PCI platform driver
[    0.841286] ohci-platform: OHCI generic platform driver
[    0.842456] uhci_hcd: USB Universal Host Controller Interface driver
[    0.843791] i8042: PNP: PS/2 Controller [PNP0303:PS2K,PNP0f03:PS2M] at 0x60,0x64 irq 1,12
[    0.846088] serio: i8042 KBD port at 0x60,0x64 irq 1
[    0.847126] serio: i8042 AUX port at 0x60,0x64 irq 12
[    0.848429] mousedev: PS/2 mouse device common for all mice
[    0.850376] input: AT Translated Set 2 keyboard as /devices/platform/i8042/serio0/input/input2
[    0.853143] rtc_cmos rtc_cmos: rtc core: registered rtc_cmos as rtc0
[    0.854642] rtc_cmos rtc_cmos: alarms up to one day, 114 bytes nvram
[    0.856053] i2c /dev entries driver
[    0.857068] device-mapper: uevent: version 1.0.3
[    0.858244] device-mapper: ioctl: 4.37.0-ioctl (2017-09-20) initialised: dm-devel@redhat.com
[    0.860147] ledtrig-cpu: registered to indicate activity on CPUs
[    0.862188] NET: Registered protocol family 10
[    0.866975] Segment Routing with IPv6
[    0.867899] NET: Registered protocol family 17
[    0.869072] Key type dns_resolver registered
[    0.870339] mce: Using 0 MCE banks
[    0.871150] RAS: Correctable Errors collector initialized.
[    0.872420] sched_clock: Marking stable (872392200, 0)->(1219983139, -347590939)
[    0.874514] registered taskstats version 1
[    0.875394] Loading compiled-in X.509 certificates
[    0.878542] Loaded X.509 cert 'Build time autogenerated kernel key: 1d4b83cbc5f7a3cd7e4471a5cf69d65d9314bdf5'
[    0.880733] zswap: loaded using pool lzo/zbud
[    0.885213] Key type big_key registered
[    0.886028] Key type trusted registered
[    0.888397] Key type encrypted registered
[    0.889254] AppArmor: AppArmor sha1 policy hashing enabled
[    0.890457] ima: No TPM chip found, activating TPM-bypass! (rc=-19)
[    0.891963] ima: Allocated hash algorithm: sha1
[    0.893275] evm: HMAC attrs: 0x1
[    0.894352]   Magic number: 0:835:455
[    0.895384] rtc_cmos rtc_cmos: setting system clock to 2020-08-12 00:29:50 UTC (1597192190)
[    0.897802] BIOS EDD facility v0.16 2004-Jun-25, 0 devices found
[    0.899123] EDD information not available.
[    1.014152] Freeing unused kernel image memory: 2436K
[    1.168674] Write protecting the kernel read-only data: 20480k
[    1.171602] Freeing unused kernel image memory: 2008K
[    1.173630] Freeing unused kernel image memory: 1872K
[    1.182012] x86/mm: Checked W+X mappings: passed, no W+X pages found.
[    1.183377] x86/mm: Checking user space page tables
[    1.189823] x86/mm: Checked W+X mappings: passed, no W+X pages found.
Loading, please wait...
starting version 237
[    1.259633] e1000: Intel(R) PRO/1000 Network Driver - version 7.3.21-k8-NAPI
[    1.261872] e1000: Copyright (c) 1999-2006 Intel Corporation.
[    1.275535] Fusion MPT base driver 3.04.20
[    1.277129] Copyright (c) 1999-2008 LSI Corporation
[    1.297745] AVX2 version of gcm_enc/dec engaged.
[    1.299238] AES CTR mode by8 optimization enabled
[    1.346794] Fusion MPT SPI Host driver 3.04.20
[    1.516352] input: ImExPS/2 Generic Explorer Mouse as /devices/platform/i8042/serio1/input/input4
[    1.718864] e1000 0000:00:03.0 eth0: (PCI:33MHz:32-bit) 02:27:36:10:00:0e
[    1.720431] e1000 0000:00:03.0 eth0: Intel(R) PRO/1000 Network Connection
[    1.723141] mptbase: ioc0: Initiating bringup
[    2.822394] ioc0: LSI53C1030 A0: Capabilities={Initiator}
[    5.354979] scsi host2: ioc0: LSI53C1030 A0, FwRev=00000000h, Ports=1, MaxQ=256, IRQ=20
[    6.797455] scsi 2:0:0:0: Direct-Access     VBOX     HARDDISK         1.0  PQ: 0 ANSI: 5
[    6.820544] scsi target2:0:0: Beginning Domain Validation
[    6.824523] scsi target2:0:0: Domain Validation skipping write tests
[    6.826292] scsi target2:0:0: Ending Domain Validation
[    6.827882] scsi target2:0:0: asynchronous
[    6.830271] scsi 2:0:1:0: Direct-Access     VBOX     HARDDISK         1.0  PQ: 0 ANSI: 5
[    7.080122] scsi target2:0:1: Beginning Domain Validation
[    7.083457] random: fast init done
[    7.087748] scsi target2:0:1: Domain Validation skipping write tests
[    7.089346] scsi target2:0:1: Ending Domain Validation
[    7.090631] scsi target2:0:1: asynchronous
[    7.092295] scsi 2:0:2:0: Direct-Access     VBOX     HARDDISK         1.0  PQ: 0 ANSI: 5
[    7.192409] scsi target2:0:2: Beginning Domain Validation
[    7.197617] scsi target2:0:2: Domain Validation skipping write tests
[    7.199107] scsi target2:0:2: Ending Domain Validation
[    7.200419] scsi target2:0:2: asynchronous
[    7.206487] sd 2:0:0:0: Attached scsi generic sg0 type 0
[    7.208119] random: systemd-udevd: uninitialized urandom read (16 bytes read)
[    7.208248] sd 2:0:1:0: Attached scsi generic sg1 type 0
[    7.210625] random: systemd-udevd: uninitialized urandom read (16 bytes read)
[    7.211886] sd 2:0:2:0: Attached scsi generic sg2 type 0
[    7.214819] sd 2:0:0:0: [sda] 20971520 512-byte logical blocks: (10.7 GB/10.0 GiB)
[    7.216723] sd 2:0:0:0: [sda] Write Protect is off
[    7.218302] sd 2:0:1:0: [sdb] 10485760 512-byte logical blocks: (5.37 GB/5.00 GiB)
[    7.219154] random: systemd-udevd: uninitialized urandom read (16 bytes read)
[    7.221772] sd 2:0:0:0: [sda] Incomplete mode parameter data
[    7.223066] sd 2:0:0:0: [sda] Assuming drive cache: write through
[    7.224654] sd 2:0:1:0: [sdb] Write Protect is off
[    7.224982] e1000 0000:00:08.0 eth1: (PCI:33MHz:32-bit) 08:00:27:28:f7:9b
[    7.228070] e1000 0000:00:08.0 eth1: Intel(R) PRO/1000 Network Connection
[    7.230110] sd 2:0:2:0: [sdc] 10485760 512-byte logical blocks: (5.37 GB/5.00 GiB)
[    7.230916] e1000 0000:00:08.0 enp0s8: renamed from eth1
[    7.231827] sd 2:0:1:0: [sdb] Incomplete mode parameter data
[    7.234365] sd 2:0:1:0: [sdb] Assuming drive cache: write through
[    7.235906] sd 2:0:2:0: [sdc] Write Protect is off
[    7.237135] sd 2:0:2:0: [sdc] Incomplete mode parameter data
[    7.238337] sd 2:0:2:0: [sdc] Assuming drive cache: write through
[    7.240190]  sda: sda1
[    7.241920] sd 2:0:0:0: [sda] Attached SCSI disk
[    7.243325]  sdc: sdc1 sdc2
[    7.244158]  sdb: sdb1
[    7.245604] sd 2:0:2:0: [sdc] Attached SCSI disk
[    7.246891] sd 2:0:1:0: [sdb] Attached SCSI disk
[    7.259978] e1000 0000:00:03.0 enp0s3: renamed from eth0
Begin: Loading essential drivers ... [    8.732556] raid6: sse2x1   gen()  9901 MB/s
[    8.780336] raid6: sse2x1   xor()  7273 MB/s
[    8.828258] raid6: sse2x2   gen() 11268 MB/s
[    8.876277] raid6: sse2x2   xor()  7688 MB/s
[    8.924119] raid6: sse2x4   gen() 13187 MB/s
[    8.972007] raid6: sse2x4   xor()  8341 MB/s
[    9.020125] raid6: avx2x1   gen() 17738 MB/s
[    9.068214] raid6: avx2x1   xor() 13088 MB/s
[    9.116031] raid6: avx2x2   gen() 23080 MB/s
[    9.164084] raid6: avx2x2   xor() 14817 MB/s
[    9.212559] raid6: avx2x4   gen() 27434 MB/s
[    9.260207] raid6: avx2x4   xor() 16943 MB/s
[    9.261280] raid6: using algorithm avx2x4 gen() 27434 MB/s
[    9.262480] raid6: .... xor() 16943 MB/s, rmw enabled
[    9.263542] raid6: using avx2x2 recovery algorithm
[    9.265904] xor: automatically using best checksumming function   avx       
[    9.268950] async_tx: api initialized (async)
done.
Begin: Running /scripts/init-premount ... done.
Begin: Mounting root file system ... Begin: Running /scripts/local-top ... done.
Begin: Running /scripts/local-premount ... [    9.314419] Btrfs loaded, crc32c=crc32c-intel
Scanning for Btrfs filesystems
done.
Warning: fsck not present, so skipping root file system
[    9.345372] EXT4-fs (sda1): mounted filesystem with ordered data mode. Opts: (null)
done.
Begin: Running /scripts/local-bottom ... done.
Begin: Running /scripts/init-bottom ... done.
[    9.506580] ip_tables: (C) 2000-2006 Netfilter Core Team
[    9.515742] systemd[1]: systemd 237 running in system mode. (+PAM +AUDIT +SELINUX +IMA +APPARMOR +SMACK +SYSVINIT +UTMP +LIBCRYPTSETUP +GCRYPT +GNUTLS +ACL +XZ +LZ4 +SECCOMP +BLKID +ELFUTILS +KMOD -IDN2 +IDN -PCRE2 default-hierarchy=hybrid)
[    9.520378] systemd[1]: Detected virtualization oracle.
[    9.521571] systemd[1]: Detected architecture x86-64.

Welcome to [1mUbuntu 18.04.4 LTS[0m!

[    9.527511] systemd[1]: Set hostname to <ubuntu-bionic1>.
[    9.779242] systemd[1]: Created slice User and Session Slice.
[[0;32m  OK  [0m] Created slice User and Session Slice.
[    9.781330] systemd[1]: Reached target System Time Synchronized.
[[0;32m  OK  [0m] Reached target System Time Synchronized.
[    9.784204] systemd[1]: Created slice System Slice.
[[0;32m  OK  [0m] Created slice System Slice.
[    9.786228] systemd[1]: Listening on Syslog Socket.
[[0;32m  OK  [0m] Listening on Syslog Socket.
[    9.788139] systemd[1]: Listening on LVM2 poll daemon socket.
[[0;32m  OK  [0m] Listening on LVM2 poll daemon socket.
[    9.790194] systemd[1]: Listening on udev Control Socket.
[[0;32m  OK  [0m] Listening on udev Control Socket.
[[0;32m  OK  [0m] Listening on Device-mapper event daemon FIFOs.
[[0;32m  OK  [0m] Listening on Network Service Netlink Socket.
[[0;32m  OK  [0m] Reached target User and Group Name Lookups.
[[0;32m  OK  [0m] Started Forward Password Requests to Wall Directory Watch.
[[0;32m  OK  [0m] Listening on Journal Audit Socket.
[[0;32m  OK  [0m] Set up automount Arbitrary Executab…rmats File System Automount Point.
[[0;32m  OK  [0m] Reached target Slices.
[[0;32m  OK  [0m] Listening on Journal Socket (/dev/log).
[[0;32m  OK  [0m] Created slice system-serial\x2dgetty.slice.
[[0;32m  OK  [0m] Listening on LVM2 metadata daemon socket.
[[0;32m  OK  [0m] Created slice system-devstack.slice.
[[0;32m  OK  [0m] Listening on Journal Socket.
         Starting Journal Service...
         Starting Load Kernel Modules...
         Starting Set the console keyboard layout...
         Mounting Huge Pages File System...
         Starting Monitoring of LVM2 mirrors…ng dmeventd or progress polling...
         Mounting Kernel Debug File System...
[    9.852889] Loading iSCSI transport class v2.0-870.
[    9.859155] iscsi: registered transport (tcp)
         Starting Uncomplicated firewall...
[    9.874923] iscsi: registered transport (iser)
         Starting Create list of required st…ce nodes for the current kernel...
[[0;32m  OK  [0m] Listening on /dev/initctl Compatibility Named Pipe.
[[0;32m  OK  [0m] Listening on udev Kernel Socket.
         Starting udev Coldplug all Devices...
[[0;32m  OK  [0m] Reached target Swap.
         Starting Remount Root and Kernel File Systems...
         Mounting POSIX Message Queue File System...
[[0;32m  OK  [0m] Started Journal Service.
[[0;32m  OK  [0m] Started Load Kernel Modules.
[[0;32m  OK  [0m] Mounted Huge Pages File System.
[[0;32m  OK  [0m] Mounted Kernel Debug File System.
[    9.968549] EXT4-fs (sda1): re-mounted. Opts: (null)
[[0;32m  OK  [0m] Started Uncomplicated firewall.
[[0;32m  OK  [0m] Started Create list of required sta…vice nodes for the current kernel.
[[0;32m  OK  [0m] Started Remount Root and Kernel File Systems.
[[0;32m  OK  [0m] Mounted POSIX Message Queue File System.
[[0;32m  OK  [0m] Started LVM2 metadata daemon.
         Starting Load/Save Random Seed...
         Starting Create Static Device Nodes in /dev...
         Mounting FUSE Control File System...
         Mounting Kernel Configuration File System...
         Starting Apply Kernel Variables...
         Starting Flush Journal to Persistent Storage...
[[0;32m  OK  [0m] Started Monitoring of LVM2 mirrors,…sing dmeventd or progress polling.
[[0;32m  OK  [0m] Started udev Coldplug all Devices.
[[0;32m  OK  [0m] Started Load/Save Random Seed.
[[0;32m  OK  [0m] Mounted FUSE Control File System.
[[0;32m  OK  [0m] Mounted Kernel Configuration File System.
[[0;32m  OK  [0m] Started Create Static Device Nodes in /dev.
         Starting udev Kernel Device Manager...
[[0;32m  OK  [0m] Started Apply Kernel Variables.
[[0;32m  OK  [0m] Started Set the console keyboard layout.
[[0;32m  OK  [0m] Reached target Local File Systems (Pre).
[[0;32m  OK  [0m] Reached target Local File Systems.
         Starting Set console font and keymap...
         Starting ebtables ruleset management...
         Starting AppArmor initialization...
         Starting Tell Plymouth To Write Out Runtime Data...
[[0;32m  OK  [0m] Started udev Kernel Device Manager.
[[0;32m  OK  [0m] Started Dispatch Password Requests to Console Directory Watch.
[[0;32m  OK  [0m] Reached target Local Encrypted Volumes.
[[0;32m  OK  [0m] Started Set console font and keymap.
[[0;32m  OK  [0m] Started Flush Journal to Persistent Storage.
         Starting Create Volatile Files and Directories...
[[0;32m  OK  [0m] Started Tell Plymouth To Write Out Runtime Data.
[[0;32m  OK  [0m] Started Create Volatile Files and Directories.
         Starting Update UTMP about System Boot/Shutdown...
[[0;32m  OK  [0m] Started Update UTMP about System Boot/Shutdown.
[[0;32m  OK  [0m] Started ebtables ruleset management.
[[0;32m  OK  [0m] Reached target Network (Pre).
         Starting Network Service...
[[0;32m  OK  [0m] Started Network Service.
         Starting Wait for Network to be Configured...
         Starting Network Name Resolution...
[[0;32m  OK  [0m] Found device /dev/ttyS0.
[[0;32m  OK  [0m] Started Network Name Resolution.
[[0;32m  OK  [0m] Reached target Host and Network Name Lookups.
[[0;32m  OK  [0m] Reached target Network.
[[0;32m  OK  [0m] Listening on Load/Save RF Kill Switch Status /dev/rfkill Watch.
[[0;32m  OK  [0m] Started AppArmor initialization.
         Starting Load AppArmor profiles managed internally by snapd...
[[0;32m  OK  [0m] Started Load AppArmor profiles managed internally by snapd.
[[0;32m  OK  [0m] Reached target System Initialization.
         Starting LXD - unix socket.
[[0;32m  OK  [0m] Started ACPI Events Check.
[[0;32m  OK  [0m] Started Daily apt download activities.
[[0;32m  OK  [0m] Started Daily apt upgrade and clean activities.
[[0;32m  OK  [0m] Reached target Paths.
[[0;32m  OK  [0m] Started Daily Cleanup of Temporary Directories.
[[0;32m  OK  [0m] Started Message of the Day.
[[0;32m  OK  [0m] Listening on UUID daemon activation socket.
[[0;32m  OK  [0m] Started Discard unused blocks once a week.
[[0;32m  OK  [0m] Reached target Timers.
         Starting Socket activation for snappy daemon.
[[0;32m  OK  [0m] Listening on Open-iSCSI iscsid Socket.
[[0;32m  OK  [0m] Listening on D-Bus System Message Bus Socket.
[[0;32m  OK  [0m] Listening on ACPID Listen Socket.
[[0;32m  OK  [0m] Listening on LXD - unix socket.
[[0;32m  OK  [0m] Listening on Socket activation for snappy daemon.
[[0;32m  OK  [0m] Reached target Sockets.
[[0;32m  OK  [0m] Reached target Basic System.
[[0;32m  OK  [0m] Started Regular background program processing daemon.
         Starting LXD - container startup/shutdown...
[[0;32m  OK  [0m] Started FUSE filesystem for LXC.
         Starting (i)SCSI target daemon...
         Starting System Logging Service...
[[0;32m  OK  [0m] Started D-Bus System Message Bus.
         Starting Dispatcher daemon for systemd-networkd...
[[0;32m  OK  [0m] Started Deferred execution scheduler.
         Starting Virtualbox guest utils...
         Starting Accounts Service...
[[0;32m  OK  [0m] Started irqbalance daemon.
         Starting LSB: Record successful boot for GRUB...
[[0;32m  OK  [0m] Started Devstack devstack@c-vol.service.
         Starting Login Service...
         Starting Snap Daemon...
[[0;32m  OK  [0m] Started System Logging Service.
[[0;32m  OK  [0m] Started LXD - container startup/shutdown.
[[0;32m  OK  [0m] Started Login Service.
[[0;32m  OK  [0m] Started Unattended Upgrades Shutdown.
         Starting Authorization Manager...
[[0;32m  OK  [0m] Created slice system-lvm2\x2dpvscan.slice.
         Starting LVM2 PV scan on device 8:33...
         Starting LVM2 PV scan on device 8:17...
[[0;32m  OK  [0m] Started Authorization Manager.
[[0;32m  OK  [0m] Started Accounts Service.
[[0;32m  OK  [0m] Started LSB: Record successful boot for GRUB.
[[0;32m  OK  [0m] Started (i)SCSI target daemon.
[[0;32m  OK  [0m] Started Virtualbox guest utils.
[[0;32m  OK  [0m] Started Dispatcher daemon for systemd-networkd.
[[0;32m  OK  [0m] Started Wait for Network to be Configured.
[[0;32m  OK  [0m] Reached target Network is Online.
         Starting OpenBSD Secure Shell server...
[[0;32m  OK  [0m] Reached target Remote File Systems (Pre).
[[0;32m  OK  [0m] Reached target Remote File Systems.
         Starting Permit User Sessions...
         Starting LSB: automatic crash report generation...
         Starting The Apache HTTP Server...
         Starting Availability of block devices...
         Starting LSB: Start/stop uWSGI server instance(s)...
[[0;32m  OK  [0m] Started Device-mapper event daemon.
[[0;32m  OK  [0m] Started Availability of block devices.
[[0;32m  OK  [0m] Started Permit User Sessions.
         Starting Terminate Plymouth Boot Screen...
         Starting Hold until boot process finishes up...
[[0;32m  OK  [0m] Started Hold until boot process finishes up.
         Starting Set console scheme...
[[0;32m  OK  [0m] Started Serial Getty on ttyS0.
[[0;32m  OK  [0m] Started Terminate Plymouth Boot Screen.
[[0;32m  OK  [0m] Started OpenBSD Secure Shell server.
[[0;32m  OK  [0m] Started Set console scheme.
[[0;32m  OK  [0m] Created slice system-getty.slice.
[[0;32m  OK  [0m] Started Getty on tty1.
[[0;32m  OK  [0m] Reached target Login Prompts.
[[0;32m  OK  [0m] Started Snap Daemon.
         Starting Wait until snapd is fully seeded...
[[0;32m  OK  [0m] Started LSB: automatic crash report generation.
[[0;32m  OK  [0m] Started Wait until snapd is fully seeded.
[[0;32m  OK  [0m] Started LVM2 PV scan on device 8:17.
[[0;32m  OK  [0m] Started LVM2 PV scan on device 8:33.
[[0;32m  OK  [0m] Created slice User Slice of vagrant.
[[0;32m  OK  [0m] Started LSB: Start/stop uWSGI server instance(s).
         Starting User Manager for UID 1000...
[[0;32m  OK  [0m] Started Session 1 of user vagrant.
[[0;32m  OK  [0m] Started The Apache HTTP Server.
[[0;32m  OK  [0m] Reached target Multi-User System.
[[0;32m  OK  [0m] Reached target Graphical Interface.
         Starting Update UTMP about System Runlevel Changes...
[[0;32m  OK  [0m] Started Update UTMP about System Runlevel Changes.
[[0;32m  OK  [0m] Started User Manager for UID 1000.

Ubuntu 18.04.4 LTS ubuntu-bionic1 ttyS0

ubuntu-bionic1 login: 